<?xml version="1.0" encoding="UTF-8"?>
<robot generator="Robot 7.4.1 (Python 3.10.5 on win32)" generated="2026-02-21T21:20:16.674332" rpa="false" schemaversion="5">
<suite id="s1" name="Tests" source="C:\Users\91799\PycharmProjects\WIPRO 2026\Day23\robot-framework\tests">
<suite id="s1-s1" name="00 User Registration" source="C:\Users\91799\PycharmProjects\WIPRO 2026\Day23\robot-framework\tests\00_user_registration.robot">
<kw name="Open Application" owner="common" type="SETUP">
<kw name="Open Browser" owner="SeleniumLibrary">
<msg time="2026-02-21T21:20:16.885283" level="INFO">Opening browser 'chrome' to base url 'https://practice.automationtesting.in/'.</msg>
<arg>${URL}</arg>
<arg>${browser}</arg>
<doc>Opens a new browser instance to the optional ``url``.</doc>
<status status="PASS" start="2026-02-21T21:20:16.885283" elapsed="5.410701"/>
</kw>
<kw name="Maximize Browser Window" owner="SeleniumLibrary">
<doc>Maximizes current browser window.</doc>
<status status="PASS" start="2026-02-21T21:20:22.297008" elapsed="0.067606"/>
</kw>
<kw name="Set Selenium Timeout" owner="SeleniumLibrary">
<arg>${TIMEOUT}</arg>
<doc>Sets the timeout that is used by various keywords.</doc>
<status status="PASS" start="2026-02-21T21:20:22.364614" elapsed="0.001035"/>
</kw>
<status status="PASS" start="2026-02-21T21:20:16.884285" elapsed="5.481364"/>
</kw>
<test id="s1-s1-t1" name="User1" line="10">
<kw name="Register User">
<if>
<branch type="IF" condition="'${EXPECTED}' != 'PASS'">
<kw name="Skip" owner="BuiltIn">
<arg>Not registration user</arg>
<doc>Skips the rest of the current test.</doc>
<status status="NOT RUN" start="2026-02-21T21:20:22.367617" elapsed="0.000000"/>
</kw>
<status status="NOT RUN" start="2026-02-21T21:20:22.367617" elapsed="0.000000"/>
</branch>
<status status="PASS" start="2026-02-21T21:20:22.367617" elapsed="0.000000"/>
</if>
<kw name="Go To" owner="SeleniumLibrary">
<msg time="2026-02-21T21:20:22.367617" level="INFO">Opening url 'https://practice.automationtesting.in/my-account/'</msg>
<arg>https://practice.automationtesting.in/my-account/</arg>
<doc>Navigates the current browser window to the provided ``url``.</doc>
<status status="PASS" start="2026-02-21T21:20:22.367617" elapsed="2.903194"/>
</kw>
<kw name="Wait Until Page Contains Element" owner="SeleniumLibrary">
<arg>id=reg_email</arg>
<doc>Waits until the element ``locator`` appears on the current page.</doc>
<status status="PASS" start="2026-02-21T21:20:25.270811" elapsed="0.029856"/>
</kw>
<kw name="Input Text" owner="SeleniumLibrary">
<msg time="2026-02-21T21:20:25.301746" level="INFO">Typing text 'testuser12@test.com' into text field 'id=reg_email'.</msg>
<arg>id=reg_email</arg>
<arg>${EMAIL}</arg>
<doc>Types the given ``text`` into the text field identified by ``locator``.</doc>
<status status="PASS" start="2026-02-21T21:20:25.300667" elapsed="0.391780"/>
</kw>
<kw name="Textfield Value Should Be" owner="SeleniumLibrary">
<msg time="2026-02-21T21:20:25.746577" level="INFO">Content of text field 'id=reg_email' is 'testuser12@test.com'.</msg>
<arg>id=reg_email</arg>
<arg>${EMAIL}</arg>
<doc>Verifies text field ``locator`` has exactly text ``expected``.</doc>
<status status="PASS" start="2026-02-21T21:20:25.692447" elapsed="0.055242"/>
</kw>
<kw name="Input Text" owner="SeleniumLibrary">
<msg time="2026-02-21T21:20:25.747689" level="INFO">Typing text 'Omkar@2003' into text field 'id=reg_password'.</msg>
<arg>id=reg_password</arg>
<arg>${PASSWORD}</arg>
<doc>Types the given ``text`` into the text field identified by ``locator``.</doc>
<status status="PASS" start="2026-02-21T21:20:25.747689" elapsed="0.257702"/>
</kw>
<kw name="Element Should Be Visible" owner="SeleniumLibrary">
<msg time="2026-02-21T21:20:26.043102" level="INFO">Element 'id=reg_password' is displayed.</msg>
<arg>id=reg_password</arg>
<doc>Verifies that the element identified by ``locator`` is visible.</doc>
<status status="PASS" start="2026-02-21T21:20:26.005391" elapsed="0.037711"/>
</kw>
<kw name="Click Button" owner="SeleniumLibrary">
<msg time="2026-02-21T21:20:26.043102" level="INFO">Clicking button 'name=register'.</msg>
<arg>name=register</arg>
<doc>Clicks the button identified by ``locator``.</doc>
<status status="PASS" start="2026-02-21T21:20:26.043102" elapsed="3.606502"/>
</kw>
<kw name="Wait Until Keyword Succeeds" owner="BuiltIn">
<kw name="Check Registration Result">
<kw name="Run Keyword And Return Status" owner="BuiltIn">
<kw name="Page Should Contain" owner="SeleniumLibrary">
<msg time="2026-02-21T21:20:29.689845" level="INFO">Current page contains text 'Logout'.</msg>
<arg>Logout</arg>
<doc>Verifies that current page contains ``text``.</doc>
<status status="PASS" start="2026-02-21T21:20:29.651112" elapsed="0.038733"/>
</kw>
<msg time="2026-02-21T21:20:29.689845" level="INFO">${logout} = True</msg>
<var>${logout}</var>
<arg>Page Should Contain</arg>
<arg>Logout</arg>
<doc>Runs the specified keyword and returns the status as a Boolean value.</doc>
<status status="PASS" start="2026-02-21T21:20:29.651112" elapsed="0.038733"/>
</kw>
<kw name="Run Keyword And Return Status" owner="BuiltIn">
<kw name="Page Should Contain" owner="SeleniumLibrary">
<msg time="2026-02-21T21:20:30.844189" level="INFO" html="true">&lt;/td&gt;&lt;/tr&gt;&lt;tr&gt;&lt;td colspan="3"&gt;&lt;a href="selenium-screenshot-6.png"&gt;&lt;img src="selenium-screenshot-6.png" width="800px"&gt;&lt;/a&gt;</msg>
<msg time="2026-02-21T21:20:30.844189" level="FAIL">Page should have contained text 'already registered' but did not.</msg>
<arg>already registered</arg>
<doc>Verifies that current page contains ``text``.</doc>
<status status="FAIL" start="2026-02-21T21:20:29.690462" elapsed="1.154730">Page should have contained text 'already registered' but did not.</status>
</kw>
<msg time="2026-02-21T21:20:30.846189" level="INFO">${exists} = False</msg>
<var>${exists}</var>
<arg>Page Should Contain</arg>
<arg>already registered</arg>
<doc>Runs the specified keyword and returns the status as a Boolean value.</doc>
<status status="PASS" start="2026-02-21T21:20:29.690462" elapsed="1.155727"/>
</kw>
<if>
<branch type="IF" condition="${logout} or ${exists}">
<kw name="Log" owner="BuiltIn">
<msg time="2026-02-21T21:20:30.846189" level="INFO">Registration successful (new user or already registered)</msg>
<arg>Registration successful (new user or already registered)</arg>
<doc>Logs the given message with the given level.</doc>
<status status="PASS" start="2026-02-21T21:20:30.846189" elapsed="0.000000"/>
</kw>
<status status="PASS" start="2026-02-21T21:20:30.846189" elapsed="0.000000"/>
</branch>
<branch type="ELSE">
<kw name="Fail" owner="BuiltIn">
<arg>Registration failed - no expected result found</arg>
<doc>Fails the test with the given message and optionally alters its tags.</doc>
<status status="NOT RUN" start="2026-02-21T21:20:30.847161" elapsed="0.000000"/>
</kw>
<status status="NOT RUN" start="2026-02-21T21:20:30.846189" elapsed="0.000972"/>
</branch>
<status status="PASS" start="2026-02-21T21:20:30.846189" elapsed="0.000972"/>
</if>
<status status="PASS" start="2026-02-21T21:20:29.650600" elapsed="1.196561"/>
</kw>
<arg>15s</arg>
<arg>2s</arg>
<arg>Check Registration Result</arg>
<doc>Runs the specified keyword and retries if it fails.</doc>
<status status="PASS" start="2026-02-21T21:20:29.649604" elapsed="1.197557"/>
</kw>
<arg>EMAIL=testuser12@test.com</arg>
<arg>PASSWORD=Omkar@2003</arg>
<arg>FIRSTNAME=Omkar</arg>
<arg>LASTNAME=Reddy</arg>
<arg>PHONE=9876543210</arg>
<arg>CITY=Hyderabad</arg>
<arg>POSTCODE=500001</arg>
<arg>EXPECTED=PASS</arg>
<status status="PASS" start="2026-02-21T21:20:22.367617" elapsed="8.479544"/>
</kw>
<status status="PASS" start="2026-02-21T21:20:22.365649" elapsed="8.481512"/>
</test>
<kw name="Close Browser" owner="SeleniumLibrary" type="TEARDOWN">
<doc>Closes the current browser.</doc>
<status status="PASS" start="2026-02-21T21:20:30.848493" elapsed="2.145812"/>
</kw>
<status status="PASS" start="2026-02-21T21:20:16.697428" elapsed="16.296877"/>
</suite>
<suite id="s1-s2" name="01 Login Validation" source="C:\Users\91799\PycharmProjects\WIPRO 2026\Day23\robot-framework\tests\01_login_validation.robot">
<kw name="Open Application" owner="common" type="SETUP">
<kw name="Open Browser" owner="SeleniumLibrary">
<msg time="2026-02-21T21:20:33.009002" level="INFO">Opening browser 'chrome' to base url 'https://practice.automationtesting.in/'.</msg>
<arg>${URL}</arg>
<arg>${browser}</arg>
<doc>Opens a new browser instance to the optional ``url``.</doc>
<status status="PASS" start="2026-02-21T21:20:33.009002" elapsed="5.048533"/>
</kw>
<kw name="Maximize Browser Window" owner="SeleniumLibrary">
<doc>Maximizes current browser window.</doc>
<status status="PASS" start="2026-02-21T21:20:38.058535" elapsed="0.051836"/>
</kw>
<kw name="Set Selenium Timeout" owner="SeleniumLibrary">
<arg>${TIMEOUT}</arg>
<doc>Sets the timeout that is used by various keywords.</doc>
<status status="PASS" start="2026-02-21T21:20:38.111383" elapsed="0.006165"/>
</kw>
<status status="PASS" start="2026-02-21T21:20:33.009002" elapsed="5.108546"/>
</kw>
<test id="s1-s2-t1" name="User1" line="11">
<kw name="Go To Fresh Login Page" type="SETUP">
<kw name="Go To" owner="SeleniumLibrary">
<msg time="2026-02-21T21:20:38.120552" level="INFO">Opening url 'https://practice.automationtesting.in/my-account/'</msg>
<arg>https://practice.automationtesting.in/my-account/</arg>
<doc>Navigates the current browser window to the provided ``url``.</doc>
<status status="PASS" start="2026-02-21T21:20:38.120552" elapsed="2.599898"/>
</kw>
<kw name="Wait Until Page Contains Element" owner="SeleniumLibrary">
<arg>id=username</arg>
<doc>Waits until the element ``locator`` appears on the current page.</doc>
<status status="PASS" start="2026-02-21T21:20:40.720450" elapsed="0.020587"/>
</kw>
<kw name="Run Keyword And Ignore Error" owner="BuiltIn">
<kw name="Logout User" owner="login_keywords">
<kw name="Go To" owner="SeleniumLibrary">
<msg time="2026-02-21T21:20:40.743033" level="INFO">Opening url 'https://practice.automationtesting.in/my-account/'</msg>
<arg>https://practice.automationtesting.in/my-account/</arg>
<doc>Navigates the current browser window to the provided ``url``.</doc>
<status status="PASS" start="2026-02-21T21:20:40.743033" elapsed="2.069620"/>
</kw>
<kw name="Wait Until Page Contains Element" owner="SeleniumLibrary">
<arg>css=body</arg>
<doc>Waits until the element ``locator`` appears on the current page.</doc>
<status status="PASS" start="2026-02-21T21:20:42.812653" elapsed="0.017960"/>
</kw>
<kw name="Run Keyword And Ignore Error" owner="BuiltIn">
<kw name="Click Element" owner="SeleniumLibrary">
<msg time="2026-02-21T21:20:42.832211" level="INFO">Clicking element 'xpath=//a[text()='Logout']'.</msg>
<msg time="2026-02-21T21:20:43.101786" level="INFO" html="true">&lt;/td&gt;&lt;/tr&gt;&lt;tr&gt;&lt;td colspan="3"&gt;&lt;a href="selenium-screenshot-7.png"&gt;&lt;img src="selenium-screenshot-7.png" width="800px"&gt;&lt;/a&gt;</msg>
<msg time="2026-02-21T21:20:43.101786" level="FAIL">Element with locator 'xpath=//a[text()='Logout']' not found.</msg>
<arg>xpath=//a[text()='Logout']</arg>
<doc>Click the element identified by ``locator``.</doc>
<status status="FAIL" start="2026-02-21T21:20:42.832211" elapsed="0.272610">Element with locator 'xpath=//a[text()='Logout']' not found.</status>
</kw>
<arg>Click Element</arg>
<arg>xpath=//a[text()='Logout']</arg>
<doc>Runs the given keyword with the given arguments and ignores possible error.</doc>
<status status="PASS" start="2026-02-21T21:20:42.831175" elapsed="0.274649"/>
</kw>
<kw name="Wait Until Element Is Visible" owner="SeleniumLibrary">
<arg>id=username</arg>
<arg>15s</arg>
<doc>Waits until the element ``locator`` is visible.</doc>
<status status="PASS" start="2026-02-21T21:20:43.105824" elapsed="0.036128"/>
</kw>
<status status="PASS" start="2026-02-21T21:20:40.743033" elapsed="2.399916"/>
</kw>
<arg>Logout User</arg>
<doc>Runs the given keyword with the given arguments and ignores possible error.</doc>
<status status="PASS" start="2026-02-21T21:20:40.742068" elapsed="2.400881"/>
</kw>
<kw name="Go To" owner="SeleniumLibrary">
<msg time="2026-02-21T21:20:43.142949" level="INFO">Opening url 'https://practice.automationtesting.in/my-account/'</msg>
<arg>https://practice.automationtesting.in/my-account/</arg>
<doc>Navigates the current browser window to the provided ``url``.</doc>
<status status="PASS" start="2026-02-21T21:20:43.142949" elapsed="2.441896"/>
</kw>
<kw name="Wait Until Element Is Visible" owner="SeleniumLibrary">
<arg>id=username</arg>
<doc>Waits until the element ``locator`` is visible.</doc>
<status status="PASS" start="2026-02-21T21:20:45.585844" elapsed="0.034442"/>
</kw>
<status status="PASS" start="2026-02-21T21:20:38.119549" elapsed="7.500737"/>
</kw>
<kw name="Login Validation Template">
<kw name="Login User" owner="login_keywords">
<kw name="Input Text" owner="SeleniumLibrary">
<msg time="2026-02-21T21:20:45.622806" level="INFO">Typing text 'testuser1@test.com' into text field 'id=username'.</msg>
<arg>id=username</arg>
<arg>${EMAIL}</arg>
<doc>Types the given ``text`` into the text field identified by ``locator``.</doc>
<status status="PASS" start="2026-02-21T21:20:45.622806" elapsed="0.331028"/>
</kw>
<kw name="Input Text" owner="SeleniumLibrary">
<msg time="2026-02-21T21:20:45.954834" level="INFO">Typing text 'Omkar@2003' into text field 'id=password'.</msg>
<arg>id=password</arg>
<arg>${PASSWORD}</arg>
<doc>Types the given ``text`` into the text field identified by ``locator``.</doc>
<status status="PASS" start="2026-02-21T21:20:45.954834" elapsed="0.207179"/>
</kw>
<kw name="Click Button" owner="SeleniumLibrary">
<msg time="2026-02-21T21:20:46.163027" level="INFO">Clicking button 'name=login'.</msg>
<arg>name=login</arg>
<doc>Clicks the button identified by ``locator``.</doc>
<status status="PASS" start="2026-02-21T21:20:46.163027" elapsed="3.314663"/>
</kw>
<arg>${EMAIL}</arg>
<arg>${PASSWORD}</arg>
<status status="PASS" start="2026-02-21T21:20:45.621793" elapsed="3.855897"/>
</kw>
<kw name="Run Keyword And Return Status" owner="BuiltIn">
<kw name="Wait Until Element Is Visible" owner="SeleniumLibrary">
<arg>css=div.woocommerce-MyAccount-content</arg>
<arg>5s</arg>
<doc>Waits until the element ``locator`` is visible.</doc>
<status status="PASS" start="2026-02-21T21:20:49.479687" elapsed="0.045053"/>
</kw>
<msg time="2026-02-21T21:20:49.524740" level="INFO">${dashboard_visible} = True</msg>
<var>${dashboard_visible}</var>
<arg>Wait Until Element Is Visible</arg>
<arg>css=div.woocommerce-MyAccount-content</arg>
<arg>5s</arg>
<doc>Runs the specified keyword and returns the status as a Boolean value.</doc>
<status status="PASS" start="2026-02-21T21:20:49.478688" elapsed="0.046052"/>
</kw>
<if>
<branch type="IF" condition="'${EXPECTED}'=='PASS'">
<kw name="Should Be True" owner="BuiltIn">
<arg>${dashboard_visible}</arg>
<doc>Fails if the given condition is not true.</doc>
<status status="PASS" start="2026-02-21T21:20:49.524740" elapsed="0.000000"/>
</kw>
<kw name="Logout User" owner="login_keywords">
<kw name="Go To" owner="SeleniumLibrary">
<msg time="2026-02-21T21:20:49.525773" level="INFO">Opening url 'https://practice.automationtesting.in/my-account/'</msg>
<arg>https://practice.automationtesting.in/my-account/</arg>
<doc>Navigates the current browser window to the provided ``url``.</doc>
<status status="PASS" start="2026-02-21T21:20:49.525773" elapsed="2.459960"/>
</kw>
<kw name="Wait Until Page Contains Element" owner="SeleniumLibrary">
<arg>css=body</arg>
<doc>Waits until the element ``locator`` appears on the current page.</doc>
<status status="PASS" start="2026-02-21T21:20:51.986708" elapsed="0.021743"/>
</kw>
<kw name="Run Keyword And Ignore Error" owner="BuiltIn">
<kw name="Click Element" owner="SeleniumLibrary">
<msg time="2026-02-21T21:20:52.009430" level="INFO">Clicking element 'xpath=//a[text()='Logout']'.</msg>
<arg>xpath=//a[text()='Logout']</arg>
<doc>Click the element identified by ``locator``.</doc>
<status status="PASS" start="2026-02-21T21:20:52.009430" elapsed="3.281987"/>
</kw>
<arg>Click Element</arg>
<arg>xpath=//a[text()='Logout']</arg>
<doc>Runs the given keyword with the given arguments and ignores possible error.</doc>
<status status="PASS" start="2026-02-21T21:20:52.009430" elapsed="3.282991"/>
</kw>
<kw name="Wait Until Element Is Visible" owner="SeleniumLibrary">
<arg>id=username</arg>
<arg>15s</arg>
<doc>Waits until the element ``locator`` is visible.</doc>
<status status="PASS" start="2026-02-21T21:20:55.292421" elapsed="0.022287"/>
</kw>
<status status="PASS" start="2026-02-21T21:20:49.524740" elapsed="5.789968"/>
</kw>
<kw name="Wait Until Element Is Visible" owner="SeleniumLibrary">
<arg>id=username</arg>
<doc>Waits until the element ``locator`` is visible.</doc>
<status status="PASS" start="2026-02-21T21:20:55.314708" elapsed="0.021922"/>
</kw>
<status status="PASS" start="2026-02-21T21:20:49.524740" elapsed="5.811890"/>
</branch>
<status status="PASS" start="2026-02-21T21:20:49.524740" elapsed="5.811890"/>
</if>
<if>
<branch type="IF" condition="'${EXPECTED}'=='FAIL'">
<kw name="Should Not Be True" owner="BuiltIn">
<arg>${dashboard_visible}</arg>
<doc>Fails if the given condition is true.</doc>
<status status="NOT RUN" start="2026-02-21T21:20:55.337666" elapsed="0.000000"/>
</kw>
<status status="NOT RUN" start="2026-02-21T21:20:55.336630" elapsed="0.001036"/>
</branch>
<status status="PASS" start="2026-02-21T21:20:55.336630" elapsed="0.001036"/>
</if>
<arg>EMAIL=testuser1@test.com</arg>
<arg>PASSWORD=Omkar@2003</arg>
<arg>FIRSTNAME=Omkar</arg>
<arg>LASTNAME=Reddy</arg>
<arg>PHONE=9876543210</arg>
<arg>CITY=Hyderabad</arg>
<arg>POSTCODE=500001</arg>
<arg>EXPECTED=PASS</arg>
<status status="PASS" start="2026-02-21T21:20:45.621292" elapsed="9.716374"/>
</kw>
<status status="PASS" start="2026-02-21T21:20:38.117548" elapsed="17.220118"/>
</test>
<test id="s1-s2-t2" name="User2" line="11">
<kw name="Go To Fresh Login Page" type="SETUP">
<kw name="Go To" owner="SeleniumLibrary">
<msg time="2026-02-21T21:20:55.340208" level="INFO">Opening url 'https://practice.automationtesting.in/my-account/'</msg>
<arg>https://practice.automationtesting.in/my-account/</arg>
<doc>Navigates the current browser window to the provided ``url``.</doc>
<status status="PASS" start="2026-02-21T21:20:55.340208" elapsed="2.397516"/>
</kw>
<kw name="Wait Until Page Contains Element" owner="SeleniumLibrary">
<arg>id=username</arg>
<doc>Waits until the element ``locator`` appears on the current page.</doc>
<status status="PASS" start="2026-02-21T21:20:57.737724" elapsed="0.015090"/>
</kw>
<kw name="Run Keyword And Ignore Error" owner="BuiltIn">
<kw name="Logout User" owner="login_keywords">
<kw name="Go To" owner="SeleniumLibrary">
<msg time="2026-02-21T21:20:57.753804" level="INFO">Opening url 'https://practice.automationtesting.in/my-account/'</msg>
<arg>https://practice.automationtesting.in/my-account/</arg>
<doc>Navigates the current browser window to the provided ``url``.</doc>
<status status="PASS" start="2026-02-21T21:20:57.753804" elapsed="1.107319"/>
</kw>
<kw name="Wait Until Page Contains Element" owner="SeleniumLibrary">
<arg>css=body</arg>
<doc>Waits until the element ``locator`` appears on the current page.</doc>
<status status="PASS" start="2026-02-21T21:20:58.862133" elapsed="0.009535"/>
</kw>
<kw name="Run Keyword And Ignore Error" owner="BuiltIn">
<kw name="Click Element" owner="SeleniumLibrary">
<msg time="2026-02-21T21:20:58.872679" level="INFO">Clicking element 'xpath=//a[text()='Logout']'.</msg>
<msg time="2026-02-21T21:20:59.238913" level="INFO" html="true">&lt;/td&gt;&lt;/tr&gt;&lt;tr&gt;&lt;td colspan="3"&gt;&lt;a href="selenium-screenshot-8.png"&gt;&lt;img src="selenium-screenshot-8.png" width="800px"&gt;&lt;/a&gt;</msg>
<msg time="2026-02-21T21:20:59.238913" level="FAIL">Element with locator 'xpath=//a[text()='Logout']' not found.</msg>
<arg>xpath=//a[text()='Logout']</arg>
<doc>Click the element identified by ``locator``.</doc>
<status status="FAIL" start="2026-02-21T21:20:58.872679" elapsed="0.366234">Element with locator 'xpath=//a[text()='Logout']' not found.</status>
</kw>
<arg>Click Element</arg>
<arg>xpath=//a[text()='Logout']</arg>
<doc>Runs the given keyword with the given arguments and ignores possible error.</doc>
<status status="PASS" start="2026-02-21T21:20:58.872679" elapsed="0.366234"/>
</kw>
<kw name="Wait Until Element Is Visible" owner="SeleniumLibrary">
<arg>id=username</arg>
<arg>15s</arg>
<doc>Waits until the element ``locator`` is visible.</doc>
<status status="PASS" start="2026-02-21T21:20:59.240418" elapsed="0.021195"/>
</kw>
<status status="PASS" start="2026-02-21T21:20:57.752814" elapsed="1.508799"/>
</kw>
<arg>Logout User</arg>
<doc>Runs the given keyword with the given arguments and ignores possible error.</doc>
<status status="PASS" start="2026-02-21T21:20:57.752814" elapsed="1.508799"/>
</kw>
<kw name="Go To" owner="SeleniumLibrary">
<msg time="2026-02-21T21:20:59.261613" level="INFO">Opening url 'https://practice.automationtesting.in/my-account/'</msg>
<arg>https://practice.automationtesting.in/my-account/</arg>
<doc>Navigates the current browser window to the provided ``url``.</doc>
<status status="PASS" start="2026-02-21T21:20:59.261613" elapsed="1.397717"/>
</kw>
<kw name="Wait Until Element Is Visible" owner="SeleniumLibrary">
<arg>id=username</arg>
<doc>Waits until the element ``locator`` is visible.</doc>
<status status="PASS" start="2026-02-21T21:21:00.659330" elapsed="0.029446"/>
</kw>
<status status="PASS" start="2026-02-21T21:20:55.338670" elapsed="5.350106"/>
</kw>
<kw name="Login Validation Template">
<kw name="Login User" owner="login_keywords">
<kw name="Input Text" owner="SeleniumLibrary">
<msg time="2026-02-21T21:21:00.690391" level="INFO">Typing text 'testuser2@test.com' into text field 'id=username'.</msg>
<arg>id=username</arg>
<arg>${EMAIL}</arg>
<doc>Types the given ``text`` into the text field identified by ``locator``.</doc>
<status status="PASS" start="2026-02-21T21:21:00.690391" elapsed="0.223750"/>
</kw>
<kw name="Input Text" owner="SeleniumLibrary">
<msg time="2026-02-21T21:21:00.914141" level="INFO">Typing text 'Wrong123' into text field 'id=password'.</msg>
<arg>id=password</arg>
<arg>${PASSWORD}</arg>
<doc>Types the given ``text`` into the text field identified by ``locator``.</doc>
<status status="PASS" start="2026-02-21T21:21:00.914141" elapsed="0.166166"/>
</kw>
<kw name="Click Button" owner="SeleniumLibrary">
<msg time="2026-02-21T21:21:01.080811" level="INFO">Clicking button 'name=login'.</msg>
<arg>name=login</arg>
<doc>Clicks the button identified by ``locator``.</doc>
<status status="PASS" start="2026-02-21T21:21:01.080307" elapsed="1.629416"/>
</kw>
<arg>${EMAIL}</arg>
<arg>${PASSWORD}</arg>
<status status="PASS" start="2026-02-21T21:21:00.690391" elapsed="2.019332"/>
</kw>
<kw name="Run Keyword And Return Status" owner="BuiltIn">
<kw name="Wait Until Element Is Visible" owner="SeleniumLibrary">
<msg time="2026-02-21T21:21:08.110492" level="INFO" html="true">&lt;/td&gt;&lt;/tr&gt;&lt;tr&gt;&lt;td colspan="3"&gt;&lt;a href="selenium-screenshot-9.png"&gt;&lt;img src="selenium-screenshot-9.png" width="800px"&gt;&lt;/a&gt;</msg>
<msg time="2026-02-21T21:21:08.110492" level="FAIL">Element 'css=div.woocommerce-MyAccount-content' not visible after 5 seconds.</msg>
<arg>css=div.woocommerce-MyAccount-content</arg>
<arg>5s</arg>
<doc>Waits until the element ``locator`` is visible.</doc>
<status status="FAIL" start="2026-02-21T21:21:02.710842" elapsed="5.400660">Element 'css=div.woocommerce-MyAccount-content' not visible after 5 seconds.</status>
</kw>
<msg time="2026-02-21T21:21:08.111502" level="INFO">${dashboard_visible} = False</msg>
<var>${dashboard_visible}</var>
<arg>Wait Until Element Is Visible</arg>
<arg>css=div.woocommerce-MyAccount-content</arg>
<arg>5s</arg>
<doc>Runs the specified keyword and returns the status as a Boolean value.</doc>
<status status="PASS" start="2026-02-21T21:21:02.709723" elapsed="5.401779"/>
</kw>
<if>
<branch type="IF" condition="'${EXPECTED}'=='PASS'">
<kw name="Should Be True" owner="BuiltIn">
<arg>${dashboard_visible}</arg>
<doc>Fails if the given condition is not true.</doc>
<status status="NOT RUN" start="2026-02-21T21:21:08.111502" elapsed="0.000000"/>
</kw>
<kw name="Logout User" owner="login_keywords">
<status status="NOT RUN" start="2026-02-21T21:21:08.111502" elapsed="0.000000"/>
</kw>
<kw name="Wait Until Element Is Visible" owner="SeleniumLibrary">
<arg>id=username</arg>
<doc>Waits until the element ``locator`` is visible.</doc>
<status status="NOT RUN" start="2026-02-21T21:21:08.112499" elapsed="0.000000"/>
</kw>
<status status="NOT RUN" start="2026-02-21T21:21:08.111502" elapsed="0.000997"/>
</branch>
<status status="PASS" start="2026-02-21T21:21:08.111502" elapsed="0.000997"/>
</if>
<if>
<branch type="IF" condition="'${EXPECTED}'=='FAIL'">
<kw name="Should Not Be True" owner="BuiltIn">
<arg>${dashboard_visible}</arg>
<doc>Fails if the given condition is true.</doc>
<status status="PASS" start="2026-02-21T21:21:08.112499" elapsed="0.000000"/>
</kw>
<status status="PASS" start="2026-02-21T21:21:08.112499" elapsed="0.000000"/>
</branch>
<status status="PASS" start="2026-02-21T21:21:08.112499" elapsed="0.000000"/>
</if>
<arg>EMAIL=testuser2@test.com</arg>
<arg>PASSWORD=Wrong123</arg>
<arg>FIRSTNAME=</arg>
<arg>LASTNAME=</arg>
<arg>PHONE=9876543222</arg>
<arg>CITY=Chennai</arg>
<arg>POSTCODE=600001</arg>
<arg>EXPECTED=FAIL</arg>
<status status="PASS" start="2026-02-21T21:21:00.688776" elapsed="7.423723"/>
</kw>
<status status="PASS" start="2026-02-21T21:20:55.338670" elapsed="12.774828"/>
</test>
<test id="s1-s2-t3" name="User3" line="11">
<kw name="Go To Fresh Login Page" type="SETUP">
<kw name="Go To" owner="SeleniumLibrary">
<msg time="2026-02-21T21:21:08.114535" level="INFO">Opening url 'https://practice.automationtesting.in/my-account/'</msg>
<arg>https://practice.automationtesting.in/my-account/</arg>
<doc>Navigates the current browser window to the provided ``url``.</doc>
<status status="PASS" start="2026-02-21T21:21:08.114535" elapsed="1.405517"/>
</kw>
<kw name="Wait Until Page Contains Element" owner="SeleniumLibrary">
<arg>id=username</arg>
<doc>Waits until the element ``locator`` appears on the current page.</doc>
<status status="PASS" start="2026-02-21T21:21:09.520052" elapsed="0.016224"/>
</kw>
<kw name="Run Keyword And Ignore Error" owner="BuiltIn">
<kw name="Logout User" owner="login_keywords">
<kw name="Go To" owner="SeleniumLibrary">
<msg time="2026-02-21T21:21:09.537277" level="INFO">Opening url 'https://practice.automationtesting.in/my-account/'</msg>
<arg>https://practice.automationtesting.in/my-account/</arg>
<doc>Navigates the current browser window to the provided ``url``.</doc>
<status status="PASS" start="2026-02-21T21:21:09.537277" elapsed="1.111843"/>
</kw>
<kw name="Wait Until Page Contains Element" owner="SeleniumLibrary">
<arg>css=body</arg>
<doc>Waits until the element ``locator`` appears on the current page.</doc>
<status status="PASS" start="2026-02-21T21:21:10.649120" elapsed="0.038767"/>
</kw>
<kw name="Run Keyword And Ignore Error" owner="BuiltIn">
<kw name="Click Element" owner="SeleniumLibrary">
<msg time="2026-02-21T21:21:10.690414" level="INFO">Clicking element 'xpath=//a[text()='Logout']'.</msg>
<msg time="2026-02-21T21:21:11.078109" level="INFO" html="true">&lt;/td&gt;&lt;/tr&gt;&lt;tr&gt;&lt;td colspan="3"&gt;&lt;a href="selenium-screenshot-10.png"&gt;&lt;img src="selenium-screenshot-10.png" width="800px"&gt;&lt;/a&gt;</msg>
<msg time="2026-02-21T21:21:11.078109" level="FAIL">Element with locator 'xpath=//a[text()='Logout']' not found.</msg>
<arg>xpath=//a[text()='Logout']</arg>
<doc>Click the element identified by ``locator``.</doc>
<status status="FAIL" start="2026-02-21T21:21:10.688903" elapsed="0.389206">Element with locator 'xpath=//a[text()='Logout']' not found.</status>
</kw>
<arg>Click Element</arg>
<arg>xpath=//a[text()='Logout']</arg>
<doc>Runs the given keyword with the given arguments and ignores possible error.</doc>
<status status="PASS" start="2026-02-21T21:21:10.688903" elapsed="0.389206"/>
</kw>
<kw name="Wait Until Element Is Visible" owner="SeleniumLibrary">
<arg>id=username</arg>
<arg>15s</arg>
<doc>Waits until the element ``locator`` is visible.</doc>
<status status="PASS" start="2026-02-21T21:21:11.079107" elapsed="0.031269"/>
</kw>
<status status="PASS" start="2026-02-21T21:21:09.537277" elapsed="1.573099"/>
</kw>
<arg>Logout User</arg>
<doc>Runs the given keyword with the given arguments and ignores possible error.</doc>
<status status="PASS" start="2026-02-21T21:21:09.537277" elapsed="1.573099"/>
</kw>
<kw name="Go To" owner="SeleniumLibrary">
<msg time="2026-02-21T21:21:11.111420" level="INFO">Opening url 'https://practice.automationtesting.in/my-account/'</msg>
<arg>https://practice.automationtesting.in/my-account/</arg>
<doc>Navigates the current browser window to the provided ``url``.</doc>
<status status="PASS" start="2026-02-21T21:21:11.110376" elapsed="1.366830"/>
</kw>
<kw name="Wait Until Element Is Visible" owner="SeleniumLibrary">
<arg>id=username</arg>
<doc>Waits until the element ``locator`` is visible.</doc>
<status status="PASS" start="2026-02-21T21:21:12.478231" elapsed="0.035918"/>
</kw>
<status status="PASS" start="2026-02-21T21:21:08.114535" elapsed="4.399614"/>
</kw>
<kw name="Login Validation Template">
<kw name="Login User" owner="login_keywords">
<kw name="Input Text" owner="SeleniumLibrary">
<msg time="2026-02-21T21:21:12.517269" level="INFO">Typing text 'testuser3@test.com' into text field 'id=username'.</msg>
<arg>id=username</arg>
<arg>${EMAIL}</arg>
<doc>Types the given ``text`` into the text field identified by ``locator``.</doc>
<status status="PASS" start="2026-02-21T21:21:12.517269" elapsed="0.255500"/>
</kw>
<kw name="Input Text" owner="SeleniumLibrary">
<msg time="2026-02-21T21:21:12.773760" level="INFO">Typing text '' into text field 'id=password'.</msg>
<arg>id=password</arg>
<arg>${PASSWORD}</arg>
<doc>Types the given ``text`` into the text field identified by ``locator``.</doc>
<status status="PASS" start="2026-02-21T21:21:12.772769" elapsed="0.159055"/>
</kw>
<kw name="Click Button" owner="SeleniumLibrary">
<msg time="2026-02-21T21:21:12.932930" level="INFO">Clicking button 'name=login'.</msg>
<arg>name=login</arg>
<doc>Clicks the button identified by ``locator``.</doc>
<status status="PASS" start="2026-02-21T21:21:12.932930" elapsed="1.625766"/>
</kw>
<arg>${EMAIL}</arg>
<arg>${PASSWORD}</arg>
<status status="PASS" start="2026-02-21T21:21:12.516267" elapsed="2.043459"/>
</kw>
<kw name="Run Keyword And Return Status" owner="BuiltIn">
<kw name="Wait Until Element Is Visible" owner="SeleniumLibrary">
<msg time="2026-02-21T21:21:20.085554" level="INFO" html="true">&lt;/td&gt;&lt;/tr&gt;&lt;tr&gt;&lt;td colspan="3"&gt;&lt;a href="selenium-screenshot-11.png"&gt;&lt;img src="selenium-screenshot-11.png" width="800px"&gt;&lt;/a&gt;</msg>
<msg time="2026-02-21T21:21:20.085554" level="FAIL">Element 'css=div.woocommerce-MyAccount-content' not visible after 5 seconds.</msg>
<arg>css=div.woocommerce-MyAccount-content</arg>
<arg>5s</arg>
<doc>Waits until the element ``locator`` is visible.</doc>
<status status="FAIL" start="2026-02-21T21:21:14.560311" elapsed="5.526243">Element 'css=div.woocommerce-MyAccount-content' not visible after 5 seconds.</status>
</kw>
<msg time="2026-02-21T21:21:20.086554" level="INFO">${dashboard_visible} = False</msg>
<var>${dashboard_visible}</var>
<arg>Wait Until Element Is Visible</arg>
<arg>css=div.woocommerce-MyAccount-content</arg>
<arg>5s</arg>
<doc>Runs the specified keyword and returns the status as a Boolean value.</doc>
<status status="PASS" start="2026-02-21T21:21:14.559726" elapsed="5.526828"/>
</kw>
<if>
<branch type="IF" condition="'${EXPECTED}'=='PASS'">
<kw name="Should Be True" owner="BuiltIn">
<arg>${dashboard_visible}</arg>
<doc>Fails if the given condition is not true.</doc>
<status status="NOT RUN" start="2026-02-21T21:21:20.086554" elapsed="0.000000"/>
</kw>
<kw name="Logout User" owner="login_keywords">
<status status="NOT RUN" start="2026-02-21T21:21:20.087550" elapsed="0.000000"/>
</kw>
<kw name="Wait Until Element Is Visible" owner="SeleniumLibrary">
<arg>id=username</arg>
<doc>Waits until the element ``locator`` is visible.</doc>
<status status="NOT RUN" start="2026-02-21T21:21:20.087550" elapsed="0.000000"/>
</kw>
<status status="NOT RUN" start="2026-02-21T21:21:20.086554" elapsed="0.000996"/>
</branch>
<status status="PASS" start="2026-02-21T21:21:20.086554" elapsed="0.000996"/>
</if>
<if>
<branch type="IF" condition="'${EXPECTED}'=='FAIL'">
<kw name="Should Not Be True" owner="BuiltIn">
<arg>${dashboard_visible}</arg>
<doc>Fails if the given condition is true.</doc>
<status status="PASS" start="2026-02-21T21:21:20.087550" elapsed="0.000000"/>
</kw>
<status status="PASS" start="2026-02-21T21:21:20.087550" elapsed="0.000000"/>
</branch>
<status status="PASS" start="2026-02-21T21:21:20.087550" elapsed="0.000000"/>
</if>
<arg>EMAIL=testuser3@test.com</arg>
<arg>PASSWORD=</arg>
<arg>FIRSTNAME=Anil</arg>
<arg>LASTNAME=Varma</arg>
<arg>PHONE=</arg>
<arg>CITY=Bangalore</arg>
<arg>POSTCODE=560001</arg>
<arg>EXPECTED=FAIL</arg>
<status status="PASS" start="2026-02-21T21:21:12.515295" elapsed="7.572255"/>
</kw>
<status status="PASS" start="2026-02-21T21:21:08.113498" elapsed="11.975053"/>
</test>
<kw name="Close Application" owner="common" type="TEARDOWN">
<kw name="Close All Browsers" owner="SeleniumLibrary">
<doc>Closes all open browsers and resets the browser cache.</doc>
<status status="PASS" start="2026-02-21T21:21:20.089552" elapsed="2.194285"/>
</kw>
<status status="PASS" start="2026-02-21T21:21:20.089552" elapsed="2.195170"/>
</kw>
<status status="PASS" start="2026-02-21T21:20:32.996312" elapsed="49.288410"/>
</suite>
<suite id="s1-s3" name="02 Search Validation" source="C:\Users\91799\PycharmProjects\WIPRO 2026\Day23\robot-framework\tests\02_search_validation.robot">
<kw name="Open Application" owner="common" type="SETUP">
<kw name="Open Browser" owner="SeleniumLibrary">
<msg time="2026-02-21T21:21:22.294242" level="INFO">Opening browser 'chrome' to base url 'https://practice.automationtesting.in/'.</msg>
<arg>${URL}</arg>
<arg>${browser}</arg>
<doc>Opens a new browser instance to the optional ``url``.</doc>
<status status="PASS" start="2026-02-21T21:21:22.293242" elapsed="4.798270"/>
</kw>
<kw name="Maximize Browser Window" owner="SeleniumLibrary">
<doc>Maximizes current browser window.</doc>
<status status="PASS" start="2026-02-21T21:21:27.092554" elapsed="0.044281"/>
</kw>
<kw name="Set Selenium Timeout" owner="SeleniumLibrary">
<arg>${TIMEOUT}</arg>
<doc>Sets the timeout that is used by various keywords.</doc>
<status status="PASS" start="2026-02-21T21:21:27.136835" elapsed="0.004557"/>
</kw>
<status status="PASS" start="2026-02-21T21:21:22.293242" elapsed="4.848150"/>
</kw>
<test id="s1-s3-t1" name="Search With Valid Product" line="65">
<kw name="Go To Shop Page" type="SETUP">
<kw name="Go To" owner="SeleniumLibrary">
<msg time="2026-02-21T21:21:27.146808" level="INFO">Opening url 'https://practice.automationtesting.in/shop/'</msg>
<arg>https://practice.automationtesting.in/shop/</arg>
<doc>Navigates the current browser window to the provided ``url``.</doc>
<status status="PASS" start="2026-02-21T21:21:27.145861" elapsed="2.697410"/>
</kw>
<kw name="Wait Until Page Contains Element" owner="SeleniumLibrary">
<arg>id=content</arg>
<doc>Waits until the element ``locator`` appears on the current page.</doc>
<status status="PASS" start="2026-02-21T21:21:29.844354" elapsed="0.015980"/>
</kw>
<status status="PASS" start="2026-02-21T21:21:27.144389" elapsed="2.715945"/>
</kw>
<kw name="Search And Validate Products">
<kw name="Input Text" owner="SeleniumLibrary">
<msg time="2026-02-21T21:21:29.861389" level="INFO">Typing text 'HTML' into text field 'id=s'.</msg>
<arg>id=s</arg>
<arg>${product}</arg>
<doc>Types the given ``text`` into the text field identified by ``locator``.</doc>
<status status="PASS" start="2026-02-21T21:21:29.861389" elapsed="0.127002"/>
</kw>
<kw name="Textfield Value Should Be" owner="SeleniumLibrary">
<msg time="2026-02-21T21:21:30.034371" level="INFO">Content of text field 'id=s' is 'HTML'.</msg>
<arg>id=s</arg>
<arg>${product}</arg>
<doc>Verifies text field ``locator`` has exactly text ``expected``.</doc>
<status status="PASS" start="2026-02-21T21:21:29.989621" elapsed="0.044750"/>
</kw>
<kw name="Press Keys" owner="SeleniumLibrary">
<msg time="2026-02-21T21:21:30.035418" level="INFO">Sending key(s) ('ENTER',) to id=s element.</msg>
<msg time="2026-02-21T21:21:30.362310" level="INFO">Pressing special key ENTER to element.</msg>
<msg time="2026-02-21T21:21:30.362310" level="INFO">Releasing special key ENTER.</msg>
<arg>id=s</arg>
<arg>ENTER</arg>
<doc>Simulates the user pressing key(s) to an element or on the active browser.</doc>
<status status="PASS" start="2026-02-21T21:21:30.034371" elapsed="0.348163"/>
</kw>
<arg>${VALID_PRODUCT}</arg>
<arg>PASS</arg>
<status status="PASS" start="2026-02-21T21:21:29.861389" elapsed="0.522183"/>
</kw>
<status status="PASS" start="2026-02-21T21:21:27.142357" elapsed="3.242218"/>
</test>
<test id="s1-s3-t2" name="Search With Invalid Product" line="68">
<kw name="Go To Shop Page" type="SETUP">
<kw name="Go To" owner="SeleniumLibrary">
<msg time="2026-02-21T21:21:30.387574" level="INFO">Opening url 'https://practice.automationtesting.in/shop/'</msg>
<arg>https://practice.automationtesting.in/shop/</arg>
<doc>Navigates the current browser window to the provided ``url``.</doc>
<status status="PASS" start="2026-02-21T21:21:30.387574" elapsed="1.308914"/>
</kw>
<kw name="Wait Until Page Contains Element" owner="SeleniumLibrary">
<arg>id=content</arg>
<doc>Waits until the element ``locator`` appears on the current page.</doc>
<status status="PASS" start="2026-02-21T21:21:31.697495" elapsed="0.026901"/>
</kw>
<status status="PASS" start="2026-02-21T21:21:30.386590" elapsed="1.337806"/>
</kw>
<kw name="Search And Validate Products">
<kw name="Input Text" owner="SeleniumLibrary">
<msg time="2026-02-21T21:21:31.726778" level="INFO">Typing text 'XYZINVALID123' into text field 'id=s'.</msg>
<arg>id=s</arg>
<arg>${product}</arg>
<doc>Types the given ``text`` into the text field identified by ``locator``.</doc>
<status status="PASS" start="2026-02-21T21:21:31.726778" elapsed="0.151649"/>
</kw>
<kw name="Textfield Value Should Be" owner="SeleniumLibrary">
<msg time="2026-02-21T21:21:31.911119" level="INFO">Content of text field 'id=s' is 'XYZINVALID123'.</msg>
<arg>id=s</arg>
<arg>${product}</arg>
<doc>Verifies text field ``locator`` has exactly text ``expected``.</doc>
<status status="PASS" start="2026-02-21T21:21:31.878427" elapsed="0.032692"/>
</kw>
<kw name="Press Keys" owner="SeleniumLibrary">
<msg time="2026-02-21T21:21:31.912324" level="INFO">Sending key(s) ('ENTER',) to id=s element.</msg>
<msg time="2026-02-21T21:21:32.254605" level="INFO">Pressing special key ENTER to element.</msg>
<msg time="2026-02-21T21:21:32.254605" level="INFO">Releasing special key ENTER.</msg>
<arg>id=s</arg>
<arg>ENTER</arg>
<doc>Simulates the user pressing key(s) to an element or on the active browser.</doc>
<status status="PASS" start="2026-02-21T21:21:31.911119" elapsed="0.359342"/>
</kw>
<arg>${INVALID_PRODUCT}</arg>
<arg>NORESULT</arg>
<status status="PASS" start="2026-02-21T21:21:31.725762" elapsed="0.544699"/>
</kw>
<status status="PASS" start="2026-02-21T21:21:30.386590" elapsed="1.884391"/>
</test>
<test id="s1-s3-t3" name="Search With Empty Value" line="71">
<kw name="Go To Shop Page" type="SETUP">
<kw name="Go To" owner="SeleniumLibrary">
<msg time="2026-02-21T21:21:32.273990" level="INFO">Opening url 'https://practice.automationtesting.in/shop/'</msg>
<arg>https://practice.automationtesting.in/shop/</arg>
<doc>Navigates the current browser window to the provided ``url``.</doc>
<status status="PASS" start="2026-02-21T21:21:32.273990" elapsed="1.143093"/>
</kw>
<kw name="Wait Until Page Contains Element" owner="SeleniumLibrary">
<arg>id=content</arg>
<doc>Waits until the element ``locator`` appears on the current page.</doc>
<status status="PASS" start="2026-02-21T21:21:33.418084" elapsed="0.019582"/>
</kw>
<status status="PASS" start="2026-02-21T21:21:32.272991" elapsed="1.164675"/>
</kw>
<kw name="Search And Validate Products">
<kw name="Input Text" owner="SeleniumLibrary">
<msg time="2026-02-21T21:21:33.438674" level="INFO">Typing text '' into text field 'id=s'.</msg>
<arg>id=s</arg>
<arg>${product}</arg>
<doc>Types the given ``text`` into the text field identified by ``locator``.</doc>
<status status="PASS" start="2026-02-21T21:21:33.438674" elapsed="0.173945"/>
</kw>
<kw name="Textfield Value Should Be" owner="SeleniumLibrary">
<msg time="2026-02-21T21:21:33.648510" level="INFO">Content of text field 'id=s' is ''.</msg>
<arg>id=s</arg>
<arg>${product}</arg>
<doc>Verifies text field ``locator`` has exactly text ``expected``.</doc>
<status status="PASS" start="2026-02-21T21:21:33.612619" elapsed="0.035891"/>
</kw>
<kw name="Press Keys" owner="SeleniumLibrary">
<msg time="2026-02-21T21:21:33.650023" level="INFO">Sending key(s) ('ENTER',) to id=s element.</msg>
<msg time="2026-02-21T21:21:34.021155" level="INFO">Pressing special key ENTER to element.</msg>
<msg time="2026-02-21T21:21:34.021155" level="INFO">Releasing special key ENTER.</msg>
<arg>id=s</arg>
<arg>ENTER</arg>
<doc>Simulates the user pressing key(s) to an element or on the active browser.</doc>
<status status="PASS" start="2026-02-21T21:21:33.650023" elapsed="2.964475"/>
</kw>
<arg>${EMPTY}</arg>
<arg>ALL</arg>
<status status="PASS" start="2026-02-21T21:21:33.438674" elapsed="3.175824"/>
</kw>
<status status="PASS" start="2026-02-21T21:21:32.271991" elapsed="4.343507"/>
</test>
<kw name="Close Application" owner="common" type="TEARDOWN">
<kw name="Close All Browsers" owner="SeleniumLibrary">
<doc>Closes all open browsers and resets the browser cache.</doc>
<status status="PASS" start="2026-02-21T21:21:36.618538" elapsed="2.192881"/>
</kw>
<status status="PASS" start="2026-02-21T21:21:36.617549" elapsed="2.193870"/>
</kw>
<status status="PASS" start="2026-02-21T21:21:22.286720" elapsed="16.524699"/>
</suite>
<suite id="s1-s4" name="03 Sorting Filter Validation" source="C:\Users\91799\PycharmProjects\WIPRO 2026\Day23\robot-framework\tests\03_sorting_filter_validation.robot">
<kw name="Open Application" owner="common" type="SETUP">
<kw name="Open Browser" owner="SeleniumLibrary">
<msg time="2026-02-21T21:21:38.817422" level="INFO">Opening browser 'chrome' to base url 'https://practice.automationtesting.in/'.</msg>
<arg>${URL}</arg>
<arg>${browser}</arg>
<doc>Opens a new browser instance to the optional ``url``.</doc>
<status status="PASS" start="2026-02-21T21:21:38.816422" elapsed="4.933578"/>
</kw>
<kw name="Maximize Browser Window" owner="SeleniumLibrary">
<doc>Maximizes current browser window.</doc>
<status status="PASS" start="2026-02-21T21:21:43.750000" elapsed="0.041073"/>
</kw>
<kw name="Set Selenium Timeout" owner="SeleniumLibrary">
<arg>${TIMEOUT}</arg>
<doc>Sets the timeout that is used by various keywords.</doc>
<status status="PASS" start="2026-02-21T21:21:43.791073" elapsed="0.002011"/>
</kw>
<status status="PASS" start="2026-02-21T21:21:38.816422" elapsed="4.976662"/>
</kw>
<test id="s1-s4-t1" name="Default Sorting Validation" line="62">
<kw name="Go To Shop Page" type="SETUP">
<kw name="Go To" owner="SeleniumLibrary">
<msg time="2026-02-21T21:21:43.797099" level="INFO">Opening url 'https://practice.automationtesting.in/shop/'</msg>
<arg>https://practice.automationtesting.in/shop/</arg>
<doc>Navigates the current browser window to the provided ``url``.</doc>
<status status="PASS" start="2026-02-21T21:21:43.796103" elapsed="2.600256"/>
</kw>
<kw name="Wait Until Page Contains Element" owner="SeleniumLibrary">
<arg>id=content</arg>
<doc>Waits until the element ``locator`` appears on the current page.</doc>
<status status="PASS" start="2026-02-21T21:21:46.397396" elapsed="0.016490"/>
</kw>
<status status="PASS" start="2026-02-21T21:21:43.795120" elapsed="2.618766"/>
</kw>
<kw name="Select Default Sorting">
<kw name="Select From List By Label" owner="SeleniumLibrary">
<msg time="2026-02-21T21:21:46.417885" level="INFO">Selecting options from selection list 'css=select.orderby' by label Default sorting.</msg>
<arg>css=select.orderby</arg>
<arg>Default sorting</arg>
<doc>Selects options from selection list ``locator`` by ``labels``.</doc>
<status status="PASS" start="2026-02-21T21:21:46.416883" elapsed="0.096780"/>
</kw>
<kw name="Sleep" owner="BuiltIn">
<msg time="2026-02-21T21:21:48.530283" level="INFO">Slept 2 seconds.</msg>
<arg>2s</arg>
<doc>Pauses the test executed for the given time.</doc>
<status status="PASS" start="2026-02-21T21:21:46.513663" elapsed="2.017148"/>
</kw>
<kw name="List Selection Should Be" owner="SeleniumLibrary">
<msg time="2026-02-21T21:21:48.532895" level="INFO">Verifying list 'css=select.orderby' has option [ Default sorting ] selected.</msg>
<msg time="2026-02-21T21:21:48.572548" level="INFO">Current page contains list 'css=select.orderby'.</msg>
<arg>css=select.orderby</arg>
<arg>Default sorting</arg>
<doc>Verifies selection list ``locator`` has ``expected`` options selected.</doc>
<status status="PASS" start="2026-02-21T21:21:48.530811" elapsed="0.239540"/>
</kw>
<status status="PASS" start="2026-02-21T21:21:46.415884" elapsed="2.355489"/>
</kw>
<kw name="Validate Products Visible">
<kw name="Element Should Be Visible" owner="SeleniumLibrary">
<msg time="2026-02-21T21:21:48.806264" level="INFO">Element 'css=ul.products li' is displayed.</msg>
<arg>css=ul.products li</arg>
<doc>Verifies that the element identified by ``locator`` is visible.</doc>
<status status="PASS" start="2026-02-21T21:21:48.772375" elapsed="0.034880"/>
</kw>
<kw name="Get Element Count" owner="SeleniumLibrary">
<msg time="2026-02-21T21:21:48.818826" level="INFO">${count} = 8</msg>
<var>${count}</var>
<arg>css=ul.products li</arg>
<doc>Returns the number of elements matching ``locator``.</doc>
<status status="PASS" start="2026-02-21T21:21:48.807255" elapsed="0.011571"/>
</kw>
<kw name="Should Be True" owner="BuiltIn">
<arg>${count} &gt; 0</arg>
<doc>Fails if the given condition is not true.</doc>
<status status="PASS" start="2026-02-21T21:21:48.818826" elapsed="0.000000"/>
</kw>
<status status="PASS" start="2026-02-21T21:21:48.771373" elapsed="0.048978"/>
</kw>
<status status="PASS" start="2026-02-21T21:21:43.794092" elapsed="5.026259"/>
</test>
<test id="s1-s4-t2" name="Sort By Price Low To High Validation" line="67">
<kw name="Go To Shop Page" type="SETUP">
<kw name="Go To" owner="SeleniumLibrary">
<msg time="2026-02-21T21:21:48.822903" level="INFO">Opening url 'https://practice.automationtesting.in/shop/'</msg>
<arg>https://practice.automationtesting.in/shop/</arg>
<doc>Navigates the current browser window to the provided ``url``.</doc>
<status status="PASS" start="2026-02-21T21:21:48.822903" elapsed="2.322312"/>
</kw>
<kw name="Wait Until Page Contains Element" owner="SeleniumLibrary">
<arg>id=content</arg>
<doc>Waits until the element ``locator`` appears on the current page.</doc>
<status status="PASS" start="2026-02-21T21:21:51.145215" elapsed="0.012146"/>
</kw>
<status status="PASS" start="2026-02-21T21:21:48.822903" elapsed="2.334458"/>
</kw>
<kw name="Select Sort By Price Low To High">
<kw name="Select From List By Value" owner="SeleniumLibrary">
<msg time="2026-02-21T21:21:51.160395" level="INFO">Selecting options from selection list 'css=select.orderby' by value price.</msg>
<arg>css=select.orderby</arg>
<arg>price</arg>
<doc>Selects options from selection list ``locator`` by ``values``.</doc>
<status status="PASS" start="2026-02-21T21:21:51.159403" elapsed="2.533755"/>
</kw>
<kw name="Sleep" owner="BuiltIn">
<msg time="2026-02-21T21:21:55.694495" level="INFO">Slept 2 seconds.</msg>
<arg>2s</arg>
<doc>Pauses the test executed for the given time.</doc>
<status status="PASS" start="2026-02-21T21:21:53.693158" elapsed="2.001337"/>
</kw>
<kw name="List Selection Should Be" owner="SeleniumLibrary">
<msg time="2026-02-21T21:21:55.695495" level="INFO">Verifying list 'css=select.orderby' has option [ Sort by price: low to high ] selected.</msg>
<msg time="2026-02-21T21:21:55.716286" level="INFO">Current page contains list 'css=select.orderby'.</msg>
<arg>css=select.orderby</arg>
<arg>Sort by price: low to high</arg>
<doc>Verifies selection list ``locator`` has ``expected`` options selected.</doc>
<status status="PASS" start="2026-02-21T21:21:55.694495" elapsed="0.128852"/>
</kw>
<status status="PASS" start="2026-02-21T21:21:51.158347" elapsed="4.665000"/>
</kw>
<kw name="Validate Products Visible">
<kw name="Element Should Be Visible" owner="SeleniumLibrary">
<msg time="2026-02-21T21:21:55.842685" level="INFO">Element 'css=ul.products li' is displayed.</msg>
<arg>css=ul.products li</arg>
<doc>Verifies that the element identified by ``locator`` is visible.</doc>
<status status="PASS" start="2026-02-21T21:21:55.824371" elapsed="0.018314"/>
</kw>
<kw name="Get Element Count" owner="SeleniumLibrary">
<msg time="2026-02-21T21:21:55.854021" level="INFO">${count} = 8</msg>
<var>${count}</var>
<arg>css=ul.products li</arg>
<doc>Returns the number of elements matching ``locator``.</doc>
<status status="PASS" start="2026-02-21T21:21:55.842685" elapsed="0.011336"/>
</kw>
<kw name="Should Be True" owner="BuiltIn">
<arg>${count} &gt; 0</arg>
<doc>Fails if the given condition is not true.</doc>
<status status="PASS" start="2026-02-21T21:21:55.854021" elapsed="0.000998"/>
</kw>
<status status="PASS" start="2026-02-21T21:21:55.823347" elapsed="0.031672"/>
</kw>
<status status="PASS" start="2026-02-21T21:21:48.821380" elapsed="7.034639"/>
</test>
<test id="s1-s4-t3" name="Filter By Price Validation" line="72">
<kw name="Go To Shop Page" type="SETUP">
<kw name="Go To" owner="SeleniumLibrary">
<msg time="2026-02-21T21:21:55.859021" level="INFO">Opening url 'https://practice.automationtesting.in/shop/'</msg>
<arg>https://practice.automationtesting.in/shop/</arg>
<doc>Navigates the current browser window to the provided ``url``.</doc>
<status status="PASS" start="2026-02-21T21:21:55.859021" elapsed="2.521968"/>
</kw>
<kw name="Wait Until Page Contains Element" owner="SeleniumLibrary">
<arg>id=content</arg>
<doc>Waits until the element ``locator`` appears on the current page.</doc>
<status status="PASS" start="2026-02-21T21:21:58.381988" elapsed="0.011036"/>
</kw>
<status status="PASS" start="2026-02-21T21:21:55.858023" elapsed="2.535001"/>
</kw>
<kw name="Get Price Range Text">
<kw name="Get Text" owner="SeleniumLibrary">
<msg time="2026-02-21T21:21:58.421274" level="INFO">${text} = Price: ₹150 — ₹500</msg>
<var>${text}</var>
<arg>css=.price_label</arg>
<doc>Returns the text value of the element identified by ``locator``.</doc>
<status status="PASS" start="2026-02-21T21:21:58.394024" elapsed="0.027250"/>
</kw>
<kw name="Should Not Be Empty" owner="BuiltIn">
<msg time="2026-02-21T21:21:58.422291" level="INFO">Length is 18.</msg>
<arg>${text}</arg>
<doc>Verifies that the given item is not empty.</doc>
<status status="PASS" start="2026-02-21T21:21:58.421274" elapsed="0.001017"/>
</kw>
<return>
<value>${text}</value>
<status status="PASS" start="2026-02-21T21:21:58.422291" elapsed="0.000000"/>
</return>
<msg time="2026-02-21T21:21:58.423289" level="INFO">${before} = Price: ₹150 — ₹500</msg>
<var>${before}</var>
<status status="PASS" start="2026-02-21T21:21:58.394024" elapsed="0.029265"/>
</kw>
<kw name="Move Price Slider And Apply Filter">
<kw name="Execute Javascript" owner="SeleniumLibrary">
<msg time="2026-02-21T21:21:58.425274" level="INFO">Executing JavaScript:
document.querySelector('#min_price').value='150';
Without any arguments.</msg>
<arg>document.querySelector('#min_price').value='150';</arg>
<doc>Executes the given JavaScript code with possible arguments.</doc>
<status status="PASS" start="2026-02-21T21:21:58.424288" elapsed="0.010955"/>
</kw>
<kw name="Execute Javascript" owner="SeleniumLibrary">
<msg time="2026-02-21T21:21:58.436245" level="INFO">Executing JavaScript:
document.querySelector('#max_price').value='300';
Without any arguments.</msg>
<arg>document.querySelector('#max_price').value='300';</arg>
<doc>Executes the given JavaScript code with possible arguments.</doc>
<status status="PASS" start="2026-02-21T21:21:58.435243" elapsed="0.009876"/>
</kw>
<kw name="Execute Javascript" owner="SeleniumLibrary">
<msg time="2026-02-21T21:21:58.446125" level="INFO">Executing JavaScript:
jQuery('body').trigger('price_slider_change');
Without any arguments.</msg>
<arg>jQuery('body').trigger('price_slider_change');</arg>
<doc>Executes the given JavaScript code with possible arguments.</doc>
<status status="PASS" start="2026-02-21T21:21:58.445119" elapsed="0.009971"/>
</kw>
<kw name="Click Button" owner="SeleniumLibrary">
<msg time="2026-02-21T21:21:58.456087" level="INFO">Clicking button 'css=.price_slider_amount button'.</msg>
<arg>css=.price_slider_amount button</arg>
<doc>Clicks the button identified by ``locator``.</doc>
<status status="PASS" start="2026-02-21T21:21:58.455090" elapsed="1.367020"/>
</kw>
<kw name="Wait Until Page Contains Element" owner="SeleniumLibrary">
<arg>css=ul.products</arg>
<doc>Waits until the element ``locator`` appears on the current page.</doc>
<status status="PASS" start="2026-02-21T21:21:59.823104" elapsed="0.023986"/>
</kw>
<status status="PASS" start="2026-02-21T21:21:58.424288" elapsed="1.423809"/>
</kw>
<kw name="Get Price Range Text">
<kw name="Get Text" owner="SeleniumLibrary">
<msg time="2026-02-21T21:21:59.873172" level="INFO">${text} = Price: ₹150 — ₹300</msg>
<var>${text}</var>
<arg>css=.price_label</arg>
<doc>Returns the text value of the element identified by ``locator``.</doc>
<status status="PASS" start="2026-02-21T21:21:59.849095" elapsed="0.025099"/>
</kw>
<kw name="Should Not Be Empty" owner="BuiltIn">
<msg time="2026-02-21T21:21:59.875189" level="INFO">Length is 18.</msg>
<arg>${text}</arg>
<doc>Verifies that the given item is not empty.</doc>
<status status="PASS" start="2026-02-21T21:21:59.874194" elapsed="0.000995"/>
</kw>
<return>
<value>${text}</value>
<status status="PASS" start="2026-02-21T21:21:59.875189" elapsed="0.000000"/>
</return>
<msg time="2026-02-21T21:21:59.876188" level="INFO">${after} = Price: ₹150 — ₹300</msg>
<var>${after}</var>
<status status="PASS" start="2026-02-21T21:21:59.848097" elapsed="0.028091"/>
</kw>
<kw name="Should Not Be Equal" owner="BuiltIn">
<arg>${before}</arg>
<arg>${after}</arg>
<doc>Fails if the given objects are equal.</doc>
<status status="PASS" start="2026-02-21T21:21:59.876865" elapsed="0.001065"/>
</kw>
<kw name="Element Should Contain" owner="SeleniumLibrary">
<msg time="2026-02-21T21:21:59.903794" level="INFO">Element 'css=.price_label' contains text '₹'.</msg>
<arg>css=.price_label</arg>
<arg>₹</arg>
<doc>Verifies that element ``locator`` contains text ``expected``.</doc>
<status status="PASS" start="2026-02-21T21:21:59.877930" elapsed="0.025864"/>
</kw>
<kw name="Validate Products Visible">
<kw name="Element Should Be Visible" owner="SeleniumLibrary">
<msg time="2026-02-21T21:21:59.930439" level="INFO">Element 'css=ul.products li' is displayed.</msg>
<arg>css=ul.products li</arg>
<doc>Verifies that the element identified by ``locator`` is visible.</doc>
<status status="PASS" start="2026-02-21T21:21:59.905880" elapsed="0.024559"/>
</kw>
<kw name="Get Element Count" owner="SeleniumLibrary">
<msg time="2026-02-21T21:21:59.944250" level="INFO">${count} = 4</msg>
<var>${count}</var>
<arg>css=ul.products li</arg>
<doc>Returns the number of elements matching ``locator``.</doc>
<status status="PASS" start="2026-02-21T21:21:59.930439" elapsed="0.013811"/>
</kw>
<kw name="Should Be True" owner="BuiltIn">
<arg>${count} &gt; 0</arg>
<doc>Fails if the given condition is not true.</doc>
<status status="PASS" start="2026-02-21T21:21:59.944250" elapsed="0.001000"/>
</kw>
<status status="PASS" start="2026-02-21T21:21:59.905880" elapsed="0.039370"/>
</kw>
<status status="PASS" start="2026-02-21T21:21:55.857021" elapsed="4.089230"/>
</test>
<test id="s1-s4-t4" name="Price Change Filter Validation" line="86">
<kw name="Go To Shop Page" type="SETUP">
<kw name="Go To" owner="SeleniumLibrary">
<msg time="2026-02-21T21:21:59.951437" level="INFO">Opening url 'https://practice.automationtesting.in/shop/'</msg>
<arg>https://practice.automationtesting.in/shop/</arg>
<doc>Navigates the current browser window to the provided ``url``.</doc>
<status status="PASS" start="2026-02-21T21:21:59.950250" elapsed="2.117229"/>
</kw>
<kw name="Wait Until Page Contains Element" owner="SeleniumLibrary">
<arg>id=content</arg>
<doc>Waits until the element ``locator`` appears on the current page.</doc>
<status status="PASS" start="2026-02-21T21:22:02.067479" elapsed="0.014017"/>
</kw>
<status status="PASS" start="2026-02-21T21:21:59.949269" elapsed="2.133293"/>
</kw>
<kw name="Get Price Range Text">
<kw name="Get Text" owner="SeleniumLibrary">
<msg time="2026-02-21T21:22:02.115560" level="INFO">${text} = Price: ₹150 — ₹500</msg>
<var>${text}</var>
<arg>css=.price_label</arg>
<doc>Returns the text value of the element identified by ``locator``.</doc>
<status status="PASS" start="2026-02-21T21:22:02.083553" elapsed="0.032007"/>
</kw>
<kw name="Should Not Be Empty" owner="BuiltIn">
<msg time="2026-02-21T21:22:02.117562" level="INFO">Length is 18.</msg>
<arg>${text}</arg>
<doc>Verifies that the given item is not empty.</doc>
<status status="PASS" start="2026-02-21T21:22:02.116564" elapsed="0.000998"/>
</kw>
<return>
<value>${text}</value>
<status status="PASS" start="2026-02-21T21:22:02.117562" elapsed="0.000000"/>
</return>
<msg time="2026-02-21T21:22:02.118514" level="INFO">${initial} = Price: ₹150 — ₹500</msg>
<var>${initial}</var>
<status status="PASS" start="2026-02-21T21:22:02.083553" elapsed="0.034961"/>
</kw>
<kw name="Move Price Slider And Apply Filter">
<kw name="Execute Javascript" owner="SeleniumLibrary">
<msg time="2026-02-21T21:22:02.122163" level="INFO">Executing JavaScript:
document.querySelector('#min_price').value='150';
Without any arguments.</msg>
<arg>document.querySelector('#min_price').value='150';</arg>
<doc>Executes the given JavaScript code with possible arguments.</doc>
<status status="PASS" start="2026-02-21T21:22:02.120093" elapsed="0.013694"/>
</kw>
<kw name="Execute Javascript" owner="SeleniumLibrary">
<msg time="2026-02-21T21:22:02.134789" level="INFO">Executing JavaScript:
document.querySelector('#max_price').value='300';
Without any arguments.</msg>
<arg>document.querySelector('#max_price').value='300';</arg>
<doc>Executes the given JavaScript code with possible arguments.</doc>
<status status="PASS" start="2026-02-21T21:22:02.133787" elapsed="0.012639"/>
</kw>
<kw name="Execute Javascript" owner="SeleniumLibrary">
<msg time="2026-02-21T21:22:02.148432" level="INFO">Executing JavaScript:
jQuery('body').trigger('price_slider_change');
Without any arguments.</msg>
<arg>jQuery('body').trigger('price_slider_change');</arg>
<doc>Executes the given JavaScript code with possible arguments.</doc>
<status status="PASS" start="2026-02-21T21:22:02.147426" elapsed="0.012934"/>
</kw>
<kw name="Click Button" owner="SeleniumLibrary">
<msg time="2026-02-21T21:22:02.161379" level="INFO">Clicking button 'css=.price_slider_amount button'.</msg>
<arg>css=.price_slider_amount button</arg>
<doc>Clicks the button identified by ``locator``.</doc>
<status status="PASS" start="2026-02-21T21:22:02.160360" elapsed="0.184320"/>
</kw>
<kw name="Wait Until Page Contains Element" owner="SeleniumLibrary">
<arg>css=ul.products</arg>
<doc>Waits until the element ``locator`` appears on the current page.</doc>
<status status="PASS" start="2026-02-21T21:22:02.345722" elapsed="1.225798"/>
</kw>
<status status="PASS" start="2026-02-21T21:22:02.118514" elapsed="1.453998"/>
</kw>
<kw name="Get Price Range Text">
<kw name="Get Text" owner="SeleniumLibrary">
<msg time="2026-02-21T21:22:03.608660" level="INFO">${text} = Price: ₹150 — ₹300</msg>
<var>${text}</var>
<arg>css=.price_label</arg>
<doc>Returns the text value of the element identified by ``locator``.</doc>
<status status="PASS" start="2026-02-21T21:22:03.573512" elapsed="0.035148"/>
</kw>
<kw name="Should Not Be Empty" owner="BuiltIn">
<msg time="2026-02-21T21:22:03.608660" level="INFO">Length is 18.</msg>
<arg>${text}</arg>
<doc>Verifies that the given item is not empty.</doc>
<status status="PASS" start="2026-02-21T21:22:03.608660" elapsed="0.000000"/>
</kw>
<return>
<value>${text}</value>
<status status="PASS" start="2026-02-21T21:22:03.608660" elapsed="0.000000"/>
</return>
<msg time="2026-02-21T21:22:03.610184" level="INFO">${changed} = Price: ₹150 — ₹300</msg>
<var>${changed}</var>
<status status="PASS" start="2026-02-21T21:22:03.572512" elapsed="0.037672"/>
</kw>
<kw name="Log" owner="BuiltIn">
<msg time="2026-02-21T21:22:03.612208" level="INFO">Initial Price Range: Price: ₹150 — ₹500</msg>
<arg>Initial Price Range: ${initial}</arg>
<doc>Logs the given message with the given level.</doc>
<status status="PASS" start="2026-02-21T21:22:03.611205" elapsed="0.001003"/>
</kw>
<kw name="Log" owner="BuiltIn">
<msg time="2026-02-21T21:22:03.613820" level="INFO">Changed Price Range: Price: ₹150 — ₹300</msg>
<arg>Changed Price Range: ${changed}</arg>
<doc>Logs the given message with the given level.</doc>
<status status="PASS" start="2026-02-21T21:22:03.612758" elapsed="0.001062"/>
</kw>
<kw name="Should Not Be Equal" owner="BuiltIn">
<arg>${initial}</arg>
<arg>${changed}</arg>
<doc>Fails if the given objects are equal.</doc>
<status status="PASS" start="2026-02-21T21:22:03.613820" elapsed="0.000995"/>
</kw>
<kw name="Element Should Be Visible" owner="SeleniumLibrary">
<msg time="2026-02-21T21:22:03.639149" level="INFO">Element 'css=.price_label' is displayed.</msg>
<arg>css=.price_label</arg>
<doc>Verifies that the element identified by ``locator`` is visible.</doc>
<status status="PASS" start="2026-02-21T21:22:03.615824" elapsed="0.024449"/>
</kw>
<kw name="Validate Products Visible">
<kw name="Element Should Be Visible" owner="SeleniumLibrary">
<msg time="2026-02-21T21:22:03.663185" level="INFO">Element 'css=ul.products li' is displayed.</msg>
<arg>css=ul.products li</arg>
<doc>Verifies that the element identified by ``locator`` is visible.</doc>
<status status="PASS" start="2026-02-21T21:22:03.642054" elapsed="0.021131"/>
</kw>
<kw name="Get Element Count" owner="SeleniumLibrary">
<msg time="2026-02-21T21:22:03.674809" level="INFO">${count} = 4</msg>
<var>${count}</var>
<arg>css=ul.products li</arg>
<doc>Returns the number of elements matching ``locator``.</doc>
<status status="PASS" start="2026-02-21T21:22:03.663185" elapsed="0.011624"/>
</kw>
<kw name="Should Be True" owner="BuiltIn">
<arg>${count} &gt; 0</arg>
<doc>Fails if the given condition is not true.</doc>
<status status="PASS" start="2026-02-21T21:22:03.675822" elapsed="0.001001"/>
</kw>
<status status="PASS" start="2026-02-21T21:22:03.640918" elapsed="0.035905"/>
</kw>
<status status="PASS" start="2026-02-21T21:21:59.948205" elapsed="3.729605"/>
</test>
<kw name="Close Browser" owner="SeleniumLibrary" type="TEARDOWN">
<doc>Closes the current browser.</doc>
<status status="PASS" start="2026-02-21T21:22:03.680360" elapsed="2.222210"/>
</kw>
<status status="PASS" start="2026-02-21T21:21:38.813424" elapsed="27.089146"/>
</suite>
<suite id="s1-s5" name="04 Cart Validation" source="C:\Users\91799\PycharmProjects\WIPRO 2026\Day23\robot-framework\tests\04_cart_validation.robot">
<kw name="Open Application" owner="common" type="SETUP">
<kw name="Open Browser" owner="SeleniumLibrary">
<msg time="2026-02-21T21:22:05.910467" level="INFO">Opening browser 'chrome' to base url 'https://practice.automationtesting.in/'.</msg>
<arg>${URL}</arg>
<arg>${browser}</arg>
<doc>Opens a new browser instance to the optional ``url``.</doc>
<status status="PASS" start="2026-02-21T21:22:05.910467" elapsed="5.020013"/>
</kw>
<kw name="Maximize Browser Window" owner="SeleniumLibrary">
<doc>Maximizes current browser window.</doc>
<status status="PASS" start="2026-02-21T21:22:10.930480" elapsed="0.043981"/>
</kw>
<kw name="Set Selenium Timeout" owner="SeleniumLibrary">
<arg>${TIMEOUT}</arg>
<doc>Sets the timeout that is used by various keywords.</doc>
<status status="PASS" start="2026-02-21T21:22:10.974461" elapsed="0.001995"/>
</kw>
<status status="PASS" start="2026-02-21T21:22:05.910467" elapsed="5.065989"/>
</kw>
<test id="s1-s5-t1" name="Add Multiple Products In Cart" line="69">
<kw name="Go To Shop Page" type="SETUP">
<kw name="Go To" owner="SeleniumLibrary">
<msg time="2026-02-21T21:22:10.978459" level="INFO">Opening url 'https://practice.automationtesting.in/shop/'</msg>
<arg>https://practice.automationtesting.in/shop/</arg>
<doc>Navigates the current browser window to the provided ``url``.</doc>
<status status="PASS" start="2026-02-21T21:22:10.978459" elapsed="2.457308"/>
</kw>
<kw name="Wait Until Page Contains Element" owner="SeleniumLibrary">
<arg>id=content</arg>
<doc>Waits until the element ``locator`` appears on the current page.</doc>
<status status="PASS" start="2026-02-21T21:22:13.436858" elapsed="0.014041"/>
</kw>
<status status="PASS" start="2026-02-21T21:22:10.977457" elapsed="2.474445"/>
</kw>
<kw name="Add First Product By URL">
<kw name="Go To" owner="SeleniumLibrary">
<msg time="2026-02-21T21:22:13.453898" level="INFO">Opening url 'https://practice.automationtesting.in/shop/?add-to-cart=169'</msg>
<arg>https://practice.automationtesting.in/shop/?add-to-cart=169</arg>
<doc>Navigates the current browser window to the provided ``url``.</doc>
<status status="PASS" start="2026-02-21T21:22:13.452899" elapsed="1.198579"/>
</kw>
<kw name="Wait Until Page Contains Element" owner="SeleniumLibrary">
<arg>xpath=//a[contains(text(),'View Basket')]</arg>
<doc>Waits until the element ``locator`` appears on the current page.</doc>
<status status="PASS" start="2026-02-21T21:22:14.651478" elapsed="0.028959"/>
</kw>
<kw name="Page Should Contain" owner="SeleniumLibrary">
<msg time="2026-02-21T21:22:14.697292" level="INFO">Current page contains text 'View Basket'.</msg>
<arg>View Basket</arg>
<doc>Verifies that current page contains ``text``.</doc>
<status status="PASS" start="2026-02-21T21:22:14.680946" elapsed="0.017343"/>
</kw>
<status status="PASS" start="2026-02-21T21:22:13.452899" elapsed="1.245390"/>
</kw>
<kw name="Add Second Product By URL">
<kw name="Go To" owner="SeleniumLibrary">
<msg time="2026-02-21T21:22:14.699292" level="INFO">Opening url 'https://practice.automationtesting.in/shop/?add-to-cart=181'</msg>
<arg>https://practice.automationtesting.in/shop/?add-to-cart=181</arg>
<doc>Navigates the current browser window to the provided ``url``.</doc>
<status status="PASS" start="2026-02-21T21:22:14.699292" elapsed="1.069170"/>
</kw>
<kw name="Wait Until Page Contains Element" owner="SeleniumLibrary">
<arg>xpath=//a[contains(text(),'View Basket')]</arg>
<doc>Waits until the element ``locator`` appears on the current page.</doc>
<status status="PASS" start="2026-02-21T21:22:15.768462" elapsed="0.025789"/>
</kw>
<kw name="Page Should Contain" owner="SeleniumLibrary">
<msg time="2026-02-21T21:22:15.810781" level="INFO">Current page contains text 'View Basket'.</msg>
<arg>View Basket</arg>
<doc>Verifies that current page contains ``text``.</doc>
<status status="PASS" start="2026-02-21T21:22:15.794251" elapsed="0.016530"/>
</kw>
<status status="PASS" start="2026-02-21T21:22:14.698289" elapsed="1.112492"/>
</kw>
<kw name="Open Cart">
<kw name="Click Element" owner="SeleniumLibrary">
<msg time="2026-02-21T21:22:15.812797" level="INFO">Clicking element 'xpath=//a[contains(text(),'View Basket')]'.</msg>
<arg>xpath=//a[contains(text(),'View Basket')]</arg>
<doc>Click the element identified by ``locator``.</doc>
<status status="PASS" start="2026-02-21T21:22:15.812797" elapsed="1.291061"/>
</kw>
<kw name="Wait Until Page Contains Element" owner="SeleniumLibrary">
<arg>css=table.shop_table</arg>
<doc>Waits until the element ``locator`` appears on the current page.</doc>
<status status="PASS" start="2026-02-21T21:22:17.103858" elapsed="0.016180"/>
</kw>
<kw name="Element Should Be Visible" owner="SeleniumLibrary">
<msg time="2026-02-21T21:22:17.141772" level="INFO">Element 'css=table.shop_table' is displayed.</msg>
<arg>css=table.shop_table</arg>
<doc>Verifies that the element identified by ``locator`` is visible.</doc>
<status status="PASS" start="2026-02-21T21:22:17.120038" elapsed="0.021734"/>
</kw>
<status status="PASS" start="2026-02-21T21:22:15.811803" elapsed="1.329969"/>
</kw>
<kw name="Get Element Count" owner="SeleniumLibrary">
<msg time="2026-02-21T21:22:17.156449" level="INFO">${count} = 6</msg>
<var>${count}</var>
<arg>css=table.shop_table tbody tr</arg>
<doc>Returns the number of elements matching ``locator``.</doc>
<status status="PASS" start="2026-02-21T21:22:17.142788" elapsed="0.013661"/>
</kw>
<kw name="Should Be True" owner="BuiltIn">
<arg>${count} &gt;= 2</arg>
<doc>Fails if the given condition is not true.</doc>
<status status="PASS" start="2026-02-21T21:22:17.156449" elapsed="0.000988"/>
</kw>
<kw name="Element Should Be Visible" owner="SeleniumLibrary">
<msg time="2026-02-21T21:22:17.184283" level="INFO">Element 'css=.cart_totals' is displayed.</msg>
<arg>css=.cart_totals</arg>
<doc>Verifies that the element identified by ``locator`` is visible.</doc>
<status status="PASS" start="2026-02-21T21:22:17.158411" elapsed="0.025872"/>
</kw>
<status status="PASS" start="2026-02-21T21:22:10.977457" elapsed="6.207815"/>
</test>
<test id="s1-s5-t2" name="Remove One Product From Cart" line="83">
<kw name="Go To Shop Page" type="SETUP">
<kw name="Go To" owner="SeleniumLibrary">
<msg time="2026-02-21T21:22:17.188851" level="INFO">Opening url 'https://practice.automationtesting.in/shop/'</msg>
<arg>https://practice.automationtesting.in/shop/</arg>
<doc>Navigates the current browser window to the provided ``url``.</doc>
<status status="PASS" start="2026-02-21T21:22:17.187846" elapsed="2.786323"/>
</kw>
<kw name="Wait Until Page Contains Element" owner="SeleniumLibrary">
<arg>id=content</arg>
<doc>Waits until the element ``locator`` appears on the current page.</doc>
<status status="PASS" start="2026-02-21T21:22:19.974169" elapsed="0.011613"/>
</kw>
<status status="PASS" start="2026-02-21T21:22:17.187846" elapsed="2.797936"/>
</kw>
<kw name="Add First Product By URL">
<kw name="Go To" owner="SeleniumLibrary">
<msg time="2026-02-21T21:22:19.987833" level="INFO">Opening url 'https://practice.automationtesting.in/shop/?add-to-cart=169'</msg>
<arg>https://practice.automationtesting.in/shop/?add-to-cart=169</arg>
<doc>Navigates the current browser window to the provided ``url``.</doc>
<status status="PASS" start="2026-02-21T21:22:19.986781" elapsed="1.291203"/>
</kw>
<kw name="Wait Until Page Contains Element" owner="SeleniumLibrary">
<arg>xpath=//a[contains(text(),'View Basket')]</arg>
<doc>Waits until the element ``locator`` appears on the current page.</doc>
<status status="PASS" start="2026-02-21T21:22:21.277984" elapsed="0.011059"/>
</kw>
<kw name="Page Should Contain" owner="SeleniumLibrary">
<msg time="2026-02-21T21:22:21.307146" level="INFO">Current page contains text 'View Basket'.</msg>
<arg>View Basket</arg>
<doc>Verifies that current page contains ``text``.</doc>
<status status="PASS" start="2026-02-21T21:22:21.289043" elapsed="0.018103"/>
</kw>
<status status="PASS" start="2026-02-21T21:22:19.986781" elapsed="1.321366"/>
</kw>
<kw name="Add Second Product By URL">
<kw name="Go To" owner="SeleniumLibrary">
<msg time="2026-02-21T21:22:21.309186" level="INFO">Opening url 'https://practice.automationtesting.in/shop/?add-to-cart=181'</msg>
<arg>https://practice.automationtesting.in/shop/?add-to-cart=181</arg>
<doc>Navigates the current browser window to the provided ``url``.</doc>
<status status="PASS" start="2026-02-21T21:22:21.309186" elapsed="2.717975"/>
</kw>
<kw name="Wait Until Page Contains Element" owner="SeleniumLibrary">
<arg>xpath=//a[contains(text(),'View Basket')]</arg>
<doc>Waits until the element ``locator`` appears on the current page.</doc>
<status status="PASS" start="2026-02-21T21:22:24.027161" elapsed="0.012036"/>
</kw>
<kw name="Page Should Contain" owner="SeleniumLibrary">
<msg time="2026-02-21T21:22:24.056301" level="INFO">Current page contains text 'View Basket'.</msg>
<arg>View Basket</arg>
<doc>Verifies that current page contains ``text``.</doc>
<status status="PASS" start="2026-02-21T21:22:24.040150" elapsed="0.016151"/>
</kw>
<status status="PASS" start="2026-02-21T21:22:21.308147" elapsed="2.748154"/>
</kw>
<kw name="Open Cart">
<kw name="Click Element" owner="SeleniumLibrary">
<msg time="2026-02-21T21:22:24.058268" level="INFO">Clicking element 'xpath=//a[contains(text(),'View Basket')]'.</msg>
<arg>xpath=//a[contains(text(),'View Basket')]</arg>
<doc>Click the element identified by ``locator``.</doc>
<status status="PASS" start="2026-02-21T21:22:24.058268" elapsed="1.760162"/>
</kw>
<kw name="Wait Until Page Contains Element" owner="SeleniumLibrary">
<arg>css=table.shop_table</arg>
<doc>Waits until the element ``locator`` appears on the current page.</doc>
<status status="PASS" start="2026-02-21T21:22:25.818430" elapsed="0.013677"/>
</kw>
<kw name="Element Should Be Visible" owner="SeleniumLibrary">
<msg time="2026-02-21T21:22:25.863228" level="INFO">Element 'css=table.shop_table' is displayed.</msg>
<arg>css=table.shop_table</arg>
<doc>Verifies that the element identified by ``locator`` is visible.</doc>
<status status="PASS" start="2026-02-21T21:22:25.833113" elapsed="0.030115"/>
</kw>
<status status="PASS" start="2026-02-21T21:22:24.057261" elapsed="1.805967"/>
</kw>
<kw name="Get Element Count" owner="SeleniumLibrary">
<msg time="2026-02-21T21:22:25.878773" level="INFO">${before} = 6</msg>
<var>${before}</var>
<arg>css=table.shop_table tbody tr</arg>
<doc>Returns the number of elements matching ``locator``.</doc>
<status status="PASS" start="2026-02-21T21:22:25.864227" elapsed="0.014546"/>
</kw>
<kw name="Remove One Product">
<kw name="Scroll Element Into View" owner="SeleniumLibrary">
<arg>css=a.remove</arg>
<doc>Scrolls the element identified by ``locator`` into view.</doc>
<status status="PASS" start="2026-02-21T21:22:25.880280" elapsed="0.328108"/>
</kw>
<kw name="Click Element" owner="SeleniumLibrary">
<msg time="2026-02-21T21:22:26.209918" level="INFO">Clicking element 'css=a.remove'.</msg>
<arg>css=a.remove</arg>
<doc>Click the element identified by ``locator``.</doc>
<status status="PASS" start="2026-02-21T21:22:26.209918" elapsed="0.104209"/>
</kw>
<kw name="Wait Until Element Is Visible" owner="SeleniumLibrary">
<arg>css=.woocommerce-message</arg>
<doc>Waits until the element ``locator`` is visible.</doc>
<status status="PASS" start="2026-02-21T21:22:26.314127" elapsed="0.483159"/>
</kw>
<kw name="Element Should Contain" owner="SeleniumLibrary">
<msg time="2026-02-21T21:22:26.836720" level="INFO">Element 'css=.woocommerce-message' contains text 'removed'.</msg>
<arg>css=.woocommerce-message</arg>
<arg>removed</arg>
<doc>Verifies that element ``locator`` contains text ``expected``.</doc>
<status status="PASS" start="2026-02-21T21:22:26.797286" elapsed="0.039434"/>
</kw>
<status status="PASS" start="2026-02-21T21:22:25.880280" elapsed="0.956440"/>
</kw>
<kw name="Get Element Count" owner="SeleniumLibrary">
<msg time="2026-02-21T21:22:26.850213" level="INFO">${after} = 5</msg>
<var>${after}</var>
<arg>css=table.shop_table tbody tr</arg>
<doc>Returns the number of elements matching ``locator``.</doc>
<status status="PASS" start="2026-02-21T21:22:26.837702" elapsed="0.013522"/>
</kw>
<kw name="Should Be True" owner="BuiltIn">
<arg>${after} &lt; ${before}</arg>
<doc>Fails if the given condition is not true.</doc>
<status status="PASS" start="2026-02-21T21:22:26.851224" elapsed="0.001012"/>
</kw>
<kw name="Element Should Be Visible" owner="SeleniumLibrary">
<msg time="2026-02-21T21:22:26.874202" level="INFO">Element 'css=table.shop_table' is displayed.</msg>
<arg>css=table.shop_table</arg>
<doc>Verifies that the element identified by ``locator`` is visible.</doc>
<status status="PASS" start="2026-02-21T21:22:26.853229" elapsed="0.020973"/>
</kw>
<status status="PASS" start="2026-02-21T21:22:17.186854" elapsed="9.688366"/>
</test>
<test id="s1-s5-t3" name="Proceed To Checkout Product" line="101">
<kw name="Go To Shop Page" type="SETUP">
<kw name="Go To" owner="SeleniumLibrary">
<msg time="2026-02-21T21:22:26.877213" level="INFO">Opening url 'https://practice.automationtesting.in/shop/'</msg>
<arg>https://practice.automationtesting.in/shop/</arg>
<doc>Navigates the current browser window to the provided ``url``.</doc>
<status status="PASS" start="2026-02-21T21:22:26.877213" elapsed="2.387205"/>
</kw>
<kw name="Wait Until Page Contains Element" owner="SeleniumLibrary">
<arg>id=content</arg>
<doc>Waits until the element ``locator`` appears on the current page.</doc>
<status status="PASS" start="2026-02-21T21:22:29.264418" elapsed="0.008755"/>
</kw>
<status status="PASS" start="2026-02-21T21:22:26.877213" elapsed="2.396918"/>
</kw>
<kw name="Add First Product By URL">
<kw name="Go To" owner="SeleniumLibrary">
<msg time="2026-02-21T21:22:29.275132" level="INFO">Opening url 'https://practice.automationtesting.in/shop/?add-to-cart=169'</msg>
<arg>https://practice.automationtesting.in/shop/?add-to-cart=169</arg>
<doc>Navigates the current browser window to the provided ``url``.</doc>
<status status="PASS" start="2026-02-21T21:22:29.275132" elapsed="1.362157"/>
</kw>
<kw name="Wait Until Page Contains Element" owner="SeleniumLibrary">
<arg>xpath=//a[contains(text(),'View Basket')]</arg>
<doc>Waits until the element ``locator`` appears on the current page.</doc>
<status status="PASS" start="2026-02-21T21:22:30.637289" elapsed="0.011472"/>
</kw>
<kw name="Page Should Contain" owner="SeleniumLibrary">
<msg time="2026-02-21T21:22:30.663092" level="INFO">Current page contains text 'View Basket'.</msg>
<arg>View Basket</arg>
<doc>Verifies that current page contains ``text``.</doc>
<status status="PASS" start="2026-02-21T21:22:30.649764" elapsed="0.013328"/>
</kw>
<status status="PASS" start="2026-02-21T21:22:29.274131" elapsed="1.388961"/>
</kw>
<kw name="Open Cart">
<kw name="Click Element" owner="SeleniumLibrary">
<msg time="2026-02-21T21:22:30.664308" level="INFO">Clicking element 'xpath=//a[contains(text(),'View Basket')]'.</msg>
<arg>xpath=//a[contains(text(),'View Basket')]</arg>
<doc>Click the element identified by ``locator``.</doc>
<status status="PASS" start="2026-02-21T21:22:30.664308" elapsed="1.597458"/>
</kw>
<kw name="Wait Until Page Contains Element" owner="SeleniumLibrary">
<arg>css=table.shop_table</arg>
<doc>Waits until the element ``locator`` appears on the current page.</doc>
<status status="PASS" start="2026-02-21T21:22:32.262774" elapsed="0.014110"/>
</kw>
<kw name="Element Should Be Visible" owner="SeleniumLibrary">
<msg time="2026-02-21T21:22:32.300652" level="INFO">Element 'css=table.shop_table' is displayed.</msg>
<arg>css=table.shop_table</arg>
<doc>Verifies that the element identified by ``locator`` is visible.</doc>
<status status="PASS" start="2026-02-21T21:22:32.276884" elapsed="0.023768"/>
</kw>
<status status="PASS" start="2026-02-21T21:22:30.664308" elapsed="1.636344"/>
</kw>
<kw name="Proceed To Checkout">
<kw name="Go To" owner="SeleniumLibrary">
<msg time="2026-02-21T21:22:32.302711" level="INFO">Opening url 'https://practice.automationtesting.in/checkout/'</msg>
[...]
<msg time="2026-02-21T21:25:13.392890" level="FAIL">Page should have contained text 'Logout' but did not.</msg>
<arg>Logout</arg>
<doc>Verifies that current page contains ``text``.</doc>
<status status="FAIL" start="2026-02-21T21:25:12.697776" elapsed="0.695114">Page should have contained text 'Logout' but did not.</status>
</kw>
<msg time="2026-02-21T21:25:13.393889" level="INFO">${logout} = False</msg>
<var>${logout}</var>
<arg>Page Should Contain</arg>
<arg>Logout</arg>
<doc>Runs the specified keyword and returns the status as a Boolean value.</doc>
<status status="PASS" start="2026-02-21T21:25:12.697776" elapsed="0.696113"/>
</kw>
<kw name="Run Keyword And Return Status" owner="BuiltIn">
<kw name="Page Should Contain" owner="SeleniumLibrary">
<msg time="2026-02-21T21:25:13.410600" level="INFO">Current page contains text 'already registered'.</msg>
<arg>already registered</arg>
<doc>Verifies that current page contains ``text``.</doc>
<status status="PASS" start="2026-02-21T21:25:13.393889" elapsed="0.016711"/>
</kw>
<msg time="2026-02-21T21:25:13.410600" level="INFO">${exists} = True</msg>
<var>${exists}</var>
<arg>Page Should Contain</arg>
<arg>already registered</arg>
<doc>Runs the specified keyword and returns the status as a Boolean value.</doc>
<status status="PASS" start="2026-02-21T21:25:13.393889" elapsed="0.016711"/>
</kw>
<if>
<branch type="IF" condition="${logout}">
<kw name="Log" owner="BuiltIn">
<arg>New user registered</arg>
<doc>Logs the given message with the given level.</doc>
<status status="NOT RUN" start="2026-02-21T21:25:13.411633" elapsed="0.000000"/>
</kw>
<kw name="Logout User" owner="login_keywords">
<status status="NOT RUN" start="2026-02-21T21:25:13.411633" elapsed="0.000000"/>
</kw>
<kw name="Wait Until Element Is Visible" owner="SeleniumLibrary">
<arg>id=username</arg>
<doc>Waits until the element ``locator`` is visible.</doc>
<status status="NOT RUN" start="2026-02-21T21:25:13.411633" elapsed="0.000000"/>
</kw>
<status status="NOT RUN" start="2026-02-21T21:25:13.410600" elapsed="0.001033"/>
</branch>
<branch type="ELSE IF" condition="${exists}">
<kw name="Fail" owner="BuiltIn">
<msg time="2026-02-21T21:25:13.412624" level="FAIL">User already registered — registration must be new</msg>
<arg>User already registered — registration must be new</arg>
<doc>Fails the test with the given message and optionally alters its tags.</doc>
<status status="FAIL" start="2026-02-21T21:25:13.411633" elapsed="0.000991">User already registered — registration must be new</status>
</kw>
<status status="FAIL" start="2026-02-21T21:25:13.411633" elapsed="0.000991">User already registered — registration must be new</status>
</branch>
<branch type="ELSE">
<kw name="Fail" owner="BuiltIn">
<arg>Registration result not detected</arg>
<doc>Fails the test with the given message and optionally alters its tags.</doc>
<status status="NOT RUN" start="2026-02-21T21:25:13.412624" elapsed="0.000000"/>
</kw>
<status status="NOT RUN" start="2026-02-21T21:25:13.412624" elapsed="0.000000"/>
</branch>
<status status="FAIL" start="2026-02-21T21:25:13.410600" elapsed="0.002024">User already registered — registration must be new</status>
</if>
<status status="FAIL" start="2026-02-21T21:25:12.697776" elapsed="0.714848">User already registered — registration must be new</status>
</kw>
<kw name="Check Registration Result">
<kw name="Run Keyword And Return Status" owner="BuiltIn">
<kw name="Page Should Contain" owner="SeleniumLibrary">
<msg time="2026-02-21T21:25:16.247363" level="INFO" html="true">&lt;/td&gt;&lt;/tr&gt;&lt;tr&gt;&lt;td colspan="3"&gt;&lt;a href="selenium-screenshot-23.png"&gt;&lt;img src="selenium-screenshot-23.png" width="800px"&gt;&lt;/a&gt;</msg>
<msg time="2026-02-21T21:25:16.247363" level="FAIL">Page should have contained text 'Logout' but did not.</msg>
<arg>Logout</arg>
<doc>Verifies that current page contains ``text``.</doc>
<status status="FAIL" start="2026-02-21T21:25:15.420627" elapsed="0.826736">Page should have contained text 'Logout' but did not.</status>
</kw>
<msg time="2026-02-21T21:25:16.247363" level="INFO">${logout} = False</msg>
<var>${logout}</var>
<arg>Page Should Contain</arg>
<arg>Logout</arg>
<doc>Runs the specified keyword and returns the status as a Boolean value.</doc>
<status status="PASS" start="2026-02-21T21:25:15.419649" elapsed="0.827714"/>
</kw>
<kw name="Run Keyword And Return Status" owner="BuiltIn">
<kw name="Page Should Contain" owner="SeleniumLibrary">
<msg time="2026-02-21T21:25:16.263453" level="INFO">Current page contains text 'already registered'.</msg>
<arg>already registered</arg>
<doc>Verifies that current page contains ``text``.</doc>
<status status="PASS" start="2026-02-21T21:25:16.248463" elapsed="0.014990"/>
</kw>
<msg time="2026-02-21T21:25:16.264455" level="INFO">${exists} = True</msg>
<var>${exists}</var>
<arg>Page Should Contain</arg>
<arg>already registered</arg>
<doc>Runs the specified keyword and returns the status as a Boolean value.</doc>
<status status="PASS" start="2026-02-21T21:25:16.248463" elapsed="0.015992"/>
</kw>
<if>
<branch type="IF" condition="${logout}">
<kw name="Log" owner="BuiltIn">
<arg>New user registered</arg>
<doc>Logs the given message with the given level.</doc>
<status status="NOT RUN" start="2026-02-21T21:25:16.264455" elapsed="0.000000"/>
</kw>
<kw name="Logout User" owner="login_keywords">
<status status="NOT RUN" start="2026-02-21T21:25:16.264455" elapsed="0.000000"/>
</kw>
<kw name="Wait Until Element Is Visible" owner="SeleniumLibrary">
<arg>id=username</arg>
<doc>Waits until the element ``locator`` is visible.</doc>
<status status="NOT RUN" start="2026-02-21T21:25:16.264455" elapsed="0.000000"/>
</kw>
<status status="NOT RUN" start="2026-02-21T21:25:16.264455" elapsed="0.000000"/>
</branch>
<branch type="ELSE IF" condition="${exists}">
<kw name="Fail" owner="BuiltIn">
<msg time="2026-02-21T21:25:16.265452" level="FAIL">User already registered — registration must be new</msg>
<arg>User already registered — registration must be new</arg>
<doc>Fails the test with the given message and optionally alters its tags.</doc>
<status status="FAIL" start="2026-02-21T21:25:16.264455" elapsed="0.000997">User already registered — registration must be new</status>
</kw>
<status status="FAIL" start="2026-02-21T21:25:16.264455" elapsed="0.000997">User already registered — registration must be new</status>
</branch>
<branch type="ELSE">
<kw name="Fail" owner="BuiltIn">
<arg>Registration result not detected</arg>
<doc>Fails the test with the given message and optionally alters its tags.</doc>
<status status="NOT RUN" start="2026-02-21T21:25:16.265452" elapsed="0.000000"/>
</kw>
<status status="NOT RUN" start="2026-02-21T21:25:16.265452" elapsed="0.000000"/>
</branch>
<status status="FAIL" start="2026-02-21T21:25:16.264455" elapsed="0.000997">User already registered — registration must be new</status>
</if>
<status status="FAIL" start="2026-02-21T21:25:15.418137" elapsed="0.847315">User already registered — registration must be new</status>
</kw>
<kw name="Check Registration Result">
<kw name="Run Keyword And Return Status" owner="BuiltIn">
<kw name="Page Should Contain" owner="SeleniumLibrary">
<msg time="2026-02-21T21:25:19.091133" level="INFO" html="true">&lt;/td&gt;&lt;/tr&gt;&lt;tr&gt;&lt;td colspan="3"&gt;&lt;a href="selenium-screenshot-24.png"&gt;&lt;img src="selenium-screenshot-24.png" width="800px"&gt;&lt;/a&gt;</msg>
<msg time="2026-02-21T21:25:19.091133" level="FAIL">Page should have contained text 'Logout' but did not.</msg>
<arg>Logout</arg>
<doc>Verifies that current page contains ``text``.</doc>
<status status="FAIL" start="2026-02-21T21:25:18.271042" elapsed="0.820091">Page should have contained text 'Logout' but did not.</status>
</kw>
<msg time="2026-02-21T21:25:19.091133" level="INFO">${logout} = False</msg>
<var>${logout}</var>
<arg>Page Should Contain</arg>
<arg>Logout</arg>
<doc>Runs the specified keyword and returns the status as a Boolean value.</doc>
<status status="PASS" start="2026-02-21T21:25:18.271042" elapsed="0.820091"/>
</kw>
<kw name="Run Keyword And Return Status" owner="BuiltIn">
<kw name="Page Should Contain" owner="SeleniumLibrary">
<msg time="2026-02-21T21:25:19.110254" level="INFO">Current page contains text 'already registered'.</msg>
<arg>already registered</arg>
<doc>Verifies that current page contains ``text``.</doc>
<status status="PASS" start="2026-02-21T21:25:19.092254" elapsed="0.018000"/>
</kw>
<msg time="2026-02-21T21:25:19.110254" level="INFO">${exists} = True</msg>
<var>${exists}</var>
<arg>Page Should Contain</arg>
<arg>already registered</arg>
<doc>Runs the specified keyword and returns the status as a Boolean value.</doc>
<status status="PASS" start="2026-02-21T21:25:19.091133" elapsed="0.019121"/>
</kw>
<if>
<branch type="IF" condition="${logout}">
<kw name="Log" owner="BuiltIn">
<arg>New user registered</arg>
<doc>Logs the given message with the given level.</doc>
<status status="NOT RUN" start="2026-02-21T21:25:19.111311" elapsed="0.000000"/>
</kw>
<kw name="Logout User" owner="login_keywords">
<status status="NOT RUN" start="2026-02-21T21:25:19.111311" elapsed="0.000000"/>
</kw>
<kw name="Wait Until Element Is Visible" owner="SeleniumLibrary">
<arg>id=username</arg>
<doc>Waits until the element ``locator`` is visible.</doc>
<status status="NOT RUN" start="2026-02-21T21:25:19.111311" elapsed="0.000000"/>
</kw>
<status status="NOT RUN" start="2026-02-21T21:25:19.110254" elapsed="0.001057"/>
</branch>
<branch type="ELSE IF" condition="${exists}">
<kw name="Fail" owner="BuiltIn">
<msg time="2026-02-21T21:25:19.112375" level="FAIL">User already registered — registration must be new</msg>
<arg>User already registered — registration must be new</arg>
<doc>Fails the test with the given message and optionally alters its tags.</doc>
<status status="FAIL" start="2026-02-21T21:25:19.112375" elapsed="0.000000">User already registered — registration must be new</status>
</kw>
<status status="FAIL" start="2026-02-21T21:25:19.111311" elapsed="0.001064">User already registered — registration must be new</status>
</branch>
<branch type="ELSE">
<kw name="Fail" owner="BuiltIn">
<arg>Registration result not detected</arg>
<doc>Fails the test with the given message and optionally alters its tags.</doc>
<status status="NOT RUN" start="2026-02-21T21:25:19.112375" elapsed="0.000000"/>
</kw>
<status status="NOT RUN" start="2026-02-21T21:25:19.112375" elapsed="0.000000"/>
</branch>
<status status="FAIL" start="2026-02-21T21:25:19.110254" elapsed="0.002121">User already registered — registration must be new</status>
</if>
<status status="FAIL" start="2026-02-21T21:25:18.269739" elapsed="0.842636">User already registered — registration must be new</status>
</kw>
<kw name="Check Registration Result">
<kw name="Run Keyword And Return Status" owner="BuiltIn">
<kw name="Page Should Contain" owner="SeleniumLibrary">
<msg time="2026-02-21T21:25:21.921814" level="INFO" html="true">&lt;/td&gt;&lt;/tr&gt;&lt;tr&gt;&lt;td colspan="3"&gt;&lt;a href="selenium-screenshot-25.png"&gt;&lt;img src="selenium-screenshot-25.png" width="800px"&gt;&lt;/a&gt;</msg>
<msg time="2026-02-21T21:25:21.921814" level="FAIL">Page should have contained text 'Logout' but did not.</msg>
<arg>Logout</arg>
<doc>Verifies that current page contains ``text``.</doc>
<status status="FAIL" start="2026-02-21T21:25:21.122029" elapsed="0.800780">Page should have contained text 'Logout' but did not.</status>
</kw>
<msg time="2026-02-21T21:25:21.922809" level="INFO">${logout} = False</msg>
<var>${logout}</var>
<arg>Page Should Contain</arg>
<arg>Logout</arg>
<doc>Runs the specified keyword and returns the status as a Boolean value.</doc>
<status status="PASS" start="2026-02-21T21:25:21.121110" elapsed="0.801699"/>
</kw>
<kw name="Run Keyword And Return Status" owner="BuiltIn">
<kw name="Page Should Contain" owner="SeleniumLibrary">
<msg time="2026-02-21T21:25:21.937867" level="INFO">Current page contains text 'already registered'.</msg>
<arg>already registered</arg>
<doc>Verifies that current page contains ``text``.</doc>
<status status="PASS" start="2026-02-21T21:25:21.922809" elapsed="0.015058"/>
</kw>
<msg time="2026-02-21T21:25:21.937867" level="INFO">${exists} = True</msg>
<var>${exists}</var>
<arg>Page Should Contain</arg>
<arg>already registered</arg>
<doc>Runs the specified keyword and returns the status as a Boolean value.</doc>
<status status="PASS" start="2026-02-21T21:25:21.922809" elapsed="0.015058"/>
</kw>
<if>
<branch type="IF" condition="${logout}">
<kw name="Log" owner="BuiltIn">
<arg>New user registered</arg>
<doc>Logs the given message with the given level.</doc>
<status status="NOT RUN" start="2026-02-21T21:25:21.939470" elapsed="0.000000"/>
</kw>
<kw name="Logout User" owner="login_keywords">
<status status="NOT RUN" start="2026-02-21T21:25:21.939470" elapsed="0.000000"/>
</kw>
<kw name="Wait Until Element Is Visible" owner="SeleniumLibrary">
<arg>id=username</arg>
<doc>Waits until the element ``locator`` is visible.</doc>
<status status="NOT RUN" start="2026-02-21T21:25:21.939470" elapsed="0.000000"/>
</kw>
<status status="NOT RUN" start="2026-02-21T21:25:21.937867" elapsed="0.001603"/>
</branch>
<branch type="ELSE IF" condition="${exists}">
<kw name="Fail" owner="BuiltIn">
<msg time="2026-02-21T21:25:21.940584" level="FAIL">User already registered — registration must be new</msg>
<arg>User already registered — registration must be new</arg>
<doc>Fails the test with the given message and optionally alters its tags.</doc>
<status status="FAIL" start="2026-02-21T21:25:21.939470" elapsed="0.001114">User already registered — registration must be new</status>
</kw>
<status status="FAIL" start="2026-02-21T21:25:21.939470" elapsed="0.001114">User already registered — registration must be new</status>
</branch>
<branch type="ELSE">
<kw name="Fail" owner="BuiltIn">
<arg>Registration result not detected</arg>
<doc>Fails the test with the given message and optionally alters its tags.</doc>
<status status="NOT RUN" start="2026-02-21T21:25:21.940584" elapsed="0.000000"/>
</kw>
<status status="NOT RUN" start="2026-02-21T21:25:21.940584" elapsed="0.000000"/>
</branch>
<status status="FAIL" start="2026-02-21T21:25:21.937867" elapsed="0.002717">User already registered — registration must be new</status>
</if>
<status status="FAIL" start="2026-02-21T21:25:21.119694" elapsed="0.820890">User already registered — registration must be new</status>
</kw>
<msg time="2026-02-21T21:25:21.940584" level="FAIL">Keyword 'Check Registration Result' failed after retrying for 15 seconds. The last error was: User already registered — registration must be new</msg>
<arg>15s</arg>
<arg>2s</arg>
<arg>Check Registration Result</arg>
<doc>Runs the specified keyword and retries if it fails.</doc>
<status status="FAIL" start="2026-02-21T21:25:04.374374" elapsed="17.566210">Keyword 'Check Registration Result' failed after retrying for 15 seconds. The last error was: User already registered — registration must be new</status>
</kw>
<arg>${EMAIL}</arg>
<arg>${PASSWORD}</arg>
<status status="FAIL" start="2026-02-21T21:24:59.163984" elapsed="22.776600">Keyword 'Check Registration Result' failed after retrying for 15 seconds. The last error was: User already registered — registration must be new</status>
</kw>
<kw name="Login Validation">
<arg>${EMAIL}</arg>
<arg>${PASSWORD}</arg>
<status status="NOT RUN" start="2026-02-21T21:25:21.941601" elapsed="0.000000"/>
</kw>
<kw name="Search Validation">
<status status="NOT RUN" start="2026-02-21T21:25:21.941601" elapsed="0.000000"/>
</kw>
<kw name="Sorting Validation">
<status status="NOT RUN" start="2026-02-21T21:25:21.941601" elapsed="0.000000"/>
</kw>
<kw name="Cart Validation">
<status status="NOT RUN" start="2026-02-21T21:25:21.941601" elapsed="0.000000"/>
</kw>
<kw name="Billing Validation">
<arg>${EMAIL}</arg>
<arg>${FIRSTNAME}</arg>
<arg>${LASTNAME}</arg>
<arg>${PHONE}</arg>
<arg>${CITY}</arg>
<arg>${POSTCODE}</arg>
<status status="NOT RUN" start="2026-02-21T21:25:21.941601" elapsed="0.000000"/>
</kw>
<kw name="Logout Validation">
<status status="NOT RUN" start="2026-02-21T21:25:21.941601" elapsed="0.000000"/>
</kw>
<arg>EMAIL=testuser1@test.com</arg>
<arg>PASSWORD=Omkar@2003</arg>
<arg>FIRSTNAME=Ravi</arg>
<arg>LASTNAME=Kumar</arg>
<arg>PHONE=9876543222</arg>
<arg>CITY=Chennai</arg>
<arg>POSTCODE=600001</arg>
<status status="FAIL" start="2026-02-21T21:24:59.162979" elapsed="22.778622">Keyword 'Check Registration Result' failed after retrying for 15 seconds. The last error was: User already registered — registration must be new</status>
</kw>
<kw name="Run Keyword If Test Failed" owner="BuiltIn" type="TEARDOWN">
<kw name="Capture Failed Screenshot" owner="common">
<kw name="Replace String" owner="String">
<msg time="2026-02-21T21:25:21.943602" level="INFO">${clean} = User2</msg>
<var>${clean}</var>
<arg>${TEST NAME}</arg>
<arg>${SPACE}</arg>
<arg>_</arg>
<doc>Replaces ``search_for`` in the given ``string`` with ``replace_with``.</doc>
<status status="PASS" start="2026-02-21T21:25:21.942601" elapsed="0.001001"/>
</kw>
<kw name="Set Variable" owner="BuiltIn">
<msg time="2026-02-21T21:25:21.943602" level="INFO">${file} = FAILED_User2.png</msg>
<var>${file}</var>
<arg>FAILED_${clean}.png</arg>
<doc>Returns the given values which can then be assigned to a variables.</doc>
<status status="PASS" start="2026-02-21T21:25:21.943602" elapsed="0.000000"/>
</kw>
<kw name="Capture Page Screenshot" owner="SeleniumLibrary">
<msg time="2026-02-21T21:25:22.272466" level="INFO" html="true">&lt;/td&gt;&lt;/tr&gt;&lt;tr&gt;&lt;td colspan="3"&gt;&lt;a href="FAILED_User2.png"&gt;&lt;img src="FAILED_User2.png" width="800px"&gt;&lt;/a&gt;</msg>
<arg>${file}</arg>
<doc>Takes a screenshot of the current page and embeds it into a log file.</doc>
<status status="PASS" start="2026-02-21T21:25:21.943602" elapsed="0.329867"/>
</kw>
<status status="PASS" start="2026-02-21T21:25:21.942601" elapsed="0.330868"/>
</kw>
<arg>Capture Failed Screenshot</arg>
<doc>Runs the given keyword with the given arguments, if the test failed.</doc>
<status status="PASS" start="2026-02-21T21:25:21.942601" elapsed="0.330868"/>
</kw>
<status status="FAIL" start="2026-02-21T21:24:54.347367" elapsed="27.926102">Keyword 'Check Registration Result' failed after retrying for 15 seconds. The last error was: User already registered — registration must be new</status>
</test>
<status status="FAIL" start="2026-02-21T21:24:11.377430" elapsed="70.897040"/>
</suite>
<status status="FAIL" start="2026-02-21T21:20:16.676333" elapsed="305.599135"/>
</suite>
<statistics>
<total>
<stat pass="19" fail="1" skip="0">All Tests</stat>
</total>
<tag>
</tag>
<suite>
<stat name="Tests" id="s1" pass="19" fail="1" skip="0">Tests</stat>
<stat name="00 User Registration" id="s1-s1" pass="1" fail="0" skip="0">Tests.00 User Registration</stat>
<stat name="01 Login Validation" id="s1-s2" pass="3" fail="0" skip="0">Tests.01 Login Validation</stat>
<stat name="02 Search Validation" id="s1-s3" pass="3" fail="0" skip="0">Tests.02 Search Validation</stat>
<stat name="03 Sorting Filter Validation" id="s1-s4" pass="4" fail="0" skip="0">Tests.03 Sorting Filter Validation</stat>
<stat name="04 Cart Validation" id="s1-s5" pass="3" fail="0" skip="0">Tests.04 Cart Validation</stat>
<stat name="05 Billing Validation" id="s1-s6" pass="3" fail="0" skip="0">Tests.05 Billing Validation</stat>
<stat name="06 Logout Validation" id="s1-s7" pass="1" fail="0" skip="0">Tests.06 Logout Validation</stat>
<stat name="End To End" id="s1-s8" pass="1" fail="1" skip="0">Tests.End To End</stat>
</suite>
</statistics>
<errors>
<msg time="2026-02-21T21:20:16.670800" level="ERROR">Error in file 'C:\Users\91799\PycharmProjects\WIPRO 2026\Day23\robot-framework\tests\end_to_end.robot' on line 9: Setting 'Test Teardown' is allowed only once. Only the first value is used.</msg>
</errors>
</robot>
