<?xml version="1.0" encoding="UTF-8"?>
<robot generator="Robot 7.0 (Python 3.14.0 on win32)" generated="2026-02-23T11:53:41.008376" rpa="false" schemaversion="5">
<suite id="s1" name="Tests" source="C:\Users\HP\PyCharmMiscProject\Capstone_Project\robot-framework\tests">
<suite id="s1-s1" name="00 User Registration" source="C:\Users\HP\PyCharmMiscProject\Capstone_Project\robot-framework\tests\00_user_registration.robot">
<kw name="Open Application" owner="common" type="SETUP">
<kw name="Open Browser" owner="SeleniumLibrary">
<msg time="2026-02-23T11:53:41.235656" level="INFO">Opening browser 'edge' to base url 'https://practice.automationtesting.in/'.</msg>
<arg>${URL}</arg>
<arg>${browser}</arg>
<doc>Opens a new browser instance to the optional ``url``.</doc>
<status status="PASS" start="2026-02-23T11:53:41.235443" elapsed="13.912235"/>
</kw>
<kw name="Maximize Browser Window" owner="SeleniumLibrary">
<doc>Maximizes current browser window.</doc>
<status status="PASS" start="2026-02-23T11:53:55.147995" elapsed="0.057402"/>
</kw>
<kw name="Set Selenium Timeout" owner="SeleniumLibrary">
<arg>${TIMEOUT}</arg>
<doc>Sets the timeout that is used by various keywords.</doc>
<status status="PASS" start="2026-02-23T11:53:55.205656" elapsed="0.001639"/>
</kw>
<status status="PASS" start="2026-02-23T11:53:41.234799" elapsed="13.972675"/>
</kw>
<test id="s1-s1-t1" name="User1" line="12">
<kw name="Register User">
<if>
<branch type="IF" condition="'${EXPECTED}' != 'PASS'">
<kw name="Skip" owner="BuiltIn">
<arg>Not registration user</arg>
<doc>Skips the rest of the current test.</doc>
<status status="NOT RUN" start="2026-02-23T11:53:55.209656" elapsed="0.000033"/>
</kw>
<status status="NOT RUN" start="2026-02-23T11:53:55.209425" elapsed="0.000399"/>
</branch>
<status status="PASS" start="2026-02-23T11:53:55.209394" elapsed="0.000511"/>
</if>
<kw name="Go To" owner="SeleniumLibrary">
<msg time="2026-02-23T11:53:55.210230" level="INFO">Opening url 'https://practice.automationtesting.in/my-account/'</msg>
<arg>https://practice.automationtesting.in/my-account/</arg>
<doc>Navigates the current browser window to the provided ``url``.</doc>
<status status="PASS" start="2026-02-23T11:53:55.210059" elapsed="4.329014"/>
</kw>
<kw name="Handle Ads Popup" owner="common">
<kw name="Run Keyword And Ignore Error" owner="BuiltIn">
<kw name="Click Element" owner="SeleniumLibrary">
<msg time="2026-02-23T11:53:59.540736" level="INFO">Clicking element 'css:button[aria-label='Close']'.</msg>
<msg time="2026-02-23T11:53:59.709282" level="INFO" html="true">&lt;/td&gt;&lt;/tr&gt;&lt;tr&gt;&lt;td colspan="3"&gt;&lt;a href="selenium-screenshot-48.png"&gt;&lt;img src="selenium-screenshot-48.png" width="800px"&gt;&lt;/a&gt;</msg>
<msg time="2026-02-23T11:53:59.709485" level="FAIL">Element with locator 'css:button[aria-label='Close']' not found.</msg>
<arg>css:button[aria-label='Close']</arg>
<doc>Click the element identified by ``locator``.</doc>
<status status="FAIL" start="2026-02-23T11:53:59.540149" elapsed="0.174564">Element with locator 'css:button[aria-label='Close']' not found.</status>
</kw>
<arg>Click Element</arg>
<arg>css:button[aria-label='Close']</arg>
<doc>Runs the given keyword with the given arguments and ignores possible error.</doc>
<status status="PASS" start="2026-02-23T11:53:59.539946" elapsed="0.174946"/>
</kw>
<kw name="Run Keyword And Ignore Error" owner="BuiltIn">
<kw name="Execute Javascript" owner="SeleniumLibrary">
<msg time="2026-02-23T11:53:59.717200" level="INFO">Executing JavaScript:
document.body.classList.remove('modal-open')
Without any arguments.</msg>
<arg>document.body.classList.remove('modal-open')</arg>
<doc>Executes the given JavaScript code with possible arguments.</doc>
<status status="PASS" start="2026-02-23T11:53:59.715864" elapsed="0.124515"/>
</kw>
<arg>Execute Javascript</arg>
<arg>document.body.classList.remove('modal-open')</arg>
<doc>Runs the given keyword with the given arguments and ignores possible error.</doc>
<status status="PASS" start="2026-02-23T11:53:59.715243" elapsed="0.125315"/>
</kw>
<status status="PASS" start="2026-02-23T11:53:59.539399" elapsed="0.301291"/>
</kw>
<kw name="Wait Until Page Contains Element" owner="SeleniumLibrary">
<arg>id=reg_email</arg>
<doc>Waits until the element ``locator`` appears on the current page.</doc>
<status status="PASS" start="2026-02-23T11:53:59.840927" elapsed="0.024573"/>
</kw>
<kw name="Input Text" owner="SeleniumLibrary">
<msg time="2026-02-23T11:53:59.866031" level="INFO">Typing text 'testuser0043@test.com' into text field 'id=reg_email'.</msg>
<arg>id=reg_email</arg>
<arg>${EMAIL}</arg>
<doc>Types the given ``text`` into the text field identified by ``locator``.</doc>
<status status="PASS" start="2026-02-23T11:53:59.865719" elapsed="0.194853"/>
</kw>
<kw name="Textfield Value Should Be" owner="SeleniumLibrary">
<msg time="2026-02-23T11:54:00.088306" level="INFO">Content of text field 'id=reg_email' is 'testuser0043@test.com'.</msg>
<arg>id=reg_email</arg>
<arg>${EMAIL}</arg>
<doc>Verifies text field ``locator`` has exactly text ``expected``.</doc>
<status status="PASS" start="2026-02-23T11:54:00.060811" elapsed="0.027572"/>
</kw>
<kw name="Input Text" owner="SeleniumLibrary">
<msg time="2026-02-23T11:54:00.088769" level="INFO">Typing text 'Harika@3703' into text field 'id=reg_password'.</msg>
<arg>id=reg_password</arg>
<arg>${PASSWORD}</arg>
<doc>Types the given ``text`` into the text field identified by ``locator``.</doc>
<status status="PASS" start="2026-02-23T11:54:00.088532" elapsed="0.116023"/>
</kw>
<kw name="Element Should Be Visible" owner="SeleniumLibrary">
<msg time="2026-02-23T11:54:00.224974" level="INFO">Element 'id=reg_password' is displayed.</msg>
<arg>id=reg_password</arg>
<doc>Verifies that the element identified by ``locator`` is visible.</doc>
<status status="PASS" start="2026-02-23T11:54:00.204990" elapsed="0.020063"/>
</kw>
<kw name="Execute Javascript" owner="SeleniumLibrary">
<msg time="2026-02-23T11:54:00.225510" level="INFO">Executing JavaScript:
document.querySelector('input[name="register"]').click()
Without any arguments.</msg>
<arg>document.querySelector('input[name="register"]').click()</arg>
<doc>Executes the given JavaScript code with possible arguments.</doc>
<status status="PASS" start="2026-02-23T11:54:00.225215" elapsed="4.322057"/>
</kw>
<kw name="Wait Until Keyword Succeeds" owner="BuiltIn">
<kw name="Check Registration Result">
<kw name="Run Keyword And Return Status" owner="BuiltIn">
<kw name="Page Should Contain" owner="SeleniumLibrary">
<msg time="2026-02-23T11:54:04.571071" level="INFO">Current page contains text 'Logout'.</msg>
<arg>Logout</arg>
<doc>Verifies that current page contains ``text``.</doc>
<status status="PASS" start="2026-02-23T11:54:04.549525" elapsed="0.021710"/>
</kw>
<msg time="2026-02-23T11:54:04.571633" level="INFO">${logout} = True</msg>
<var>${logout}</var>
<arg>Page Should Contain</arg>
<arg>Logout</arg>
<doc>Runs the given keyword with given arguments and returns the status as a Boolean value.</doc>
<status status="PASS" start="2026-02-23T11:54:04.549298" elapsed="0.022404"/>
</kw>
<kw name="Run Keyword And Return Status" owner="BuiltIn">
<kw name="Page Should Contain" owner="SeleniumLibrary">
<msg time="2026-02-23T11:54:04.997336" level="INFO" html="true">&lt;/td&gt;&lt;/tr&gt;&lt;tr&gt;&lt;td colspan="3"&gt;&lt;a href="selenium-screenshot-49.png"&gt;&lt;img src="selenium-screenshot-49.png" width="800px"&gt;&lt;/a&gt;</msg>
<msg time="2026-02-23T11:54:04.997672" level="FAIL">Page should have contained text 'already registered' but did not.</msg>
<arg>already registered</arg>
<doc>Verifies that current page contains ``text``.</doc>
<status status="FAIL" start="2026-02-23T11:54:04.572811" elapsed="0.425808">Page should have contained text 'already registered' but did not.</status>
</kw>
<msg time="2026-02-23T11:54:04.998978" level="INFO">${exists} = False</msg>
<var>${exists}</var>
<arg>Page Should Contain</arg>
<arg>already registered</arg>
<doc>Runs the given keyword with given arguments and returns the status as a Boolean value.</doc>
<status status="PASS" start="2026-02-23T11:54:04.572159" elapsed="0.426873"/>
</kw>
<if>
<branch type="IF" condition="${logout} or ${exists}">
<kw name="Log" owner="BuiltIn">
<msg time="2026-02-23T11:54:04.999842" level="INFO">Registration successful (new user or already registered)</msg>
<arg>Registration successful (new user or already registered)</arg>
<doc>Logs the given message with the given level.</doc>
<status status="PASS" start="2026-02-23T11:54:04.999580" elapsed="0.000338"/>
</kw>
<status status="PASS" start="2026-02-23T11:54:04.999247" elapsed="0.000743"/>
</branch>
<branch type="ELSE">
<kw name="Fail" owner="BuiltIn">
<arg>Registration failed - no expected result found</arg>
<doc>Fails the test with the given message and optionally alters its tags.</doc>
<status status="NOT RUN" start="2026-02-23T11:54:05.000223" elapsed="0.000037"/>
</kw>
<status status="NOT RUN" start="2026-02-23T11:54:05.000065" elapsed="0.000242"/>
</branch>
<status status="PASS" start="2026-02-23T11:54:04.999215" elapsed="0.001122"/>
</if>
<status status="PASS" start="2026-02-23T11:54:04.548563" elapsed="0.451832"/>
</kw>
<arg>15s</arg>
<arg>2s</arg>
<arg>Check Registration Result</arg>
<doc>Runs the specified keyword and retries if it fails.</doc>
<status status="PASS" start="2026-02-23T11:54:04.547859" elapsed="0.452576"/>
</kw>
<arg>EMAIL=testuser0043@test.com</arg>
<arg>PASSWORD=Harika@3703</arg>
<arg>FIRSTNAME=Harika</arg>
<arg>LASTNAME=Reddy</arg>
<arg>PHONE=9876543210</arg>
<arg>CITY=Hyderabad</arg>
<arg>POSTCODE=500001</arg>
<arg>EXPECTED=PASS</arg>
<status status="PASS" start="2026-02-23T11:53:55.209079" elapsed="9.791402"/>
</kw>
<kw name="Run Keyword If Test Failed" owner="BuiltIn" type="TEARDOWN">
<arg>Capture Failed Screenshot</arg>
<doc>Runs the given keyword with the given arguments, if the test failed.</doc>
<status status="PASS" start="2026-02-23T11:54:05.001100" elapsed="0.000148"/>
</kw>
<status status="PASS" start="2026-02-23T11:53:55.207605" elapsed="9.793959"/>
</test>
<kw name="Close Browser" owner="SeleniumLibrary" type="TEARDOWN">
<doc>Closes the current browser.</doc>
<status status="PASS" start="2026-02-23T11:54:05.002304" elapsed="2.493937"/>
</kw>
<status status="PASS" start="2026-02-23T11:53:41.033003" elapsed="26.463334"/>
</suite>
<suite id="s1-s2" name="01 Login Validation" source="C:\Users\HP\PyCharmMiscProject\Capstone_Project\robot-framework\tests\01_login_validation.robot">
<kw name="Open Application" owner="common" type="SETUP">
<kw name="Open Browser" owner="SeleniumLibrary">
<msg time="2026-02-23T11:54:07.525431" level="INFO">Opening browser 'edge' to base url 'https://practice.automationtesting.in/'.</msg>
<arg>${URL}</arg>
<arg>${browser}</arg>
<doc>Opens a new browser instance to the optional ``url``.</doc>
<status status="PASS" start="2026-02-23T11:54:07.525227" elapsed="14.214437"/>
</kw>
<kw name="Maximize Browser Window" owner="SeleniumLibrary">
<doc>Maximizes current browser window.</doc>
<status status="PASS" start="2026-02-23T11:54:21.739965" elapsed="0.069069"/>
</kw>
<kw name="Set Selenium Timeout" owner="SeleniumLibrary">
<arg>${TIMEOUT}</arg>
<doc>Sets the timeout that is used by various keywords.</doc>
<status status="PASS" start="2026-02-23T11:54:21.809221" elapsed="0.001287"/>
</kw>
<status status="PASS" start="2026-02-23T11:54:07.524945" elapsed="14.285671"/>
</kw>
<test id="s1-s2-t1" name="User1" line="13">
<kw name="Go To Fresh Login Page" type="SETUP">
<kw name="Go To" owner="SeleniumLibrary">
<msg time="2026-02-23T11:54:21.815647" level="INFO">Opening url 'https://practice.automationtesting.in/my-account/'</msg>
<arg>https://practice.automationtesting.in/my-account/</arg>
<doc>Navigates the current browser window to the provided ``url``.</doc>
<status status="PASS" start="2026-02-23T11:54:21.815495" elapsed="5.558807"/>
</kw>
<kw name="Wait Until Page Contains Element" owner="SeleniumLibrary">
<arg>id=username</arg>
<doc>Waits until the element ``locator`` appears on the current page.</doc>
<status status="PASS" start="2026-02-23T11:54:27.374524" elapsed="0.015663"/>
</kw>
<kw name="Run Keyword And Ignore Error" owner="BuiltIn">
<kw name="Logout User" owner="login_keywords">
<kw name="Go To" owner="SeleniumLibrary">
<msg time="2026-02-23T11:54:27.391054" level="INFO">Opening url 'https://practice.automationtesting.in/my-account/'</msg>
<arg>https://practice.automationtesting.in/my-account/</arg>
<doc>Navigates the current browser window to the provided ``url``.</doc>
<status status="PASS" start="2026-02-23T11:54:27.390942" elapsed="4.427965"/>
</kw>
<kw name="Wait Until Page Contains Element" owner="SeleniumLibrary">
<arg>css=body</arg>
<doc>Waits until the element ``locator`` appears on the current page.</doc>
<status status="PASS" start="2026-02-23T11:54:31.819414" elapsed="0.053123"/>
</kw>
<kw name="Run Keyword And Ignore Error" owner="BuiltIn">
<kw name="Click Element" owner="SeleniumLibrary">
<msg time="2026-02-23T11:54:31.873238" level="INFO">Clicking element 'xpath=//a[text()='Logout']'.</msg>
<msg time="2026-02-23T11:54:32.147094" level="INFO" html="true">&lt;/td&gt;&lt;/tr&gt;&lt;tr&gt;&lt;td colspan="3"&gt;&lt;a href="selenium-screenshot-50.png"&gt;&lt;img src="selenium-screenshot-50.png" width="800px"&gt;&lt;/a&gt;</msg>
<msg time="2026-02-23T11:54:32.147339" level="FAIL">Element with locator 'xpath=//a[text()='Logout']' not found.</msg>
<arg>xpath=//a[text()='Logout']</arg>
<doc>Click the element identified by ``locator``.</doc>
<status status="FAIL" start="2026-02-23T11:54:31.873055" elapsed="0.277301">Element with locator 'xpath=//a[text()='Logout']' not found.</status>
</kw>
<arg>Click Element</arg>
<arg>xpath=//a[text()='Logout']</arg>
<doc>Runs the given keyword with the given arguments and ignores possible error.</doc>
<status status="PASS" start="2026-02-23T11:54:31.872753" elapsed="0.278010"/>
</kw>
<kw name="Wait Until Element Is Visible" owner="SeleniumLibrary">
<arg>id=username</arg>
<arg>15s</arg>
<doc>Waits until the element ``locator`` is visible.</doc>
<status status="PASS" start="2026-02-23T11:54:32.151240" elapsed="0.041571"/>
</kw>
<status status="PASS" start="2026-02-23T11:54:27.390761" elapsed="4.802314"/>
</kw>
<arg>Logout User</arg>
<doc>Runs the given keyword with the given arguments and ignores possible error.</doc>
<status status="PASS" start="2026-02-23T11:54:27.390524" elapsed="4.802688"/>
</kw>
<kw name="Go To" owner="SeleniumLibrary">
<msg time="2026-02-23T11:54:32.193880" level="INFO">Opening url 'https://practice.automationtesting.in/my-account/'</msg>
<arg>https://practice.automationtesting.in/my-account/</arg>
<doc>Navigates the current browser window to the provided ``url``.</doc>
<status status="PASS" start="2026-02-23T11:54:32.193542" elapsed="4.496708"/>
</kw>
<kw name="Wait Until Element Is Visible" owner="SeleniumLibrary">
<arg>id=username</arg>
<doc>Waits until the element ``locator`` is visible.</doc>
<status status="PASS" start="2026-02-23T11:54:36.690553" elapsed="0.223307"/>
</kw>
<status status="PASS" start="2026-02-23T11:54:21.815050" elapsed="15.099098"/>
</kw>
<kw name="Login Validation Template">
<kw name="Login User" owner="login_keywords">
<kw name="Input Text" owner="SeleniumLibrary">
<msg time="2026-02-23T11:54:36.915858" level="INFO">Typing text 'testuser999@test.com' into text field 'id=username'.</msg>
<arg>id=username</arg>
<arg>${EMAIL}</arg>
<doc>Types the given ``text`` into the text field identified by ``locator``.</doc>
<status status="PASS" start="2026-02-23T11:54:36.915666" elapsed="0.306960"/>
</kw>
<kw name="Input Text" owner="SeleniumLibrary">
<msg time="2026-02-23T11:54:37.223534" level="INFO">Typing text 'Harika@3703' into text field 'id=password'.</msg>
<arg>id=password</arg>
<arg>${PASSWORD}</arg>
<doc>Types the given ``text`` into the text field identified by ``locator``.</doc>
<status status="PASS" start="2026-02-23T11:54:37.223102" elapsed="0.208603"/>
</kw>
<kw name="Click Button" owner="SeleniumLibrary">
<msg time="2026-02-23T11:54:37.432247" level="INFO">Clicking button 'name=login'.</msg>
<arg>name=login</arg>
<doc>Clicks the button identified by ``locator``.</doc>
<status status="PASS" start="2026-02-23T11:54:37.431979" elapsed="4.617000"/>
</kw>
<arg>${EMAIL}</arg>
<arg>${PASSWORD}</arg>
<status status="PASS" start="2026-02-23T11:54:36.915379" elapsed="5.133985"/>
</kw>
<kw name="Run Keyword And Return Status" owner="BuiltIn">
<kw name="Wait Until Element Is Visible" owner="SeleniumLibrary">
<arg>css=div.woocommerce-MyAccount-content</arg>
<arg>5s</arg>
<doc>Waits until the element ``locator`` is visible.</doc>
<status status="PASS" start="2026-02-23T11:54:42.050460" elapsed="0.049040"/>
</kw>
<msg time="2026-02-23T11:54:42.099923" level="INFO">${dashboard_visible} = True</msg>
<var>${dashboard_visible}</var>
<arg>Wait Until Element Is Visible</arg>
<arg>css=div.woocommerce-MyAccount-content</arg>
<arg>5s</arg>
<doc>Runs the given keyword with given arguments and returns the status as a Boolean value.</doc>
<status status="PASS" start="2026-02-23T11:54:42.049882" elapsed="0.050126"/>
</kw>
<if>
<branch type="IF" condition="'${EXPECTED}'=='PASS'">
<kw name="Should Be True" owner="BuiltIn">
<arg>${dashboard_visible}</arg>
<doc>Fails if the given condition is not true.</doc>
<status status="PASS" start="2026-02-23T11:54:42.101621" elapsed="0.000617"/>
</kw>
<kw name="Logout User" owner="login_keywords">
<kw name="Go To" owner="SeleniumLibrary">
<msg time="2026-02-23T11:54:42.103700" level="INFO">Opening url 'https://practice.automationtesting.in/my-account/'</msg>
<arg>https://practice.automationtesting.in/my-account/</arg>
<doc>Navigates the current browser window to the provided ``url``.</doc>
<status status="PASS" start="2026-02-23T11:54:42.103434" elapsed="4.368308"/>
</kw>
<kw name="Wait Until Page Contains Element" owner="SeleniumLibrary">
<arg>css=body</arg>
<doc>Waits until the element ``locator`` appears on the current page.</doc>
<status status="PASS" start="2026-02-23T11:54:46.472072" elapsed="0.025700"/>
</kw>
<kw name="Run Keyword And Ignore Error" owner="BuiltIn">
<kw name="Click Element" owner="SeleniumLibrary">
<msg time="2026-02-23T11:54:46.498314" level="INFO">Clicking element 'xpath=//a[text()='Logout']'.</msg>
<arg>xpath=//a[text()='Logout']</arg>
<doc>Click the element identified by ``locator``.</doc>
<status status="PASS" start="2026-02-23T11:54:46.498168" elapsed="4.613399"/>
</kw>
<arg>Click Element</arg>
<arg>xpath=//a[text()='Logout']</arg>
<doc>Runs the given keyword with the given arguments and ignores possible error.</doc>
<status status="PASS" start="2026-02-23T11:54:46.497982" elapsed="4.613732"/>
</kw>
<kw name="Wait Until Element Is Visible" owner="SeleniumLibrary">
<arg>id=username</arg>
<arg>15s</arg>
<doc>Waits until the element ``locator`` is visible.</doc>
<status status="PASS" start="2026-02-23T11:54:51.111958" elapsed="0.173468"/>
</kw>
<status status="PASS" start="2026-02-23T11:54:42.102774" elapsed="9.182816"/>
</kw>
<kw name="Wait Until Element Is Visible" owner="SeleniumLibrary">
<arg>id=username</arg>
<doc>Waits until the element ``locator`` is visible.</doc>
<status status="PASS" start="2026-02-23T11:54:51.285793" elapsed="0.035295"/>
</kw>
<status status="PASS" start="2026-02-23T11:54:42.100913" elapsed="9.220264"/>
</branch>
<status status="PASS" start="2026-02-23T11:54:42.100825" elapsed="9.220407"/>
</if>
<if>
<branch type="IF" condition="'${EXPECTED}'=='FAIL'">
<kw name="Should Not Be True" owner="BuiltIn">
<arg>${dashboard_visible}</arg>
<doc>Fails if the given condition is true.</doc>
<status status="NOT RUN" start="2026-02-23T11:54:51.321518" elapsed="0.000028"/>
</kw>
<status status="NOT RUN" start="2026-02-23T11:54:51.321300" elapsed="0.000283"/>
</branch>
<status status="PASS" start="2026-02-23T11:54:51.321282" elapsed="0.000330"/>
</if>
<arg>EMAIL=testuser999@test.com</arg>
<arg>PASSWORD=Harika@3703</arg>
<arg>FIRSTNAME=Harika</arg>
<arg>LASTNAME=Reddy</arg>
<arg>PHONE=6301197671</arg>
<arg>CITY=Kurnool</arg>
<arg>POSTCODE=500001</arg>
<arg>EXPECTED=PASS</arg>
<status status="PASS" start="2026-02-23T11:54:36.914947" elapsed="14.406833"/>
</kw>
<kw name="Run Keyword If Test Failed" owner="BuiltIn" type="TEARDOWN">
<arg>Capture Failed Screenshot</arg>
<doc>Runs the given keyword with the given arguments, if the test failed.</doc>
<status status="PASS" start="2026-02-23T11:54:51.322472" elapsed="0.000131"/>
</kw>
<status status="PASS" start="2026-02-23T11:54:21.810694" elapsed="29.512339"/>
</test>
<test id="s1-s2-t2" name="User2" line="13">
<kw name="Go To Fresh Login Page" type="SETUP">
<kw name="Go To" owner="SeleniumLibrary">
<msg time="2026-02-23T11:54:51.324870" level="INFO">Opening url 'https://practice.automationtesting.in/my-account/'</msg>
<arg>https://practice.automationtesting.in/my-account/</arg>
<doc>Navigates the current browser window to the provided ``url``.</doc>
<status status="PASS" start="2026-02-23T11:54:51.324774" elapsed="4.429006"/>
</kw>
<kw name="Wait Until Page Contains Element" owner="SeleniumLibrary">
<arg>id=username</arg>
<doc>Waits until the element ``locator`` appears on the current page.</doc>
<status status="PASS" start="2026-02-23T11:54:55.754428" elapsed="0.036845"/>
</kw>
<kw name="Run Keyword And Ignore Error" owner="BuiltIn">
<kw name="Logout User" owner="login_keywords">
<kw name="Go To" owner="SeleniumLibrary">
<msg time="2026-02-23T11:54:55.791987" level="INFO">Opening url 'https://practice.automationtesting.in/my-account/'</msg>
<arg>https://practice.automationtesting.in/my-account/</arg>
<doc>Navigates the current browser window to the provided ``url``.</doc>
<status status="PASS" start="2026-02-23T11:54:55.791863" elapsed="4.337924"/>
</kw>
<kw name="Wait Until Page Contains Element" owner="SeleniumLibrary">
<arg>css=body</arg>
<doc>Waits until the element ``locator`` appears on the current page.</doc>
<status status="PASS" start="2026-02-23T11:55:00.130501" elapsed="0.012187"/>
</kw>
<kw name="Run Keyword And Ignore Error" owner="BuiltIn">
<kw name="Click Element" owner="SeleniumLibrary">
<msg time="2026-02-23T11:55:00.143585" level="INFO">Clicking element 'xpath=//a[text()='Logout']'.</msg>
<msg time="2026-02-23T11:55:00.348740" level="INFO" html="true">&lt;/td&gt;&lt;/tr&gt;&lt;tr&gt;&lt;td colspan="3"&gt;&lt;a href="selenium-screenshot-51.png"&gt;&lt;img src="selenium-screenshot-51.png" width="800px"&gt;&lt;/a&gt;</msg>
<msg time="2026-02-23T11:55:00.348937" level="FAIL">Element with locator 'xpath=//a[text()='Logout']' not found.</msg>
<arg>xpath=//a[text()='Logout']</arg>
<doc>Click the element identified by ``locator``.</doc>
<status status="FAIL" start="2026-02-23T11:55:00.143332" elapsed="0.206902">Element with locator 'xpath=//a[text()='Logout']' not found.</status>
</kw>
<arg>Click Element</arg>
<arg>xpath=//a[text()='Logout']</arg>
<doc>Runs the given keyword with the given arguments and ignores possible error.</doc>
<status status="PASS" start="2026-02-23T11:55:00.142979" elapsed="0.207482"/>
</kw>
<kw name="Wait Until Element Is Visible" owner="SeleniumLibrary">
<arg>id=username</arg>
<arg>15s</arg>
<doc>Waits until the element ``locator`` is visible.</doc>
<status status="PASS" start="2026-02-23T11:55:00.350661" elapsed="0.015201"/>
</kw>
<status status="PASS" start="2026-02-23T11:54:55.791648" elapsed="4.574342"/>
</kw>
<arg>Logout User</arg>
<doc>Runs the given keyword with the given arguments and ignores possible error.</doc>
<status status="PASS" start="2026-02-23T11:54:55.791464" elapsed="4.574572"/>
</kw>
<kw name="Go To" owner="SeleniumLibrary">
<msg time="2026-02-23T11:55:00.366334" level="INFO">Opening url 'https://practice.automationtesting.in/my-account/'</msg>
<arg>https://practice.automationtesting.in/my-account/</arg>
<doc>Navigates the current browser window to the provided ``url``.</doc>
<status status="PASS" start="2026-02-23T11:55:00.366178" elapsed="4.330720"/>
</kw>
<kw name="Wait Until Element Is Visible" owner="SeleniumLibrary">
<arg>id=username</arg>
<doc>Waits until the element ``locator`` is visible.</doc>
<status status="PASS" start="2026-02-23T11:55:04.697179" elapsed="0.091310"/>
</kw>
<status status="PASS" start="2026-02-23T11:54:51.324564" elapsed="13.464129"/>
</kw>
<kw name="Login Validation Template">
<kw name="Login User" owner="login_keywords">
<kw name="Input Text" owner="SeleniumLibrary">
<msg time="2026-02-23T11:55:04.790061" level="INFO">Typing text 'testuser2@test.com' into text field 'id=username'.</msg>
<arg>id=username</arg>
<arg>${EMAIL}</arg>
<doc>Types the given ``text`` into the text field identified by ``locator``.</doc>
<status status="PASS" start="2026-02-23T11:55:04.789808" elapsed="0.277285"/>
</kw>
<kw name="Input Text" owner="SeleniumLibrary">
<msg time="2026-02-23T11:55:05.067677" level="INFO">Typing text 'Wrong123' into text field 'id=password'.</msg>
<arg>id=password</arg>
<arg>${PASSWORD}</arg>
<doc>Types the given ``text`` into the text field identified by ``locator``.</doc>
<status status="PASS" start="2026-02-23T11:55:05.067361" elapsed="0.186105"/>
</kw>
<kw name="Click Button" owner="SeleniumLibrary">
<msg time="2026-02-23T11:55:05.254209" level="INFO">Clicking button 'name=login'.</msg>
<arg>name=login</arg>
<doc>Clicks the button identified by ``locator``.</doc>
<status status="PASS" start="2026-02-23T11:55:05.253797" elapsed="0.136531"/>
</kw>
<arg>${EMAIL}</arg>
<arg>${PASSWORD}</arg>
<status status="PASS" start="2026-02-23T11:55:04.789524" elapsed="0.600918"/>
</kw>
<kw name="Run Keyword And Return Status" owner="BuiltIn">
<kw name="Wait Until Element Is Visible" owner="SeleniumLibrary">
<msg time="2026-02-23T11:55:10.698200" level="INFO" html="true">&lt;/td&gt;&lt;/tr&gt;&lt;tr&gt;&lt;td colspan="3"&gt;&lt;a href="selenium-screenshot-52.png"&gt;&lt;img src="selenium-screenshot-52.png" width="800px"&gt;&lt;/a&gt;</msg>
<msg time="2026-02-23T11:55:10.698451" level="FAIL">Element 'css=div.woocommerce-MyAccount-content' not visible after 5 seconds.</msg>
<arg>css=div.woocommerce-MyAccount-content</arg>
<arg>5s</arg>
<doc>Waits until the element ``locator`` is visible.</doc>
<status status="FAIL" start="2026-02-23T11:55:05.390768" elapsed="5.309847">Element 'css=div.woocommerce-MyAccount-content' not visible after 5 seconds.</status>
</kw>
<msg time="2026-02-23T11:55:10.700773" level="INFO">${dashboard_visible} = False</msg>
<var>${dashboard_visible}</var>
<arg>Wait Until Element Is Visible</arg>
<arg>css=div.woocommerce-MyAccount-content</arg>
<arg>5s</arg>
<doc>Runs the given keyword with given arguments and returns the status as a Boolean value.</doc>
<status status="PASS" start="2026-02-23T11:55:05.390602" elapsed="5.310194"/>
</kw>
<if>
<branch type="IF" condition="'${EXPECTED}'=='PASS'">
<kw name="Should Be True" owner="BuiltIn">
<arg>${dashboard_visible}</arg>
<doc>Fails if the given condition is not true.</doc>
<status status="NOT RUN" start="2026-02-23T11:55:10.701106" elapsed="0.000024"/>
</kw>
<kw name="Logout User" owner="login_keywords">
<status status="NOT RUN" start="2026-02-23T11:55:10.701245" elapsed="0.000023"/>
</kw>
<kw name="Wait Until Element Is Visible" owner="SeleniumLibrary">
<arg>id=username</arg>
<doc>Waits until the element ``locator`` is visible.</doc>
<status status="NOT RUN" start="2026-02-23T11:55:10.701337" elapsed="0.000017"/>
</kw>
<status status="NOT RUN" start="2026-02-23T11:55:10.700911" elapsed="0.000470"/>
</branch>
<status status="PASS" start="2026-02-23T11:55:10.700869" elapsed="0.000541"/>
</if>
<if>
<branch type="IF" condition="'${EXPECTED}'=='FAIL'">
<kw name="Should Not Be True" owner="BuiltIn">
<arg>${dashboard_visible}</arg>
<doc>Fails if the given condition is true.</doc>
<status status="PASS" start="2026-02-23T11:55:10.701561" elapsed="0.000204"/>
</kw>
<status status="PASS" start="2026-02-23T11:55:10.701449" elapsed="0.000407"/>
</branch>
<status status="PASS" start="2026-02-23T11:55:10.701439" elapsed="0.000456"/>
</if>
<arg>EMAIL=testuser2@test.com</arg>
<arg>PASSWORD=Wrong123</arg>
<arg>FIRSTNAME=</arg>
<arg>LASTNAME=</arg>
<arg>PHONE=9876543222</arg>
<arg>CITY=Chennai</arg>
<arg>POSTCODE=600001</arg>
<arg>EXPECTED=FAIL</arg>
<status status="PASS" start="2026-02-23T11:55:04.789189" elapsed="5.912766"/>
</kw>
<kw name="Run Keyword If Test Failed" owner="BuiltIn" type="TEARDOWN">
<arg>Capture Failed Screenshot</arg>
<doc>Runs the given keyword with the given arguments, if the test failed.</doc>
<status status="PASS" start="2026-02-23T11:55:10.702639" elapsed="0.000117"/>
</kw>
<status status="PASS" start="2026-02-23T11:54:51.323518" elapsed="19.379596"/>
</test>
<test id="s1-s2-t3" name="User3" line="13">
<kw name="Go To Fresh Login Page" type="SETUP">
<kw name="Go To" owner="SeleniumLibrary">
<msg time="2026-02-23T11:55:10.705447" level="INFO">Opening url 'https://practice.automationtesting.in/my-account/'</msg>
<arg>https://practice.automationtesting.in/my-account/</arg>
<doc>Navigates the current browser window to the provided ``url``.</doc>
<status status="PASS" start="2026-02-23T11:55:10.705362" elapsed="4.332604"/>
</kw>
<kw name="Wait Until Page Contains Element" owner="SeleniumLibrary">
<arg>id=username</arg>
<doc>Waits until the element ``locator`` appears on the current page.</doc>
<status status="PASS" start="2026-02-23T11:55:15.038203" elapsed="0.026526"/>
</kw>
<kw name="Run Keyword And Ignore Error" owner="BuiltIn">
<kw name="Logout User" owner="login_keywords">
<kw name="Go To" owner="SeleniumLibrary">
<msg time="2026-02-23T11:55:15.065615" level="INFO">Opening url 'https://practice.automationtesting.in/my-account/'</msg>
<arg>https://practice.automationtesting.in/my-account/</arg>
<doc>Navigates the current browser window to the provided ``url``.</doc>
<status status="PASS" start="2026-02-23T11:55:15.065518" elapsed="4.449711"/>
</kw>
<kw name="Wait Until Page Contains Element" owner="SeleniumLibrary">
<arg>css=body</arg>
<doc>Waits until the element ``locator`` appears on the current page.</doc>
<status status="PASS" start="2026-02-23T11:55:19.515532" elapsed="0.013298"/>
</kw>
<kw name="Run Keyword And Ignore Error" owner="BuiltIn">
<kw name="Click Element" owner="SeleniumLibrary">
<msg time="2026-02-23T11:55:19.530228" level="INFO">Clicking element 'xpath=//a[text()='Logout']'.</msg>
<msg time="2026-02-23T11:55:19.862602" level="INFO" html="true">&lt;/td&gt;&lt;/tr&gt;&lt;tr&gt;&lt;td colspan="3"&gt;&lt;a href="selenium-screenshot-53.png"&gt;&lt;img src="selenium-screenshot-53.png" width="800px"&gt;&lt;/a&gt;</msg>
<msg time="2026-02-23T11:55:19.862813" level="FAIL">Element with locator 'xpath=//a[text()='Logout']' not found.</msg>
<arg>xpath=//a[text()='Logout']</arg>
<doc>Click the element identified by ``locator``.</doc>
<status status="FAIL" start="2026-02-23T11:55:19.529862" elapsed="0.335169">Element with locator 'xpath=//a[text()='Logout']' not found.</status>
</kw>
<arg>Click Element</arg>
<arg>xpath=//a[text()='Logout']</arg>
<doc>Runs the given keyword with the given arguments and ignores possible error.</doc>
<status status="PASS" start="2026-02-23T11:55:19.529310" elapsed="0.335855"/>
</kw>
<kw name="Wait Until Element Is Visible" owner="SeleniumLibrary">
<arg>id=username</arg>
<arg>15s</arg>
<doc>Waits until the element ``locator`` is visible.</doc>
<status status="PASS" start="2026-02-23T11:55:19.865319" elapsed="0.065753"/>
</kw>
<status status="PASS" start="2026-02-23T11:55:15.065250" elapsed="4.866219"/>
</kw>
<arg>Logout User</arg>
<doc>Runs the given keyword with the given arguments and ignores possible error.</doc>
<status status="PASS" start="2026-02-23T11:55:15.064981" elapsed="4.866694"/>
</kw>
<kw name="Go To" owner="SeleniumLibrary">
<msg time="2026-02-23T11:55:19.932632" level="INFO">Opening url 'https://practice.automationtesting.in/my-account/'</msg>
<arg>https://practice.automationtesting.in/my-account/</arg>
<doc>Navigates the current browser window to the provided ``url``.</doc>
<status status="PASS" start="2026-02-23T11:55:19.932216" elapsed="4.416843"/>
</kw>
<kw name="Wait Until Element Is Visible" owner="SeleniumLibrary">
<arg>id=username</arg>
<doc>Waits until the element ``locator`` is visible.</doc>
<status status="PASS" start="2026-02-23T11:55:24.349316" elapsed="0.018149"/>
</kw>
<status status="PASS" start="2026-02-23T11:55:10.705145" elapsed="13.662507"/>
</kw>
<kw name="Login Validation Template">
<kw name="Login User" owner="login_keywords">
<kw name="Input Text" owner="SeleniumLibrary">
<msg time="2026-02-23T11:55:24.370008" level="INFO">Typing text 'testuser3@test.com' into text field 'id=username'.</msg>
<arg>id=username</arg>
<arg>${EMAIL}</arg>
<doc>Types the given ``text`` into the text field identified by ``locator``.</doc>
<status status="PASS" start="2026-02-23T11:55:24.369592" elapsed="0.314310"/>
</kw>
<kw name="Input Text" owner="SeleniumLibrary">
<msg time="2026-02-23T11:55:24.685269" level="INFO">Typing text '' into text field 'id=password'.</msg>
<arg>id=password</arg>
<arg>${PASSWORD}</arg>
<doc>Types the given ``text`` into the text field identified by ``locator``.</doc>
<status status="PASS" start="2026-02-23T11:55:24.684791" elapsed="0.107898"/>
</kw>
<kw name="Click Button" owner="SeleniumLibrary">
<msg time="2026-02-23T11:55:24.793138" level="INFO">Clicking button 'name=login'.</msg>
<arg>name=login</arg>
<doc>Clicks the button identified by ``locator``.</doc>
<status status="PASS" start="2026-02-23T11:55:24.792875" elapsed="4.488140"/>
</kw>
<arg>${EMAIL}</arg>
<arg>${PASSWORD}</arg>
<status status="PASS" start="2026-02-23T11:55:24.369091" elapsed="4.912143"/>
</kw>
<kw name="Run Keyword And Return Status" owner="BuiltIn">
<kw name="Wait Until Element Is Visible" owner="SeleniumLibrary">
<msg time="2026-02-23T11:55:34.575745" level="INFO" html="true">&lt;/td&gt;&lt;/tr&gt;&lt;tr&gt;&lt;td colspan="3"&gt;&lt;a href="selenium-screenshot-54.png"&gt;&lt;img src="selenium-screenshot-54.png" width="800px"&gt;&lt;/a&gt;</msg>
<msg time="2026-02-23T11:55:34.575933" level="FAIL">Element 'css=div.woocommerce-MyAccount-content' not visible after 5 seconds.</msg>
<arg>css=div.woocommerce-MyAccount-content</arg>
<arg>5s</arg>
<doc>Waits until the element ``locator`` is visible.</doc>
<status status="FAIL" start="2026-02-23T11:55:29.282119" elapsed="5.294603">Element 'css=div.woocommerce-MyAccount-content' not visible after 5 seconds.</status>
</kw>
<msg time="2026-02-23T11:55:34.576860" level="INFO">${dashboard_visible} = False</msg>
<var>${dashboard_visible}</var>
<arg>Wait Until Element Is Visible</arg>
<arg>css=div.woocommerce-MyAccount-content</arg>
<arg>5s</arg>
<doc>Runs the given keyword with given arguments and returns the status as a Boolean value.</doc>
<status status="PASS" start="2026-02-23T11:55:29.281527" elapsed="5.295352"/>
</kw>
<if>
<branch type="IF" condition="'${EXPECTED}'=='PASS'">
<kw name="Should Be True" owner="BuiltIn">
<arg>${dashboard_visible}</arg>
<doc>Fails if the given condition is not true.</doc>
<status status="NOT RUN" start="2026-02-23T11:55:34.577219" elapsed="0.000030"/>
</kw>
<kw name="Logout User" owner="login_keywords">
<status status="NOT RUN" start="2026-02-23T11:55:34.577394" elapsed="0.000029"/>
</kw>
<kw name="Wait Until Element Is Visible" owner="SeleniumLibrary">
<arg>id=username</arg>
<doc>Waits until the element ``locator`` is visible.</doc>
<status status="NOT RUN" start="2026-02-23T11:55:34.577512" elapsed="0.000022"/>
</kw>
<status status="NOT RUN" start="2026-02-23T11:55:34.576968" elapsed="0.000600"/>
</branch>
<status status="PASS" start="2026-02-23T11:55:34.576946" elapsed="0.000659"/>
</if>
<if>
<branch type="IF" condition="'${EXPECTED}'=='FAIL'">
<kw name="Should Not Be True" owner="BuiltIn">
<arg>${dashboard_visible}</arg>
<doc>Fails if the given condition is true.</doc>
<status status="PASS" start="2026-02-23T11:55:34.577799" elapsed="0.000200"/>
</kw>
<status status="PASS" start="2026-02-23T11:55:34.577654" elapsed="0.000410"/>
</branch>
<status status="PASS" start="2026-02-23T11:55:34.577641" elapsed="0.000478"/>
</if>
<arg>EMAIL=testuser3@test.com</arg>
<arg>PASSWORD=</arg>
<arg>FIRSTNAME=Mounika</arg>
<arg>LASTNAME=Reddy</arg>
<arg>PHONE=</arg>
<arg>CITY=Bangalore</arg>
<arg>POSTCODE=560001</arg>
<arg>EXPECTED=FAIL</arg>
<status status="PASS" start="2026-02-23T11:55:24.368438" elapsed="10.209752"/>
</kw>
<kw name="Run Keyword If Test Failed" owner="BuiltIn" type="TEARDOWN">
<arg>Capture Failed Screenshot</arg>
<doc>Runs the given keyword with the given arguments, if the test failed.</doc>
<status status="PASS" start="2026-02-23T11:55:34.578715" elapsed="0.000114"/>
</kw>
<status status="PASS" start="2026-02-23T11:55:10.704194" elapsed="23.874980"/>
</test>
<kw name="Close Application" owner="common" type="TEARDOWN">
<kw name="Close All Browsers" owner="SeleniumLibrary">
<doc>Closes all open browsers and resets the browser cache.</doc>
<status status="PASS" start="2026-02-23T11:55:34.580454" elapsed="2.303888"/>
</kw>
<status status="PASS" start="2026-02-23T11:55:34.580257" elapsed="2.304213"/>
</kw>
<status status="PASS" start="2026-02-23T11:54:07.497417" elapsed="89.387094"/>
</suite>
<suite id="s1-s3" name="02 Search Validation" source="C:\Users\HP\PyCharmMiscProject\Capstone_Project\robot-framework\tests\02_search_validation.robot">
<kw name="Open Application" owner="common" type="SETUP">
<kw name="Open Browser" owner="SeleniumLibrary">
<msg time="2026-02-23T11:55:36.889451" level="INFO">Opening browser 'edge' to base url 'https://practice.automationtesting.in/'.</msg>
<arg>${URL}</arg>
<arg>${browser}</arg>
<doc>Opens a new browser instance to the optional ``url``.</doc>
<status status="PASS" start="2026-02-23T11:55:36.889269" elapsed="14.607257"/>
</kw>
<kw name="Maximize Browser Window" owner="SeleniumLibrary">
<doc>Maximizes current browser window.</doc>
<status status="PASS" start="2026-02-23T11:55:51.496866" elapsed="0.080665"/>
</kw>
<kw name="Set Selenium Timeout" owner="SeleniumLibrary">
<arg>${TIMEOUT}</arg>
<doc>Sets the timeout that is used by various keywords.</doc>
<status status="PASS" start="2026-02-23T11:55:51.577926" elapsed="0.001965"/>
</kw>
<status status="PASS" start="2026-02-23T11:55:36.889016" elapsed="14.691077"/>
</kw>
<test id="s1-s3-t1" name="Search With Valid Product" line="66">
<kw name="Go To Shop Page" type="SETUP">
<kw name="Go To" owner="SeleniumLibrary">
<msg time="2026-02-23T11:55:51.581165" level="INFO">Opening url 'https://practice.automationtesting.in/shop/'</msg>
<arg>https://practice.automationtesting.in/shop/</arg>
<doc>Navigates the current browser window to the provided ``url``.</doc>
<status status="PASS" start="2026-02-23T11:55:51.581080" elapsed="2.834714"/>
</kw>
<kw name="Wait Until Page Contains Element" owner="SeleniumLibrary">
<arg>id=content</arg>
<doc>Waits until the element ``locator`` appears on the current page.</doc>
<status status="PASS" start="2026-02-23T11:55:54.416275" elapsed="0.022471"/>
</kw>
<status status="PASS" start="2026-02-23T11:55:51.580862" elapsed="2.858085"/>
</kw>
<kw name="Search And Validate Products">
<kw name="Input Text" owner="SeleniumLibrary">
<msg time="2026-02-23T11:55:54.440658" level="INFO">Typing text 'HTML' into text field 'id=s'.</msg>
<arg>id=s</arg>
<arg>${product}</arg>
<doc>Types the given ``text`` into the text field identified by ``locator``.</doc>
<status status="PASS" start="2026-02-23T11:55:54.440243" elapsed="0.258997"/>
</kw>
<kw name="Textfield Value Should Be" owner="SeleniumLibrary">
<msg time="2026-02-23T11:55:54.745712" level="INFO">Content of text field 'id=s' is 'HTML'.</msg>
<arg>id=s</arg>
<arg>${product}</arg>
<doc>Verifies text field ``locator`` has exactly text ``expected``.</doc>
<status status="PASS" start="2026-02-23T11:55:54.699507" elapsed="0.046364"/>
</kw>
<kw name="Press Keys" owner="SeleniumLibrary">
<msg time="2026-02-23T11:55:54.747044" level="INFO">Sending key(s) ('ENTER',) to id=s element.</msg>
<msg time="2026-02-23T11:55:55.063432" level="INFO">Pressing special key ENTER to element.</msg>
<msg time="2026-02-23T11:55:55.063550" level="INFO">Releasing special key ENTER.</msg>
<arg>id=s</arg>
<arg>ENTER</arg>
<doc>Simulates the user pressing key(s) to an element or on the active browser.</doc>
<status status="PASS" start="2026-02-23T11:55:54.746197" elapsed="0.325705"/>
</kw>
<arg>${VALID_PRODUCT}</arg>
<arg>PASS</arg>
<status status="PASS" start="2026-02-23T11:55:54.439510" elapsed="0.632616"/>
</kw>
<kw name="Run Keyword If Test Failed" owner="BuiltIn" type="TEARDOWN">
<arg>Capture Failed Screenshot</arg>
<doc>Runs the given keyword with the given arguments, if the test failed.</doc>
<status status="PASS" start="2026-02-23T11:55:55.073514" elapsed="0.000482"/>
</kw>
<status status="PASS" start="2026-02-23T11:55:51.580242" elapsed="3.494200"/>
</test>
<test id="s1-s3-t2" name="Search With Invalid Product" line="69">
<kw name="Go To Shop Page" type="SETUP">
<kw name="Go To" owner="SeleniumLibrary">
<msg time="2026-02-23T11:55:55.076135" level="INFO">Opening url 'https://practice.automationtesting.in/shop/'</msg>
<arg>https://practice.automationtesting.in/shop/</arg>
<doc>Navigates the current browser window to the provided ``url``.</doc>
<status status="PASS" start="2026-02-23T11:55:55.075993" elapsed="2.762201"/>
</kw>
<kw name="Wait Until Page Contains Element" owner="SeleniumLibrary">
<arg>id=content</arg>
<doc>Waits until the element ``locator`` appears on the current page.</doc>
<status status="PASS" start="2026-02-23T11:55:57.838427" elapsed="0.038561"/>
</kw>
<status status="PASS" start="2026-02-23T11:55:55.075632" elapsed="2.801491"/>
</kw>
<kw name="Search And Validate Products">
<kw name="Input Text" owner="SeleniumLibrary">
<msg time="2026-02-23T11:55:57.878538" level="INFO">Typing text 'XYZINVALID123' into text field 'id=s'.</msg>
<arg>id=s</arg>
<arg>${product}</arg>
<doc>Types the given ``text`` into the text field identified by ``locator``.</doc>
<status status="PASS" start="2026-02-23T11:55:57.878242" elapsed="0.184375"/>
</kw>
<kw name="Textfield Value Should Be" owner="SeleniumLibrary">
<msg time="2026-02-23T11:55:58.101591" level="INFO">Content of text field 'id=s' is 'XYZINVALID123'.</msg>
<arg>id=s</arg>
<arg>${product}</arg>
<doc>Verifies text field ``locator`` has exactly text ``expected``.</doc>
<status status="PASS" start="2026-02-23T11:55:58.063029" elapsed="0.038724"/>
</kw>
<kw name="Press Keys" owner="SeleniumLibrary">
<msg time="2026-02-23T11:55:58.102776" level="INFO">Sending key(s) ('ENTER',) to id=s element.</msg>
<msg time="2026-02-23T11:55:58.387945" level="INFO">Pressing special key ENTER to element.</msg>
<msg time="2026-02-23T11:55:58.388025" level="INFO">Releasing special key ENTER.</msg>
<arg>id=s</arg>
<arg>ENTER</arg>
<doc>Simulates the user pressing key(s) to an element or on the active browser.</doc>
<status status="PASS" start="2026-02-23T11:55:58.102054" elapsed="1.930790"/>
</kw>
<arg>${INVALID_PRODUCT}</arg>
<arg>NORESULT</arg>
<status status="PASS" start="2026-02-23T11:55:57.877709" elapsed="2.155434"/>
</kw>
<kw name="Run Keyword If Test Failed" owner="BuiltIn" type="TEARDOWN">
<arg>Capture Failed Screenshot</arg>
<doc>Runs the given keyword with the given arguments, if the test failed.</doc>
<status status="PASS" start="2026-02-23T11:56:00.033827" elapsed="0.000217"/>
</kw>
<status status="PASS" start="2026-02-23T11:55:55.075120" elapsed="4.959468"/>
</test>
<test id="s1-s3-t3" name="Search With Empty Value" line="72">
<kw name="Go To Shop Page" type="SETUP">
<kw name="Go To" owner="SeleniumLibrary">
<msg time="2026-02-23T11:56:00.037646" level="INFO">Opening url 'https://practice.automationtesting.in/shop/'</msg>
<arg>https://practice.automationtesting.in/shop/</arg>
<doc>Navigates the current browser window to the provided ``url``.</doc>
<status status="PASS" start="2026-02-23T11:56:00.037503" elapsed="2.716295"/>
</kw>
<kw name="Wait Until Page Contains Element" owner="SeleniumLibrary">
<arg>id=content</arg>
<doc>Waits until the element ``locator`` appears on the current page.</doc>
<status status="PASS" start="2026-02-23T11:56:02.754349" elapsed="0.014724"/>
</kw>
<status status="PASS" start="2026-02-23T11:56:00.037140" elapsed="2.732044"/>
</kw>
<kw name="Search And Validate Products">
<kw name="Input Text" owner="SeleniumLibrary">
<msg time="2026-02-23T11:56:02.770449" level="INFO">Typing text '' into text field 'id=s'.</msg>
<arg>id=s</arg>
<arg>${product}</arg>
<doc>Types the given ``text`` into the text field identified by ``locator``.</doc>
<status status="PASS" start="2026-02-23T11:56:02.770258" elapsed="0.211392"/>
</kw>
<kw name="Textfield Value Should Be" owner="SeleniumLibrary">
<msg time="2026-02-23T11:56:03.027215" level="INFO">Content of text field 'id=s' is ''.</msg>
<arg>id=s</arg>
<arg>${product}</arg>
<doc>Verifies text field ``locator`` has exactly text ``expected``.</doc>
<status status="PASS" start="2026-02-23T11:56:02.982087" elapsed="0.045323"/>
</kw>
<kw name="Press Keys" owner="SeleniumLibrary">
<msg time="2026-02-23T11:56:03.028814" level="INFO">Sending key(s) ('ENTER',) to id=s element.</msg>
<msg time="2026-02-23T11:56:03.351229" level="INFO">Pressing special key ENTER to element.</msg>
<msg time="2026-02-23T11:56:03.351343" level="INFO">Releasing special key ENTER.</msg>
<arg>id=s</arg>
<arg>ENTER</arg>
<doc>Simulates the user pressing key(s) to an element or on the active browser.</doc>
<status status="PASS" start="2026-02-23T11:56:03.027767" elapsed="0.333732"/>
</kw>
<arg>${EMPTY}</arg>
<arg>ALL</arg>
<status status="PASS" start="2026-02-23T11:56:02.769887" elapsed="0.591838"/>
</kw>
<kw name="Run Keyword If Test Failed" owner="BuiltIn" type="TEARDOWN">
<arg>Capture Failed Screenshot</arg>
<doc>Runs the given keyword with the given arguments, if the test failed.</doc>
<status status="PASS" start="2026-02-23T11:56:03.362376" elapsed="0.000172"/>
</kw>
<status status="PASS" start="2026-02-23T11:56:00.036507" elapsed="3.326413"/>
</test>
<kw name="Close Application" owner="common" type="TEARDOWN">
<kw name="Close All Browsers" owner="SeleniumLibrary">
<doc>Closes all open browsers and resets the browser cache.</doc>
<status status="PASS" start="2026-02-23T11:56:03.364625" elapsed="2.286898"/>
</kw>
<status status="PASS" start="2026-02-23T11:56:03.364289" elapsed="2.287372"/>
</kw>
<status status="PASS" start="2026-02-23T11:55:36.885224" elapsed="28.766481"/>
</suite>
<suite id="s1-s4" name="03 Sorting Filter Validation" source="C:\Users\HP\PyCharmMiscProject\Capstone_Project\robot-framework\tests\03_sorting_filter_validation.robot">
<kw name="Open Application" owner="common" type="SETUP">
<kw name="Open Browser" owner="SeleniumLibrary">
<msg time="2026-02-23T11:56:05.656140" level="INFO">Opening browser 'edge' to base url 'https://practice.automationtesting.in/'.</msg>
<arg>${URL}</arg>
<arg>${browser}</arg>
<doc>Opens a new browser instance to the optional ``url``.</doc>
<status status="PASS" start="2026-02-23T11:56:05.655943" elapsed="14.134084"/>
</kw>
<kw name="Maximize Browser Window" owner="SeleniumLibrary">
<doc>Maximizes current browser window.</doc>
<status status="PASS" start="2026-02-23T11:56:19.790291" elapsed="0.071325"/>
</kw>
<kw name="Set Selenium Timeout" owner="SeleniumLibrary">
<arg>${TIMEOUT}</arg>
<doc>Sets the timeout that is used by various keywords.</doc>
<status status="PASS" start="2026-02-23T11:56:19.861912" elapsed="0.002435"/>
</kw>
<status status="PASS" start="2026-02-23T11:56:05.655740" elapsed="14.208785"/>
</kw>
<test id="s1-s4-t1" name="Default Sorting Validation" line="63">
<kw name="Go To Shop Page" type="SETUP">
<kw name="Go To" owner="SeleniumLibrary">
<msg time="2026-02-23T11:56:19.865619" level="INFO">Opening url 'https://practice.automationtesting.in/shop/'</msg>
<arg>https://practice.automationtesting.in/shop/</arg>
<doc>Navigates the current browser window to the provided ``url``.</doc>
<status status="PASS" start="2026-02-23T11:56:19.865477" elapsed="14.521948"/>
</kw>
<kw name="Wait Until Page Contains Element" owner="SeleniumLibrary">
<arg>id=content</arg>
<doc>Waits until the element ``locator`` appears on the current page.</doc>
<status status="PASS" start="2026-02-23T11:56:34.387810" elapsed="0.013526"/>
</kw>
<status status="PASS" start="2026-02-23T11:56:19.865216" elapsed="14.536318"/>
</kw>
<kw name="Select Default Sorting">
<kw name="Select From List By Label" owner="SeleniumLibrary">
<msg time="2026-02-23T11:56:34.402557" level="INFO">Selecting options from selection list 'css=select.orderby' by label Default sorting.</msg>
<arg>css=select.orderby</arg>
<arg>Default sorting</arg>
<doc>Selects options from selection list ``locator`` by ``labels``.</doc>
<status status="PASS" start="2026-02-23T11:56:34.402376" elapsed="0.169965"/>
</kw>
<kw name="Sleep" owner="BuiltIn">
<msg time="2026-02-23T11:56:36.573517" level="INFO">Slept 2 seconds.</msg>
<arg>2s</arg>
<doc>Pauses the test executed for the given time.</doc>
<status status="PASS" start="2026-02-23T11:56:34.572833" elapsed="2.000845"/>
</kw>
<kw name="List Selection Should Be" owner="SeleniumLibrary">
<msg time="2026-02-23T11:56:36.574281" level="INFO">Verifying list 'css=select.orderby' has option [ Default sorting ] selected.</msg>
<msg time="2026-02-23T11:56:36.609506" level="INFO">Current page contains list 'css=select.orderby'.</msg>
<arg>css=select.orderby</arg>
<arg>Default sorting</arg>
<doc>Verifies selection list ``locator`` has ``expected`` options selected.</doc>
<status status="PASS" start="2026-02-23T11:56:36.573931" elapsed="0.187206"/>
</kw>
<status status="PASS" start="2026-02-23T11:56:34.402093" elapsed="2.359207"/>
</kw>
<kw name="Validate Products Visible">
<kw name="Element Should Be Visible" owner="SeleniumLibrary">
<msg time="2026-02-23T11:56:36.800780" level="INFO">Element 'css=ul.products li' is displayed.</msg>
<arg>css=ul.products li</arg>
<doc>Verifies that the element identified by ``locator`` is visible.</doc>
<status status="PASS" start="2026-02-23T11:56:36.762199" elapsed="0.038662"/>
</kw>
<kw name="Get Element Count" owner="SeleniumLibrary">
<msg time="2026-02-23T11:56:36.815068" level="INFO">${count} = 8</msg>
<var>${count}</var>
<arg>css=ul.products li</arg>
<doc>Returns the number of elements matching ``locator``.</doc>
<status status="PASS" start="2026-02-23T11:56:36.801143" elapsed="0.013997"/>
</kw>
<kw name="Should Be True" owner="BuiltIn">
<arg>${count} &gt; 0</arg>
<doc>Fails if the given condition is not true.</doc>
<status status="PASS" start="2026-02-23T11:56:36.815417" elapsed="0.000480"/>
</kw>
<status status="PASS" start="2026-02-23T11:56:36.761827" elapsed="0.054282"/>
</kw>
<kw name="Run Keyword If Test Failed" owner="BuiltIn" type="TEARDOWN">
<arg>Capture Failed Screenshot</arg>
<doc>Runs the given keyword with the given arguments, if the test failed.</doc>
<status status="PASS" start="2026-02-23T11:56:36.816804" elapsed="0.000187"/>
</kw>
<status status="PASS" start="2026-02-23T11:56:19.864658" elapsed="16.952981"/>
</test>
<test id="s1-s4-t2" name="Sort By Price Low To High Validation" line="68">
<kw name="Go To Shop Page" type="SETUP">
<kw name="Go To" owner="SeleniumLibrary">
<msg time="2026-02-23T11:56:36.820955" level="INFO">Opening url 'https://practice.automationtesting.in/shop/'</msg>
<arg>https://practice.automationtesting.in/shop/</arg>
<doc>Navigates the current browser window to the provided ``url``.</doc>
<status status="PASS" start="2026-02-23T11:56:36.820839" elapsed="8.747796"/>
</kw>
<kw name="Wait Until Page Contains Element" owner="SeleniumLibrary">
<arg>id=content</arg>
<doc>Waits until the element ``locator`` appears on the current page.</doc>
<status status="PASS" start="2026-02-23T11:56:45.568901" elapsed="0.007354"/>
</kw>
<status status="PASS" start="2026-02-23T11:56:36.820537" elapsed="8.755826"/>
</kw>
<kw name="Select Sort By Price Low To High">
<kw name="Select From List By Value" owner="SeleniumLibrary">
<msg time="2026-02-23T11:56:45.577197" level="INFO">Selecting options from selection list 'css=select.orderby' by value price.</msg>
<arg>css=select.orderby</arg>
<arg>price</arg>
<doc>Selects options from selection list ``locator`` by ``values``.</doc>
<status status="PASS" start="2026-02-23T11:56:45.576979" elapsed="10.542923"/>
</kw>
<kw name="Sleep" owner="BuiltIn">
<msg time="2026-02-23T11:56:58.120555" level="INFO">Slept 2 seconds.</msg>
<arg>2s</arg>
<doc>Pauses the test executed for the given time.</doc>
<status status="PASS" start="2026-02-23T11:56:56.120247" elapsed="2.000491"/>
</kw>
<kw name="List Selection Should Be" owner="SeleniumLibrary">
<msg time="2026-02-23T11:56:58.121113" level="INFO">Verifying list 'css=select.orderby' has option [ Sort by price: low to high ] selected.</msg>
<msg time="2026-02-23T11:56:58.141286" level="INFO">Current page contains list 'css=select.orderby'.</msg>
<arg>css=select.orderby</arg>
<arg>Sort by price: low to high</arg>
<doc>Verifies selection list ``locator`` has ``expected`` options selected.</doc>
<status status="PASS" start="2026-02-23T11:56:58.120969" elapsed="0.089920"/>
</kw>
<status status="PASS" start="2026-02-23T11:56:45.576715" elapsed="12.634274"/>
</kw>
<kw name="Validate Products Visible">
<kw name="Element Should Be Visible" owner="SeleniumLibrary">
<msg time="2026-02-23T11:56:58.223643" level="INFO">Element 'css=ul.products li' is displayed.</msg>
<arg>css=ul.products li</arg>
<doc>Verifies that the element identified by ``locator`` is visible.</doc>
<status status="PASS" start="2026-02-23T11:56:58.211624" elapsed="0.012109"/>
</kw>
<kw name="Get Element Count" owner="SeleniumLibrary">
<msg time="2026-02-23T11:56:58.229791" level="INFO">${count} = 8</msg>
<var>${count}</var>
<arg>css=ul.products li</arg>
<doc>Returns the number of elements matching ``locator``.</doc>
<status status="PASS" start="2026-02-23T11:56:58.223936" elapsed="0.005899"/>
</kw>
<kw name="Should Be True" owner="BuiltIn">
<arg>${count} &gt; 0</arg>
<doc>Fails if the given condition is not true.</doc>
<status status="PASS" start="2026-02-23T11:56:58.230003" elapsed="0.000225"/>
</kw>
<status status="PASS" start="2026-02-23T11:56:58.211386" elapsed="0.018915"/>
</kw>
<kw name="Run Keyword If Test Failed" owner="BuiltIn" type="TEARDOWN">
<arg>Capture Failed Screenshot</arg>
<doc>Runs the given keyword with the given arguments, if the test failed.</doc>
<status status="PASS" start="2026-02-23T11:56:58.230758" elapsed="0.000091"/>
</kw>
<status status="PASS" start="2026-02-23T11:56:36.819551" elapsed="21.411478"/>
</test>
<test id="s1-s4-t3" name="Filter By Price Validation" line="73">
<kw name="Go To Shop Page" type="SETUP">
<kw name="Go To" owner="SeleniumLibrary">
<msg time="2026-02-23T11:56:58.231888" level="INFO">Opening url 'https://practice.automationtesting.in/shop/'</msg>
<arg>https://practice.automationtesting.in/shop/</arg>
<doc>Navigates the current browser window to the provided ``url``.</doc>
<status status="PASS" start="2026-02-23T11:56:58.231817" elapsed="8.785858"/>
</kw>
<kw name="Wait Until Page Contains Element" owner="SeleniumLibrary">
<arg>id=content</arg>
<doc>Waits until the element ``locator`` appears on the current page.</doc>
<status status="PASS" start="2026-02-23T11:57:07.017906" elapsed="0.009765"/>
</kw>
<status status="PASS" start="2026-02-23T11:56:58.231667" elapsed="8.796167"/>
</kw>
<kw name="Get Price Range Text">
<kw name="Get Text" owner="SeleniumLibrary">
<msg time="2026-02-23T11:57:07.048907" level="INFO">${text} = Price: ₹150 — ₹500</msg>
<var>${text}</var>
<arg>css=.price_label</arg>
<doc>Returns the text value of the element identified by ``locator``.</doc>
<status status="PASS" start="2026-02-23T11:57:07.028748" elapsed="0.020204"/>
</kw>
<kw name="Should Not Be Empty" owner="BuiltIn">
<msg time="2026-02-23T11:57:07.049222" level="INFO">Length is 18.</msg>
<arg>${text}</arg>
<doc>Verifies that the given item is not empty.</doc>
<status status="PASS" start="2026-02-23T11:57:07.049093" elapsed="0.000163"/>
</kw>
<return>
<value>${text}</value>
<status status="PASS" start="2026-02-23T11:57:07.049308" elapsed="0.000061"/>
</return>
<msg time="2026-02-23T11:57:07.049494" level="INFO">${before} = Price: ₹150 — ₹500</msg>
<var>${before}</var>
<status status="PASS" start="2026-02-23T11:57:07.028342" elapsed="0.021245"/>
</kw>
<kw name="Move Price Slider And Apply Filter">
<kw name="Execute Javascript" owner="SeleniumLibrary">
<msg time="2026-02-23T11:57:07.050585" level="INFO">Executing JavaScript:
document.querySelector('#min_price').value='150';
Without any arguments.</msg>
<arg>document.querySelector('#min_price').value='150';</arg>
<doc>Executes the given JavaScript code with possible arguments.</doc>
<status status="PASS" start="2026-02-23T11:57:07.050290" elapsed="0.004541"/>
</kw>
<kw name="Execute Javascript" owner="SeleniumLibrary">
<msg time="2026-02-23T11:57:07.055283" level="INFO">Executing JavaScript:
document.querySelector('#max_price').value='300';
Without any arguments.</msg>
<arg>document.querySelector('#max_price').value='300';</arg>
<doc>Executes the given JavaScript code with possible arguments.</doc>
<status status="PASS" start="2026-02-23T11:57:07.054977" elapsed="0.004023"/>
</kw>
<kw name="Execute Javascript" owner="SeleniumLibrary">
<msg time="2026-02-23T11:57:07.059516" level="INFO">Executing JavaScript:
jQuery('body').trigger('price_slider_change');
Without any arguments.</msg>
<arg>jQuery('body').trigger('price_slider_change');</arg>
<doc>Executes the given JavaScript code with possible arguments.</doc>
<status status="PASS" start="2026-02-23T11:57:07.059170" elapsed="0.005173"/>
</kw>
<kw name="Click Button" owner="SeleniumLibrary">
<msg time="2026-02-23T11:57:07.064723" level="INFO">Clicking button 'css=.price_slider_amount button'.</msg>
<arg>css=.price_slider_amount button</arg>
<doc>Clicks the button identified by ``locator``.</doc>
<status status="PASS" start="2026-02-23T11:57:07.064540" elapsed="10.674651"/>
</kw>
<kw name="Wait Until Page Contains Element" owner="SeleniumLibrary">
<arg>css=ul.products</arg>
<doc>Waits until the element ``locator`` appears on the current page.</doc>
<status status="PASS" start="2026-02-23T11:57:17.739441" elapsed="0.011386"/>
</kw>
<status status="PASS" start="2026-02-23T11:57:07.050071" elapsed="10.700939"/>
</kw>
<kw name="Get Price Range Text">
<kw name="Get Text" owner="SeleniumLibrary">
<msg time="2026-02-23T11:57:17.767354" level="INFO">${text} = Price: ₹150 — ₹300</msg>
<var>${text}</var>
<arg>css=.price_label</arg>
<doc>Returns the text value of the element identified by ``locator``.</doc>
<status status="PASS" start="2026-02-23T11:57:17.751845" elapsed="0.015554"/>
</kw>
<kw name="Should Not Be Empty" owner="BuiltIn">
<msg time="2026-02-23T11:57:17.767721" level="INFO">Length is 18.</msg>
<arg>${text}</arg>
<doc>Verifies that the given item is not empty.</doc>
<status status="PASS" start="2026-02-23T11:57:17.767563" elapsed="0.000198"/>
</kw>
<return>
<value>${text}</value>
<status status="PASS" start="2026-02-23T11:57:17.767821" elapsed="0.000052"/>
</return>
<msg time="2026-02-23T11:57:17.768018" level="INFO">${after} = Price: ₹150 — ₹300</msg>
<var>${after}</var>
<status status="PASS" start="2026-02-23T11:57:17.751410" elapsed="0.016631"/>
</kw>
<kw name="Should Not Be Equal" owner="BuiltIn">
<arg>${before}</arg>
<arg>${after}</arg>
<doc>Fails if the given objects are equal.</doc>
<status status="PASS" start="2026-02-23T11:57:17.768543" elapsed="0.000215"/>
</kw>
<kw name="Element Should Contain" owner="SeleniumLibrary">
<msg time="2026-02-23T11:57:17.785764" level="INFO">Element 'css=.price_label' contains text '₹'.</msg>
<arg>css=.price_label</arg>
<arg>₹</arg>
<doc>Verifies that element ``locator`` contains text ``expected``.</doc>
<status status="PASS" start="2026-02-23T11:57:17.769079" elapsed="0.016816"/>
</kw>
<kw name="Validate Products Visible">
<kw name="Element Should Be Visible" owner="SeleniumLibrary">
<msg time="2026-02-23T11:57:17.802274" level="INFO">Element 'css=ul.products li' is displayed.</msg>
<arg>css=ul.products li</arg>
<doc>Verifies that the element identified by ``locator`` is visible.</doc>
<status status="PASS" start="2026-02-23T11:57:17.786725" elapsed="0.015666"/>
</kw>
<kw name="Get Element Count" owner="SeleniumLibrary">
<msg time="2026-02-23T11:57:17.810040" level="INFO">${count} = 4</msg>
<var>${count}</var>
<arg>css=ul.products li</arg>
<doc>Returns the number of elements matching ``locator``.</doc>
<status status="PASS" start="2026-02-23T11:57:17.802633" elapsed="0.007451"/>
</kw>
<kw name="Should Be True" owner="BuiltIn">
<arg>${count} &gt; 0</arg>
<doc>Fails if the given condition is not true.</doc>
<status status="PASS" start="2026-02-23T11:57:17.810257" elapsed="0.000220"/>
</kw>
<status status="PASS" start="2026-02-23T11:57:17.786489" elapsed="0.024057"/>
</kw>
<kw name="Run Keyword If Test Failed" owner="BuiltIn" type="TEARDOWN">
<arg>Capture Failed Screenshot</arg>
<doc>Runs the given keyword with the given arguments, if the test failed.</doc>
<status status="PASS" start="2026-02-23T11:57:17.811001" elapsed="0.000117"/>
</kw>
<status status="PASS" start="2026-02-23T11:56:58.231421" elapsed="19.579906"/>
</test>
<test id="s1-s4-t4" name="Price Change Filter Validation" line="87">
<kw name="Go To Shop Page" type="SETUP">
<kw name="Go To" owner="SeleniumLibrary">
<msg time="2026-02-23T11:57:17.870460" level="INFO">Opening url 'https://practice.automationtesting.in/shop/'</msg>
<arg>https://practice.automationtesting.in/shop/</arg>
<doc>Navigates the current browser window to the provided ``url``.</doc>
<status status="PASS" start="2026-02-23T11:57:17.870324" elapsed="21.342452"/>
</kw>
<kw name="Wait Until Page Contains Element" owner="SeleniumLibrary">
<arg>id=content</arg>
<doc>Waits until the element ``locator`` appears on the current page.</doc>
<status status="PASS" start="2026-02-23T11:57:39.213003" elapsed="0.008656"/>
</kw>
<status status="PASS" start="2026-02-23T11:57:17.869832" elapsed="21.351948"/>
</kw>
<kw name="Get Price Range Text">
<kw name="Get Text" owner="SeleniumLibrary">
<msg time="2026-02-23T11:57:39.236236" level="INFO">${text} = Price: ₹150 — ₹500</msg>
<var>${text}</var>
<arg>css=.price_label</arg>
<doc>Returns the text value of the element identified by ``locator``.</doc>
<status status="PASS" start="2026-02-23T11:57:39.222537" elapsed="0.013768"/>
</kw>
<kw name="Should Not Be Empty" owner="BuiltIn">
<msg time="2026-02-23T11:57:39.236776" level="INFO">Length is 18.</msg>
<arg>${text}</arg>
<doc>Verifies that the given item is not empty.</doc>
<status status="PASS" start="2026-02-23T11:57:39.236545" elapsed="0.000297"/>
</kw>
<return>
<value>${text}</value>
<status status="PASS" start="2026-02-23T11:57:39.236928" elapsed="0.000063"/>
</return>
<msg time="2026-02-23T11:57:39.237162" level="INFO">${initial} = Price: ₹150 — ₹500</msg>
<var>${initial}</var>
<status status="PASS" start="2026-02-23T11:57:39.222288" elapsed="0.014908"/>
</kw>
<kw name="Move Price Slider And Apply Filter">
<kw name="Execute Javascript" owner="SeleniumLibrary">
<msg time="2026-02-23T11:57:39.238181" level="INFO">Executing JavaScript:
document.querySelector('#min_price').value='150';
Without any arguments.</msg>
<arg>document.querySelector('#min_price').value='150';</arg>
<doc>Executes the given JavaScript code with possible arguments.</doc>
<status status="PASS" start="2026-02-23T11:57:39.237883" elapsed="0.004148"/>
</kw>
<kw name="Execute Javascript" owner="SeleniumLibrary">
<msg time="2026-02-23T11:57:39.242543" level="INFO">Executing JavaScript:
document.querySelector('#max_price').value='300';
Without any arguments.</msg>
<arg>document.querySelector('#max_price').value='300';</arg>
<doc>Executes the given JavaScript code with possible arguments.</doc>
<status status="PASS" start="2026-02-23T11:57:39.242195" elapsed="0.003841"/>
</kw>
<kw name="Execute Javascript" owner="SeleniumLibrary">
<msg time="2026-02-23T11:57:39.246552" level="INFO">Executing JavaScript:
jQuery('body').trigger('price_slider_change');
Without any arguments.</msg>
<arg>jQuery('body').trigger('price_slider_change');</arg>
<doc>Executes the given JavaScript code with possible arguments.</doc>
<status status="PASS" start="2026-02-23T11:57:39.246216" elapsed="0.004762"/>
</kw>
<kw name="Click Button" owner="SeleniumLibrary">
<msg time="2026-02-23T11:57:39.251452" level="INFO">Clicking button 'css=.price_slider_amount button'.</msg>
<arg>css=.price_slider_amount button</arg>
<doc>Clicks the button identified by ``locator``.</doc>
<status status="PASS" start="2026-02-23T11:57:39.251259" elapsed="0.201847"/>
</kw>
<kw name="Wait Until Page Contains Element" owner="SeleniumLibrary">
<arg>css=ul.products</arg>
<doc>Waits until the element ``locator`` appears on the current page.</doc>
<status status="PASS" start="2026-02-23T11:57:39.453475" elapsed="0.426141"/>
</kw>
<status status="PASS" start="2026-02-23T11:57:39.237668" elapsed="0.642191"/>
</kw>
<kw name="Get Price Range Text">
<kw name="Get Text" owner="SeleniumLibrary">
<msg time="2026-02-23T11:57:41.175438" level="INFO">${text} = Price: ₹150 — ₹300</msg>
<var>${text}</var>
<arg>css=.price_label</arg>
<doc>Returns the text value of the element identified by ``locator``.</doc>
<status status="PASS" start="2026-02-23T11:57:39.880958" elapsed="1.294531"/>
</kw>
<kw name="Should Not Be Empty" owner="BuiltIn">
<msg time="2026-02-23T11:57:41.175768" level="INFO">Length is 18.</msg>
<arg>${text}</arg>
<doc>Verifies that the given item is not empty.</doc>
<status status="PASS" start="2026-02-23T11:57:41.175641" elapsed="0.000175"/>
</kw>
<return>
<value>${text}</value>
<status status="PASS" start="2026-02-23T11:57:41.175887" elapsed="0.000042"/>
</return>
<msg time="2026-02-23T11:57:41.176029" level="INFO">${changed} = Price: ₹150 — ₹300</msg>
<var>${changed}</var>
<status status="PASS" start="2026-02-23T11:57:39.880652" elapsed="1.295395"/>
</kw>
<kw name="Log" owner="BuiltIn">
<msg time="2026-02-23T11:57:41.176466" level="INFO">Initial Price Range: Price: ₹150 — ₹500</msg>
<arg>Initial Price Range: ${initial}</arg>
<doc>Logs the given message with the given level.</doc>
<status status="PASS" start="2026-02-23T11:57:41.176342" elapsed="0.000156"/>
</kw>
<kw name="Log" owner="BuiltIn">
<msg time="2026-02-23T11:57:41.176962" level="INFO">Changed Price Range: Price: ₹150 — ₹300</msg>
<arg>Changed Price Range: ${changed}</arg>
<doc>Logs the given message with the given level.</doc>
<status status="PASS" start="2026-02-23T11:57:41.176767" elapsed="0.000240"/>
</kw>
<kw name="Should Not Be Equal" owner="BuiltIn">
<arg>${initial}</arg>
<arg>${changed}</arg>
<doc>Fails if the given objects are equal.</doc>
<status status="PASS" start="2026-02-23T11:57:41.177322" elapsed="0.000183"/>
</kw>
<kw name="Element Should Be Visible" owner="SeleniumLibrary">
<msg time="2026-02-23T11:57:41.192140" level="INFO">Element 'css=.price_label' is displayed.</msg>
<arg>css=.price_label</arg>
<doc>Verifies that the element identified by ``locator`` is visible.</doc>
<status status="PASS" start="2026-02-23T11:57:41.177766" elapsed="0.014523"/>
</kw>
<kw name="Validate Products Visible">
<kw name="Element Should Be Visible" owner="SeleniumLibrary">
<msg time="2026-02-23T11:57:41.206190" level="INFO">Element 'css=ul.products li' is displayed.</msg>
<arg>css=ul.products li</arg>
<doc>Verifies that the element identified by ``locator`` is visible.</doc>
<status status="PASS" start="2026-02-23T11:57:41.193019" elapsed="0.013250"/>
</kw>
<kw name="Get Element Count" owner="SeleniumLibrary">
<msg time="2026-02-23T11:57:41.214115" level="INFO">${count} = 4</msg>
<var>${count}</var>
<arg>css=ul.products li</arg>
<doc>Returns the number of elements matching ``locator``.</doc>
<status status="PASS" start="2026-02-23T11:57:41.206421" elapsed="0.007745"/>
</kw>
<kw name="Should Be True" owner="BuiltIn">
<arg>${count} &gt; 0</arg>
<doc>Fails if the given condition is not true.</doc>
<status status="PASS" start="2026-02-23T11:57:41.214333" elapsed="0.000197"/>
</kw>
<status status="PASS" start="2026-02-23T11:57:41.192748" elapsed="0.021836"/>
</kw>
<kw name="Run Keyword If Test Failed" owner="BuiltIn" type="TEARDOWN">
<arg>Capture Failed Screenshot</arg>
<doc>Runs the given keyword with the given arguments, if the test failed.</doc>
<status status="PASS" start="2026-02-23T11:57:41.215079" elapsed="0.000091"/>
</kw>
<status status="PASS" start="2026-02-23T11:57:17.812581" elapsed="23.402745"/>
</test>
<kw name="Close Browser" owner="SeleniumLibrary" type="TEARDOWN">
<doc>Closes the current browser.</doc>
<status status="PASS" start="2026-02-23T11:57:41.215896" elapsed="2.323039"/>
</kw>
<status status="PASS" start="2026-02-23T11:56:05.652892" elapsed="97.886295"/>
</suite>
<suite id="s1-s5" name="04 Cart Validation" source="C:\Users\HP\PyCharmMiscProject\Capstone_Project\robot-framework\tests\04_cart_validation.robot">
<kw name="Open Application" owner="common" type="SETUP">
<kw name="Open Browser" owner="SeleniumLibrary">
<msg time="2026-02-23T11:57:43.561712" level="INFO">Opening browser 'edge' to base url 'https://practice.automationtesting.in/'.</msg>
<arg>${URL}</arg>
<arg>${browser}</arg>
<doc>Opens a new browser instance to the optional ``url``.</doc>
<status status="PASS" start="2026-02-23T11:57:43.561404" elapsed="14.631618"/>
</kw>
<kw name="Maximize Browser Window" owner="SeleniumLibrary">
<doc>Maximizes current browser window.</doc>
<status status="PASS" start="2026-02-23T11:57:58.193189" elapsed="0.057279"/>
</kw>
<kw name="Set Selenium Timeout" owner="SeleniumLibrary">
<arg>${TIMEOUT}</arg>
<doc>Sets the timeout that is used by various keywords.</doc>
<status status="PASS" start="2026-02-23T11:57:58.250738" elapsed="0.001369"/>
</kw>
<status status="PASS" start="2026-02-23T11:57:43.560937" elapsed="14.691281"/>
</kw>
<test id="s1-s5-t1" name="Add Multiple Products In Cart" line="70">
<kw name="Go To Shop Page" type="SETUP">
<kw name="Go To" owner="SeleniumLibrary">
<msg time="2026-02-23T11:57:58.253655" level="INFO">Opening url 'https://practice.automationtesting.in/shop/'</msg>
<arg>https://practice.automationtesting.in/shop/</arg>
<doc>Navigates the current browser window to the provided ``url``.</doc>
<status status="PASS" start="2026-02-23T11:57:58.253474" elapsed="2.515523"/>
</kw>
<kw name="Wait Until Page Contains Element" owner="SeleniumLibrary">
<arg>id=content</arg>
<doc>Waits until the element ``locator`` appears on the current page.</doc>
<status status="PASS" start="2026-02-23T11:58:00.769250" elapsed="0.011513"/>
</kw>
<status status="PASS" start="2026-02-23T11:57:58.253062" elapsed="2.527810"/>
</kw>
<kw name="Add First Product By URL">
<kw name="Go To" owner="SeleniumLibrary">
<msg time="2026-02-23T11:58:00.781656" level="INFO">Opening url 'https://practice.automationtesting.in/shop/?add-to-cart=169'</msg>
<arg>https://practice.automationtesting.in/shop/?add-to-cart=169</arg>
<doc>Navigates the current browser window to the provided ``url``.</doc>
<status status="PASS" start="2026-02-23T11:58:00.781553" elapsed="2.605511"/>
</kw>
<kw name="Wait Until Page Contains Element" owner="SeleniumLibrary">
<arg>xpath=//a[contains(text(),'View Basket')]</arg>
<doc>Waits until the element ``locator`` appears on the current page.</doc>
<status status="PASS" start="2026-02-23T11:58:03.388107" elapsed="0.014741"/>
</kw>
<kw name="Page Should Contain" owner="SeleniumLibrary">
<msg time="2026-02-23T11:58:03.417238" level="INFO">Current page contains text 'View Basket'.</msg>
<arg>View Basket</arg>
<doc>Verifies that current page contains ``text``.</doc>
<status status="PASS" start="2026-02-23T11:58:03.403093" elapsed="0.014248"/>
</kw>
<status status="PASS" start="2026-02-23T11:58:00.781312" elapsed="2.636149"/>
</kw>
<kw name="Add Second Product By URL">
<kw name="Go To" owner="SeleniumLibrary">
<msg time="2026-02-23T11:58:03.418178" level="INFO">Opening url 'https://practice.automationtesting.in/shop/?add-to-cart=181'</msg>
<arg>https://practice.automationtesting.in/shop/?add-to-cart=181</arg>
<doc>Navigates the current browser window to the provided ``url``.</doc>
<status status="PASS" start="2026-02-23T11:58:03.418079" elapsed="2.490743"/>
</kw>
<kw name="Wait Until Page Contains Element" owner="SeleniumLibrary">
<arg>xpath=//a[contains(text(),'View Basket')]</arg>
<doc>Waits until the element ``locator`` appears on the current page.</doc>
<status status="PASS" start="2026-02-23T11:58:05.909091" elapsed="0.019883"/>
</kw>
<kw name="Page Should Contain" owner="SeleniumLibrary">
<msg time="2026-02-23T11:58:05.948022" level="INFO">Current page contains text 'View Basket'.</msg>
<arg>View Basket</arg>
<doc>Verifies that current page contains ``text``.</doc>
<status status="PASS" start="2026-02-23T11:58:05.929152" elapsed="0.019081"/>
</kw>
<status status="PASS" start="2026-02-23T11:58:03.417879" elapsed="2.530611"/>
</kw>
<kw name="Open Cart">
<kw name="Wait Until Element Is Visible" owner="SeleniumLibrary">
<arg>xpath=//a[contains(text(),'View Basket')]</arg>
<doc>Waits until the element ``locator`` is visible.</doc>
<status status="PASS" start="2026-02-23T11:58:05.950190" elapsed="0.062143"/>
</kw>
<kw name="Execute Javascript" owner="SeleniumLibrary">
<msg time="2026-02-23T11:58:06.013582" level="INFO">Executing JavaScript:
document.querySelector('a.wc-forward').click()
Without any arguments.</msg>
<arg>document.querySelector('a.wc-forward').click()</arg>
<doc>Executes the given JavaScript code with possible arguments.</doc>
<status status="PASS" start="2026-02-23T11:58:06.012619" elapsed="1.275316"/>
</kw>
<kw name="Wait Until Page Contains Element" owner="SeleniumLibrary">
<arg>css=table.shop_table</arg>
<doc>Waits until the element ``locator`` appears on the current page.</doc>
<status status="PASS" start="2026-02-23T11:58:07.288899" elapsed="0.029041"/>
</kw>
<kw name="Element Should Be Visible" owner="SeleniumLibrary">
<msg time="2026-02-23T11:58:07.362928" level="INFO">Element 'css=table.shop_table' is displayed.</msg>
<arg>css=table.shop_table</arg>
<doc>Verifies that the element identified by ``locator`` is visible.</doc>
<status status="PASS" start="2026-02-23T11:58:07.318448" elapsed="0.044583"/>
</kw>
<status status="PASS" start="2026-02-23T11:58:05.949549" elapsed="1.413604"/>
</kw>
<kw name="Get Element Count" owner="SeleniumLibrary">
<msg time="2026-02-23T11:58:07.382467" level="INFO">${count} = 6</msg>
<var>${count}</var>
<arg>css=table.shop_table tbody tr</arg>
<doc>Returns the number of elements matching ``locator``.</doc>
<status status="PASS" start="2026-02-23T11:58:07.363828" elapsed="0.018730"/>
</kw>
<kw name="Should Be True" owner="BuiltIn">
<arg>${count} &gt;= 2</arg>
<doc>Fails if the given condition is not true.</doc>
<status status="PASS" start="2026-02-23T11:58:07.383405" elapsed="0.000735"/>
</kw>
<kw name="Element Should Be Visible" owner="SeleniumLibrary">
<msg time="2026-02-23T11:58:07.706930" level="INFO">Element 'css=.cart_totals' is displayed.</msg>
<arg>css=.cart_totals</arg>
<doc>Verifies that the element identified by ``locator`` is visible.</doc>
<status status="PASS" start="2026-02-23T11:58:07.384989" elapsed="0.322074"/>
</kw>
<kw name="Run Keyword If Test Failed" owner="BuiltIn" type="TEARDOWN">
<arg>Capture Failed Screenshot</arg>
<doc>Runs the given keyword with the given arguments, if the test failed.</doc>
<status status="PASS" start="2026-02-23T11:58:07.707697" elapsed="0.000162"/>
</kw>
<status status="PASS" start="2026-02-23T11:57:58.252322" elapsed="9.455792"/>
</test>
<test id="s1-s5-t2" name="Remove One Product From Cart" line="82">
<kw name="Go To Shop Page" type="SETUP">
<kw name="Go To" owner="SeleniumLibrary">
<msg time="2026-02-23T11:58:07.709707" level="INFO">Opening url 'https://practice.automationtesting.in/shop/'</msg>
<arg>https://practice.automationtesting.in/shop/</arg>
<doc>Navigates the current browser window to the provided ``url``.</doc>
<status status="PASS" start="2026-02-23T11:58:07.709565" elapsed="2.979893"/>
</kw>
<kw name="Wait Until Page Contains Element" owner="SeleniumLibrary">
<arg>id=content</arg>
<doc>Waits until the element ``locator`` appears on the current page.</doc>
<status status="PASS" start="2026-02-23T11:58:10.689893" elapsed="0.073930"/>
</kw>
<status status="PASS" start="2026-02-23T11:58:07.709248" elapsed="3.054872"/>
</kw>
<kw name="Add First Product By URL">
<kw name="Go To" owner="SeleniumLibrary">
<msg time="2026-02-23T11:58:10.765387" level="INFO">Opening url 'https://practice.automationtesting.in/shop/?add-to-cart=169'</msg>
<arg>https://practice.automationtesting.in/shop/?add-to-cart=169</arg>
<doc>Navigates the current browser window to the provided ``url``.</doc>
<status status="PASS" start="2026-02-23T11:58:10.765224" elapsed="4.477212"/>
</kw>
<kw name="Wait Until Page Contains Element" owner="SeleniumLibrary">
<arg>xpath=//a[contains(text(),'View Basket')]</arg>
<doc>Waits until the element ``locator`` appears on the current page.</doc>
<status status="PASS" start="2026-02-23T11:58:15.242852" elapsed="0.046893"/>
</kw>
<kw name="Page Should Contain" owner="SeleniumLibrary">
<msg time="2026-02-23T11:58:15.309889" level="INFO">Current page contains text 'View Basket'.</msg>
<arg>View Basket</arg>
<doc>Verifies that current page contains ``text``.</doc>
<status status="PASS" start="2026-02-23T11:58:15.290158" elapsed="0.019920"/>
</kw>
<status status="PASS" start="2026-02-23T11:58:10.764847" elapsed="4.545435"/>
</kw>
<kw name="Add Second Product By URL">
<kw name="Go To" owner="SeleniumLibrary">
<msg time="2026-02-23T11:58:15.311891" level="INFO">Opening url 'https://practice.automationtesting.in/shop/?add-to-cart=181'</msg>
<arg>https://practice.automationtesting.in/shop/?add-to-cart=181</arg>
<doc>Navigates the current browser window to the provided ``url``.</doc>
<status status="PASS" start="2026-02-23T11:58:15.311657" elapsed="4.481219"/>
</kw>
<kw name="Wait Until Page Contains Element" owner="SeleniumLibrary">
<arg>xpath=//a[contains(text(),'View Basket')]</arg>
<doc>Waits until the element ``locator`` appears on the current page.</doc>
<status status="PASS" start="2026-02-23T11:58:19.793150" elapsed="0.011609"/>
</kw>
<kw name="Page Should Contain" owner="SeleniumLibrary">
<msg time="2026-02-23T11:58:19.836237" level="INFO">Current page contains text 'View Basket'.</msg>
<arg>View Basket</arg>
<doc>Verifies that current page contains ``text``.</doc>
<status status="PASS" start="2026-02-23T11:58:19.805034" elapsed="0.031318"/>
</kw>
<status status="PASS" start="2026-02-23T11:58:15.311123" elapsed="4.525370"/>
</kw>
<kw name="Open Cart">
<kw name="Wait Until Element Is Visible" owner="SeleniumLibrary">
<arg>xpath=//a[contains(text(),'View Basket')]</arg>
<doc>Waits until the element ``locator`` is visible.</doc>
<status status="PASS" start="2026-02-23T11:58:19.837324" elapsed="0.015540"/>
</kw>
<kw name="Execute Javascript" owner="SeleniumLibrary">
<msg time="2026-02-23T11:58:19.853679" level="INFO">Executing JavaScript:
document.querySelector('a.wc-forward').click()
Without any arguments.</msg>
<arg>document.querySelector('a.wc-forward').click()</arg>
<doc>Executes the given JavaScript code with possible arguments.</doc>
<status status="PASS" start="2026-02-23T11:58:19.853139" elapsed="4.274141"/>
</kw>
<kw name="Wait Until Page Contains Element" owner="SeleniumLibrary">
<arg>css=table.shop_table</arg>
<doc>Waits until the element ``locator`` appears on the current page.</doc>
<status status="PASS" start="2026-02-23T11:58:24.127502" elapsed="0.063464"/>
</kw>
<kw name="Element Should Be Visible" owner="SeleniumLibrary">
<msg time="2026-02-23T11:58:24.261528" level="INFO">Element 'css=table.shop_table' is displayed.</msg>
<arg>css=table.shop_table</arg>
[...]
</kw>
<msg time="2026-02-23T12:03:13.660703" level="INFO">${logout} = False</msg>
<var>${logout}</var>
<arg>Page Should Contain</arg>
<arg>Logout</arg>
<doc>Runs the given keyword with given arguments and returns the status as a Boolean value.</doc>
<status status="PASS" start="2026-02-23T12:03:13.014901" elapsed="0.645837"/>
</kw>
<kw name="Run Keyword And Return Status" owner="BuiltIn">
<kw name="Page Should Contain" owner="SeleniumLibrary">
<msg time="2026-02-23T12:03:13.673989" level="INFO">Current page contains text 'already registered'.</msg>
<arg>already registered</arg>
<doc>Verifies that current page contains ``text``.</doc>
<status status="PASS" start="2026-02-23T12:03:13.661149" elapsed="0.012943"/>
</kw>
<msg time="2026-02-23T12:03:13.674233" level="INFO">${exists} = True</msg>
<var>${exists}</var>
<arg>Page Should Contain</arg>
<arg>already registered</arg>
<doc>Runs the given keyword with given arguments and returns the status as a Boolean value.</doc>
<status status="PASS" start="2026-02-23T12:03:13.660924" elapsed="0.013332"/>
</kw>
<if>
<branch type="IF" condition="${logout}">
<kw name="Log" owner="BuiltIn">
<arg>New user registered</arg>
<doc>Logs the given message with the given level.</doc>
<status status="NOT RUN" start="2026-02-23T12:03:13.674549" elapsed="0.000037"/>
</kw>
<kw name="Logout User" owner="login_keywords">
<status status="NOT RUN" start="2026-02-23T12:03:13.674737" elapsed="0.000029"/>
</kw>
<kw name="Wait Until Element Is Visible" owner="SeleniumLibrary">
<arg>id=username</arg>
<doc>Waits until the element ``locator`` is visible.</doc>
<status status="NOT RUN" start="2026-02-23T12:03:13.674862" elapsed="0.000022"/>
</kw>
<status status="NOT RUN" start="2026-02-23T12:03:13.674358" elapsed="0.000561"/>
</branch>
<branch type="ELSE IF" condition="${exists}">
<kw name="Fail" owner="BuiltIn">
<msg time="2026-02-23T12:03:13.675344" level="FAIL">User already registered — registration must be new</msg>
<arg>User already registered — registration must be new</arg>
<doc>Fails the test with the given message and optionally alters its tags.</doc>
<status status="FAIL" start="2026-02-23T12:03:13.675103" elapsed="0.000326">User already registered — registration must be new</status>
</kw>
<status status="FAIL" start="2026-02-23T12:03:13.674961" elapsed="0.000557">User already registered — registration must be new</status>
</branch>
<branch type="ELSE">
<kw name="Fail" owner="BuiltIn">
<arg>Registration result not detected</arg>
<doc>Fails the test with the given message and optionally alters its tags.</doc>
<status status="NOT RUN" start="2026-02-23T12:03:13.675714" elapsed="0.000045"/>
</kw>
<status status="NOT RUN" start="2026-02-23T12:03:13.675570" elapsed="0.000254"/>
</branch>
<status status="FAIL" start="2026-02-23T12:03:13.674335" elapsed="0.001547">User already registered — registration must be new</status>
</if>
<status status="FAIL" start="2026-02-23T12:03:13.014292" elapsed="0.661720">User already registered — registration must be new</status>
</kw>
<kw name="Check Registration Result">
<kw name="Run Keyword And Return Status" owner="BuiltIn">
<kw name="Page Should Contain" owner="SeleniumLibrary">
<msg time="2026-02-23T12:03:16.153393" level="INFO" html="true">&lt;/td&gt;&lt;/tr&gt;&lt;tr&gt;&lt;td colspan="3"&gt;&lt;a href="selenium-screenshot-69.png"&gt;&lt;img src="selenium-screenshot-69.png" width="800px"&gt;&lt;/a&gt;</msg>
<msg time="2026-02-23T12:03:16.153602" level="FAIL">Page should have contained text 'Logout' but did not.</msg>
<arg>Logout</arg>
<doc>Verifies that current page contains ``text``.</doc>
<status status="FAIL" start="2026-02-23T12:03:15.677705" elapsed="0.476684">Page should have contained text 'Logout' but did not.</status>
</kw>
<msg time="2026-02-23T12:03:16.154541" level="INFO">${logout} = False</msg>
<var>${logout}</var>
<arg>Page Should Contain</arg>
<arg>Logout</arg>
<doc>Runs the given keyword with given arguments and returns the status as a Boolean value.</doc>
<status status="PASS" start="2026-02-23T12:03:15.677403" elapsed="0.477161"/>
</kw>
<kw name="Run Keyword And Return Status" owner="BuiltIn">
<kw name="Page Should Contain" owner="SeleniumLibrary">
<msg time="2026-02-23T12:03:16.169476" level="INFO">Current page contains text 'already registered'.</msg>
<arg>already registered</arg>
<doc>Verifies that current page contains ``text``.</doc>
<status status="PASS" start="2026-02-23T12:03:16.154832" elapsed="0.014778"/>
</kw>
<msg time="2026-02-23T12:03:16.169806" level="INFO">${exists} = True</msg>
<var>${exists}</var>
<arg>Page Should Contain</arg>
<arg>already registered</arg>
<doc>Runs the given keyword with given arguments and returns the status as a Boolean value.</doc>
<status status="PASS" start="2026-02-23T12:03:16.154695" elapsed="0.015156"/>
</kw>
<if>
<branch type="IF" condition="${logout}">
<kw name="Log" owner="BuiltIn">
<arg>New user registered</arg>
<doc>Logs the given message with the given level.</doc>
<status status="NOT RUN" start="2026-02-23T12:03:16.170270" elapsed="0.000045"/>
</kw>
<kw name="Logout User" owner="login_keywords">
<status status="NOT RUN" start="2026-02-23T12:03:16.170517" elapsed="0.000039"/>
</kw>
<kw name="Wait Until Element Is Visible" owner="SeleniumLibrary">
<arg>id=username</arg>
<doc>Waits until the element ``locator`` is visible.</doc>
<status status="NOT RUN" start="2026-02-23T12:03:16.170693" elapsed="0.000028"/>
</kw>
<status status="NOT RUN" start="2026-02-23T12:03:16.170020" elapsed="0.000749"/>
</branch>
<branch type="ELSE IF" condition="${exists}">
<kw name="Fail" owner="BuiltIn">
<msg time="2026-02-23T12:03:16.171338" level="FAIL">User already registered — registration must be new</msg>
<arg>User already registered — registration must be new</arg>
<doc>Fails the test with the given message and optionally alters its tags.</doc>
<status status="FAIL" start="2026-02-23T12:03:16.170972" elapsed="0.000663">User already registered — registration must be new</status>
</kw>
<status status="FAIL" start="2026-02-23T12:03:16.170819" elapsed="0.000996">User already registered — registration must be new</status>
</branch>
<branch type="ELSE">
<kw name="Fail" owner="BuiltIn">
<arg>Registration result not detected</arg>
<doc>Fails the test with the given message and optionally alters its tags.</doc>
<status status="NOT RUN" start="2026-02-23T12:03:16.172100" elapsed="0.000056"/>
</kw>
<status status="NOT RUN" start="2026-02-23T12:03:16.171887" elapsed="0.000328"/>
</branch>
<status status="FAIL" start="2026-02-23T12:03:16.169985" elapsed="0.002286">User already registered — registration must be new</status>
</if>
<status status="FAIL" start="2026-02-23T12:03:15.676830" elapsed="0.495594">User already registered — registration must be new</status>
</kw>
<kw name="Check Registration Result">
<kw name="Run Keyword And Return Status" owner="BuiltIn">
<kw name="Page Should Contain" owner="SeleniumLibrary">
<msg time="2026-02-23T12:03:18.728786" level="INFO" html="true">&lt;/td&gt;&lt;/tr&gt;&lt;tr&gt;&lt;td colspan="3"&gt;&lt;a href="selenium-screenshot-70.png"&gt;&lt;img src="selenium-screenshot-70.png" width="800px"&gt;&lt;/a&gt;</msg>
<msg time="2026-02-23T12:03:18.728975" level="FAIL">Page should have contained text 'Logout' but did not.</msg>
<arg>Logout</arg>
<doc>Verifies that current page contains ``text``.</doc>
<status status="FAIL" start="2026-02-23T12:03:18.173485" elapsed="0.556604">Page should have contained text 'Logout' but did not.</status>
</kw>
<msg time="2026-02-23T12:03:18.730393" level="INFO">${logout} = False</msg>
<var>${logout}</var>
<arg>Page Should Contain</arg>
<arg>Logout</arg>
<doc>Runs the given keyword with given arguments and returns the status as a Boolean value.</doc>
<status status="PASS" start="2026-02-23T12:03:18.173297" elapsed="0.557156"/>
</kw>
<kw name="Run Keyword And Return Status" owner="BuiltIn">
<kw name="Page Should Contain" owner="SeleniumLibrary">
<msg time="2026-02-23T12:03:18.744176" level="INFO">Current page contains text 'already registered'.</msg>
<arg>already registered</arg>
<doc>Verifies that current page contains ``text``.</doc>
<status status="PASS" start="2026-02-23T12:03:18.731113" elapsed="0.013168"/>
</kw>
<msg time="2026-02-23T12:03:18.744424" level="INFO">${exists} = True</msg>
<var>${exists}</var>
<arg>Page Should Contain</arg>
<arg>already registered</arg>
<doc>Runs the given keyword with given arguments and returns the status as a Boolean value.</doc>
<status status="PASS" start="2026-02-23T12:03:18.730765" elapsed="0.013678"/>
</kw>
<if>
<branch type="IF" condition="${logout}">
<kw name="Log" owner="BuiltIn">
<arg>New user registered</arg>
<doc>Logs the given message with the given level.</doc>
<status status="NOT RUN" start="2026-02-23T12:03:18.744669" elapsed="0.000024"/>
</kw>
<kw name="Logout User" owner="login_keywords">
<status status="NOT RUN" start="2026-02-23T12:03:18.744810" elapsed="0.000023"/>
</kw>
<kw name="Wait Until Element Is Visible" owner="SeleniumLibrary">
<arg>id=username</arg>
<doc>Waits until the element ``locator`` is visible.</doc>
<status status="NOT RUN" start="2026-02-23T12:03:18.744952" elapsed="0.000057"/>
</kw>
<status status="NOT RUN" start="2026-02-23T12:03:18.744530" elapsed="0.000621"/>
</branch>
<branch type="ELSE IF" condition="${exists}">
<kw name="Fail" owner="BuiltIn">
<msg time="2026-02-23T12:03:18.745932" level="FAIL">User already registered — registration must be new</msg>
<arg>User already registered — registration must be new</arg>
<doc>Fails the test with the given message and optionally alters its tags.</doc>
<status status="FAIL" start="2026-02-23T12:03:18.745537" elapsed="0.000553">User already registered — registration must be new</status>
</kw>
<status status="FAIL" start="2026-02-23T12:03:18.745270" elapsed="0.000981">User already registered — registration must be new</status>
</branch>
<branch type="ELSE">
<kw name="Fail" owner="BuiltIn">
<arg>Registration result not detected</arg>
<doc>Fails the test with the given message and optionally alters its tags.</doc>
<status status="NOT RUN" start="2026-02-23T12:03:18.746540" elapsed="0.000056"/>
</kw>
<status status="NOT RUN" start="2026-02-23T12:03:18.746346" elapsed="0.000341"/>
</branch>
<status status="FAIL" start="2026-02-23T12:03:18.744511" elapsed="0.002251">User already registered — registration must be new</status>
</if>
<status status="FAIL" start="2026-02-23T12:03:18.172914" elapsed="0.574051">User already registered — registration must be new</status>
</kw>
<kw name="Check Registration Result">
<kw name="Run Keyword And Return Status" owner="BuiltIn">
<kw name="Page Should Contain" owner="SeleniumLibrary">
<msg time="2026-02-23T12:03:21.203994" level="INFO" html="true">&lt;/td&gt;&lt;/tr&gt;&lt;tr&gt;&lt;td colspan="3"&gt;&lt;a href="selenium-screenshot-71.png"&gt;&lt;img src="selenium-screenshot-71.png" width="800px"&gt;&lt;/a&gt;</msg>
<msg time="2026-02-23T12:03:21.204181" level="FAIL">Page should have contained text 'Logout' but did not.</msg>
<arg>Logout</arg>
<doc>Verifies that current page contains ``text``.</doc>
<status status="FAIL" start="2026-02-23T12:03:20.748223" elapsed="0.456679">Page should have contained text 'Logout' but did not.</status>
</kw>
<msg time="2026-02-23T12:03:21.205042" level="INFO">${logout} = False</msg>
<var>${logout}</var>
<arg>Page Should Contain</arg>
<arg>Logout</arg>
<doc>Runs the given keyword with given arguments and returns the status as a Boolean value.</doc>
<status status="PASS" start="2026-02-23T12:03:20.748059" elapsed="0.457006"/>
</kw>
<kw name="Run Keyword And Return Status" owner="BuiltIn">
<kw name="Page Should Contain" owner="SeleniumLibrary">
<msg time="2026-02-23T12:03:21.217900" level="INFO">Current page contains text 'already registered'.</msg>
<arg>already registered</arg>
<doc>Verifies that current page contains ``text``.</doc>
<status status="PASS" start="2026-02-23T12:03:21.205522" elapsed="0.012580"/>
</kw>
<msg time="2026-02-23T12:03:21.218335" level="INFO">${exists} = True</msg>
<var>${exists}</var>
<arg>Page Should Contain</arg>
<arg>already registered</arg>
<doc>Runs the given keyword with given arguments and returns the status as a Boolean value.</doc>
<status status="PASS" start="2026-02-23T12:03:21.205282" elapsed="0.013096"/>
</kw>
<if>
<branch type="IF" condition="${logout}">
<kw name="Log" owner="BuiltIn">
<arg>New user registered</arg>
<doc>Logs the given message with the given level.</doc>
<status status="NOT RUN" start="2026-02-23T12:03:21.218811" elapsed="0.000118"/>
</kw>
<kw name="Logout User" owner="login_keywords">
<status status="NOT RUN" start="2026-02-23T12:03:21.219290" elapsed="0.000092"/>
</kw>
<kw name="Wait Until Element Is Visible" owner="SeleniumLibrary">
<arg>id=username</arg>
<doc>Waits until the element ``locator`` is visible.</doc>
<status status="NOT RUN" start="2026-02-23T12:03:21.219633" elapsed="0.000052"/>
</kw>
<status status="NOT RUN" start="2026-02-23T12:03:21.218537" elapsed="0.001226"/>
</branch>
<branch type="ELSE IF" condition="${exists}">
<kw name="Fail" owner="BuiltIn">
<msg time="2026-02-23T12:03:21.220414" level="FAIL">User already registered — registration must be new</msg>
<arg>User already registered — registration must be new</arg>
<doc>Fails the test with the given message and optionally alters its tags.</doc>
<status status="FAIL" start="2026-02-23T12:03:21.220076" elapsed="0.000498">User already registered — registration must be new</status>
</kw>
<status status="FAIL" start="2026-02-23T12:03:21.219838" elapsed="0.000924">User already registered — registration must be new</status>
</branch>
<branch type="ELSE">
<kw name="Fail" owner="BuiltIn">
<arg>Registration result not detected</arg>
<doc>Fails the test with the given message and optionally alters its tags.</doc>
<status status="NOT RUN" start="2026-02-23T12:03:21.221009" elapsed="0.000018"/>
</kw>
<status status="NOT RUN" start="2026-02-23T12:03:21.220852" elapsed="0.000207"/>
</branch>
<status status="FAIL" start="2026-02-23T12:03:21.218504" elapsed="0.002578">User already registered — registration must be new</status>
</if>
<status status="FAIL" start="2026-02-23T12:03:20.747763" elapsed="0.473400">User already registered — registration must be new</status>
</kw>
<msg time="2026-02-23T12:03:21.221231" level="FAIL">Keyword 'Check Registration Result' failed after retrying for 15 seconds. The last error was: User already registered — registration must be new</msg>
<arg>15s</arg>
<arg>2s</arg>
<arg>Check Registration Result</arg>
<doc>Runs the specified keyword and retries if it fails.</doc>
<status status="FAIL" start="2026-02-23T12:03:05.685949" elapsed="15.535366">Keyword 'Check Registration Result' failed after retrying for 15 seconds. The last error was: User already registered — registration must be new</status>
</kw>
<arg>${EMAIL}</arg>
<arg>${PASSWORD}</arg>
<status status="FAIL" start="2026-02-23T12:03:01.536466" elapsed="19.684934">Keyword 'Check Registration Result' failed after retrying for 15 seconds. The last error was: User already registered — registration must be new</status>
</kw>
<kw name="Login Validation">
<arg>${EMAIL}</arg>
<arg>${PASSWORD}</arg>
<status status="NOT RUN" start="2026-02-23T12:03:21.221544" elapsed="0.000022"/>
</kw>
<kw name="Search Validation">
<status status="NOT RUN" start="2026-02-23T12:03:21.221665" elapsed="0.000023"/>
</kw>
<kw name="Sorting Validation">
<status status="NOT RUN" start="2026-02-23T12:03:21.221789" elapsed="0.000021"/>
</kw>
<kw name="Cart Validation">
<status status="NOT RUN" start="2026-02-23T12:03:21.221900" elapsed="0.000021"/>
</kw>
<kw name="Billing Validation">
<arg>${EMAIL}</arg>
<arg>${FIRSTNAME}</arg>
<arg>${LASTNAME}</arg>
<arg>${PHONE}</arg>
<arg>${CITY}</arg>
<arg>${POSTCODE}</arg>
<status status="NOT RUN" start="2026-02-23T12:03:21.222189" elapsed="0.000046"/>
</kw>
<kw name="Logout Validation">
<status status="NOT RUN" start="2026-02-23T12:03:21.222463" elapsed="0.000099"/>
</kw>
<arg>EMAIL=testuser999@test.com</arg>
<arg>PASSWORD=Harika@2003</arg>
<arg>FIRSTNAME=Mounika</arg>
<arg>LASTNAME=Reddy</arg>
<arg>PHONE=9876543222</arg>
<arg>CITY=Chennai</arg>
<arg>POSTCODE=600001</arg>
<status status="FAIL" start="2026-02-23T12:03:01.535694" elapsed="19.687219">Keyword 'Check Registration Result' failed after retrying for 15 seconds. The last error was: User already registered — registration must be new</status>
</kw>
<kw name="End User Session" type="TEARDOWN">
<kw name="Run Keyword If Test Failed" owner="BuiltIn">
<kw name="Capture Failed Screenshot" owner="common">
<kw name="Replace String" owner="String">
<msg time="2026-02-23T12:03:21.224621" level="INFO">${clean} = User2</msg>
<var>${clean}</var>
<arg>${TEST NAME}</arg>
<arg>${SPACE}</arg>
<arg>_</arg>
<doc>Replaces ``search_for`` in the given ``string`` with ``replace_with``.</doc>
<status status="PASS" start="2026-02-23T12:03:21.224468" elapsed="0.000177"/>
</kw>
<kw name="Set Variable" owner="BuiltIn">
<msg time="2026-02-23T12:03:21.224837" level="INFO">${file} = FAILED_User2.png</msg>
<var>${file}</var>
<arg>FAILED_${clean}.png</arg>
<doc>Returns the given values which can then be assigned to a variables.</doc>
<status status="PASS" start="2026-02-23T12:03:21.224736" elapsed="0.000120"/>
</kw>
<kw name="Capture Page Screenshot" owner="SeleniumLibrary">
<msg time="2026-02-23T12:03:21.361385" level="INFO" html="true">&lt;/td&gt;&lt;/tr&gt;&lt;tr&gt;&lt;td colspan="3"&gt;&lt;a href="FAILED_User2.png"&gt;&lt;img src="FAILED_User2.png" width="800px"&gt;&lt;/a&gt;</msg>
<arg>${file}</arg>
<doc>Takes a screenshot of the current page and embeds it into a log file.</doc>
<status status="PASS" start="2026-02-23T12:03:21.224974" elapsed="0.136625"/>
</kw>
<status status="PASS" start="2026-02-23T12:03:21.224239" elapsed="0.137560"/>
</kw>
<arg>Capture Failed Screenshot</arg>
<doc>Runs the given keyword with the given arguments, if the test failed.</doc>
<status status="PASS" start="2026-02-23T12:03:21.223975" elapsed="0.137920"/>
</kw>
<kw name="Close Application" owner="common">
<kw name="Close All Browsers" owner="SeleniumLibrary">
<doc>Closes all open browsers and resets the browser cache.</doc>
<status status="PASS" start="2026-02-23T12:03:21.362591" elapsed="2.333617"/>
</kw>
<status status="PASS" start="2026-02-23T12:03:21.362140" elapsed="2.334168"/>
</kw>
<status status="PASS" start="2026-02-23T12:03:21.223483" elapsed="2.472867"/>
</kw>
<status status="FAIL" start="2026-02-23T12:02:45.375264" elapsed="38.321377">Keyword 'Check Registration Result' failed after retrying for 15 seconds. The last error was: User already registered — registration must be new</status>
</test>
<status status="FAIL" start="2026-02-23T12:01:22.133751" elapsed="121.563605"/>
</suite>
<status status="FAIL" start="2026-02-23T11:53:41.009437" elapsed="582.688886"/>
</suite>
<statistics>
<total>
<stat pass="19" fail="1" skip="0">All Tests</stat>
</total>
<tag>
</tag>
<suite>
<stat pass="19" fail="1" skip="0" id="s1" name="Tests">Tests</stat>
<stat pass="1" fail="0" skip="0" id="s1-s1" name="00 User Registration">Tests.00 User Registration</stat>
<stat pass="3" fail="0" skip="0" id="s1-s2" name="01 Login Validation">Tests.01 Login Validation</stat>
<stat pass="3" fail="0" skip="0" id="s1-s3" name="02 Search Validation">Tests.02 Search Validation</stat>
<stat pass="4" fail="0" skip="0" id="s1-s4" name="03 Sorting Filter Validation">Tests.03 Sorting Filter Validation</stat>
<stat pass="3" fail="0" skip="0" id="s1-s5" name="04 Cart Validation">Tests.04 Cart Validation</stat>
<stat pass="3" fail="0" skip="0" id="s1-s6" name="05 Billing Validation">Tests.05 Billing Validation</stat>
<stat pass="1" fail="0" skip="0" id="s1-s7" name="06 Logout Validation">Tests.06 Logout Validation</stat>
<stat pass="1" fail="1" skip="0" id="s1-s8" name="End To End">Tests.End To End</stat>
</suite>
</statistics>
<errors>
</errors>
</robot>
